<?xml version="1.0" encoding="UTF-8"?>
<testng-results ignored="95" total="237" passed="118" failed="24" skipped="0">
  <reporter-output>
  </reporter-output>
  <suite started-at="2025-03-27T09:28:53 IST" name="Default suite" finished-at="2025-03-27T09:30:37 IST" duration-ms="104670">
    <groups>
    </groups>
    <test started-at="2025-03-27T09:28:53 IST" name="Default test" finished-at="2025-03-27T09:30:37 IST" duration-ms="104670">
      <class name="admin.AutoBiddingController">
        <test-method is-config="true" signature="beforeSuite()[pri:0, instance:admin.AutoBiddingController@710f4dc7]" started-at="2025-03-27T09:28:51 IST" name="beforeSuite" finished-at="2025-03-27T09:28:53 IST" duration-ms="1247" status="PASS">
          <reporter-output>
          </reporter-output>
        </test-method> <!-- beforeSuite -->
        <test-method signature="Test02PutAutoBidExcel()[pri:0, instance:admin.AutoBiddingController@710f4dc7]" started-at="2025-03-27T09:28:53 IST" name="Test02PutAutoBidExcel" finished-at="2025-03-27T09:28:53 IST" duration-ms="102" status="FAIL">
          <exception class="java.io.FileNotFoundException">
            <message>
              <![CDATA[D:\AutomationWork\Projects\TestNGAPITesting-master\src\test\resources\AutoBid_Excel_Upload.xlsx (The system cannot find the file specified)]]>
            </message>
            <full-stacktrace>
              <![CDATA[java.io.FileNotFoundException: D:\AutomationWork\Projects\TestNGAPITesting-master\src\test\resources\AutoBid_Excel_Upload.xlsx (The system cannot find the file specified)
at java.base/java.io.FileInputStream.open0(Native Method)
at java.base/java.io.FileInputStream.open(FileInputStream.java:219)
at java.base/java.io.FileInputStream.<init>(FileInputStream.java:159)
at org.apache.http.entity.mime.content.FileBody.writeTo(FileBody.java:116)
at org.apache.http.entity.mime.AbstractMultipartForm.doWriteTo(AbstractMultipartForm.java:134)
at org.apache.http.entity.mime.AbstractMultipartForm.writeTo(AbstractMultipartForm.java:157)
at org.apache.http.entity.mime.MultipartFormEntity.writeTo(MultipartFormEntity.java:113)
at org.apache.http.HttpEntity$writeTo$4.call(Unknown Source)
at io.restassured.internal.multipart.RestAssuredMultiPartEntity.writeTo(RestAssuredMultiPartEntity.groovy:110)
at org.apache.http.entity.HttpEntityWrapper.writeTo(HttpEntityWrapper.java:96)
at org.apache.http.impl.client.EntityEnclosingRequestWrapper$EntityWrapper.writeTo(EntityEnclosingRequestWrapper.java:110)
at org.apache.http.impl.entity.EntitySerializer.serialize(EntitySerializer.java:118)
at org.apache.http.impl.AbstractHttpClientConnection.sendRequestEntity(AbstractHttpClientConnection.java:274)
at org.apache.http.impl.conn.ManagedClientConnectionImpl.sendRequestEntity(ManagedClientConnectionImpl.java:214)
at org.apache.http.protocol.HttpRequestExecutor.doSendRequest(HttpRequestExecutor.java:238)
at org.apache.http.protocol.HttpRequestExecutor.execute(HttpRequestExecutor.java:123)
at org.apache.http.impl.client.DefaultRequestDirector.tryExecute(DefaultRequestDirector.java:679)
at org.apache.http.impl.client.DefaultRequestDirector.execute(DefaultRequestDirector.java:481)
at org.apache.http.impl.client.AbstractHttpClient.doExecute(AbstractHttpClient.java:835)
at org.apache.http.impl.client.CloseableHttpClient.execute(CloseableHttpClient.java:83)
at io.restassured.internal.RestAssuredHttpBuilder.doRequest(RestAssuredHttpBuilder.java:141)
at io.restassured.internal.http.HTTPBuilder.post(HTTPBuilder.java:349)
at io.restassured.internal.http.HTTPBuilder$post$2.call(Unknown Source)
at io.restassured.internal.RequestSpecificationImpl.sendRequest(RequestSpecificationImpl.groovy:1209)
at io.restassured.internal.RequestSpecificationImpl.this$2$sendRequest(RequestSpecificationImpl.groovy)
at java.base/jdk.internal.reflect.DirectMethodHandleAccessor.invoke(DirectMethodHandleAccessor.java:103)
at java.base/java.lang.reflect.Method.invoke(Method.java:580)
at org.codehaus.groovy.reflection.CachedMethod.invoke(CachedMethod.java:343)
at groovy.lang.MetaMethod.doMethodInvoke(MetaMethod.java:328)
at groovy.lang.MetaClassImpl.doInvokeMethod(MetaClassImpl.java:1333)
at groovy.lang.MetaClassImpl.invokeMethod(MetaClassImpl.java:1088)
at groovy.lang.MetaClassImpl.invokeMethod(MetaClassImpl.java:1007)
at groovy.lang.MetaClassImpl.invokeMethod(MetaClassImpl.java:790)
at io.restassured.internal.RequestSpecificationImpl.invokeMethod(RequestSpecificationImpl.groovy)
at org.codehaus.groovy.runtime.callsite.PogoInterceptableSite.call(PogoInterceptableSite.java:46)
at org.codehaus.groovy.runtime.callsite.AbstractCallSite.call(AbstractCallSite.java:166)
at io.restassured.internal.filter.SendRequestFilter.filter(SendRequestFilter.groovy:30)
at io.restassured.filter.Filter$filter.call(Unknown Source)
at org.codehaus.groovy.runtime.callsite.CallSiteArray.defaultCall(CallSiteArray.java:45)
at io.restassured.filter.Filter$filter$0.call(Unknown Source)
at io.restassured.internal.filter.FilterContextImpl.next(FilterContextImpl.groovy:72)
at io.restassured.filter.time.TimingFilter.filter(TimingFilter.java:56)
at io.restassured.filter.Filter$filter$0.call(Unknown Source)
at org.codehaus.groovy.runtime.callsite.CallSiteArray.defaultCall(CallSiteArray.java:45)
at io.restassured.filter.Filter$filter.call(Unknown Source)
at io.restassured.internal.filter.FilterContextImpl.next(FilterContextImpl.groovy:72)
at io.restassured.filter.FilterContext$next.call(Unknown Source)
at io.restassured.internal.filter.CsrfFilter.filter(CsrfFilter.groovy:70)
at io.restassured.filter.Filter$filter.call(Unknown Source)
at org.codehaus.groovy.runtime.callsite.CallSiteArray.defaultCall(CallSiteArray.java:45)
at io.restassured.filter.Filter$filter.call(Unknown Source)
at io.restassured.internal.filter.FilterContextImpl.next(FilterContextImpl.groovy:72)
at io.restassured.filter.FilterContext$next.call(Unknown Source)
at io.restassured.internal.RequestSpecificationImpl.applyPathParamsAndSendRequest(RequestSpecificationImpl.groovy:1704)
at io.restassured.internal.RequestSpecificationImpl.this$2$applyPathParamsAndSendRequest(RequestSpecificationImpl.groovy)
at java.base/jdk.internal.reflect.DirectMethodHandleAccessor.invoke(DirectMethodHandleAccessor.java:103)
at java.base/java.lang.reflect.Method.invoke(Method.java:580)
at org.codehaus.groovy.reflection.CachedMethod.invoke(CachedMethod.java:343)
at groovy.lang.MetaMethod.doMethodInvoke(MetaMethod.java:328)
at groovy.lang.MetaClassImpl.doInvokeMethod(MetaClassImpl.java:1333)
at groovy.lang.MetaClassImpl.invokeMethod(MetaClassImpl.java:1088)
at groovy.lang.MetaClassImpl.invokeMethod(MetaClassImpl.java:1007)
at groovy.lang.MetaClassImpl.invokeMethod(MetaClassImpl.java:790)
at io.restassured.internal.RequestSpecificationImpl.invokeMethod(RequestSpecificationImpl.groovy)
at org.codehaus.groovy.runtime.callsite.PogoInterceptableSite.call(PogoInterceptableSite.java:46)
at org.codehaus.groovy.runtime.callsite.PogoInterceptableSite.callCurrent(PogoInterceptableSite.java:57)
at org.codehaus.groovy.runtime.callsite.AbstractCallSite.callCurrent(AbstractCallSite.java:203)
at io.restassured.internal.RequestSpecificationImpl.applyPathParamsAndSendRequest(RequestSpecificationImpl.groovy:1710)
at io.restassured.internal.RequestSpecificationImpl.this$2$applyPathParamsAndSendRequest(RequestSpecificationImpl.groovy)
at java.base/jdk.internal.reflect.DirectMethodHandleAccessor.invoke(DirectMethodHandleAccessor.java:103)
at java.base/java.lang.reflect.Method.invoke(Method.java:580)
at org.codehaus.groovy.reflection.CachedMethod.invoke(CachedMethod.java:343)
at groovy.lang.MetaMethod.doMethodInvoke(MetaMethod.java:328)
at groovy.lang.MetaClassImpl.doInvokeMethod(MetaClassImpl.java:1333)
at groovy.lang.MetaClassImpl.invokeMethod(MetaClassImpl.java:1088)
at groovy.lang.MetaClassImpl.invokeMethod(MetaClassImpl.java:1007)
at groovy.lang.MetaClassImpl.invokeMethod(MetaClassImpl.java:790)
at io.restassured.internal.RequestSpecificationImpl.invokeMethod(RequestSpecificationImpl.groovy)
at org.codehaus.groovy.runtime.callsite.PogoInterceptableSite.call(PogoInterceptableSite.java:46)
at org.codehaus.groovy.runtime.callsite.PogoInterceptableSite.callCurrent(PogoInterceptableSite.java:57)
at org.codehaus.groovy.runtime.callsite.AbstractCallSite.callCurrent(AbstractCallSite.java:203)
at io.restassured.internal.RequestSpecificationImpl.post(RequestSpecificationImpl.groovy:176)
at io.restassured.internal.RequestSpecificationImpl.post(RequestSpecificationImpl.groovy)
at admin.AutoBiddingController.Test02PutAutoBidExcel(AutoBiddingController.java:104)
at java.base/jdk.internal.reflect.DirectMethodHandleAccessor.invoke(DirectMethodHandleAccessor.java:103)
at java.base/java.lang.reflect.Method.invoke(Method.java:580)
at org.testng.internal.MethodInvocationHelper.invokeMethod(MethodInvocationHelper.java:133)
at org.testng.internal.TestInvoker.invokeMethod(TestInvoker.java:598)
at org.testng.internal.TestInvoker.invokeTestMethod(TestInvoker.java:173)
at org.testng.internal.MethodRunner.runInSequence(MethodRunner.java:46)
at org.testng.internal.TestInvoker$MethodInvocationAgent.invoke(TestInvoker.java:824)
at org.testng.internal.TestInvoker.invokeTestMethods(TestInvoker.java:146)
at org.testng.internal.TestMethodWorker.invokeTestMethods(TestMethodWorker.java:146)
at org.testng.internal.TestMethodWorker.run(TestMethodWorker.java:128)
at java.base/java.util.ArrayList.forEach(ArrayList.java:1597)
at org.testng.TestRunner.privateRun(TestRunner.java:794)
at org.testng.TestRunner.run(TestRunner.java:596)
at org.testng.SuiteRunner.runTest(SuiteRunner.java:377)
at org.testng.SuiteRunner.runSequentially(SuiteRunner.java:371)
at org.testng.SuiteRunner.privateRun(SuiteRunner.java:332)
at org.testng.SuiteRunner.run(SuiteRunner.java:276)
at org.testng.SuiteRunnerWorker.runSuite(SuiteRunnerWorker.java:53)
at org.testng.SuiteRunnerWorker.run(SuiteRunnerWorker.java:96)
at org.testng.TestNG.runSuitesSequentially(TestNG.java:1212)
at org.testng.TestNG.runSuitesLocally(TestNG.java:1134)
at org.testng.TestNG.runSuites(TestNG.java:1063)
at org.testng.TestNG.run(TestNG.java:1031)
at org.testng.remote.AbstractRemoteTestNG.run(AbstractRemoteTestNG.java:115)
at org.testng.remote.RemoteTestNG.initAndRun(RemoteTestNG.java:293)
at org.testng.remote.RemoteTestNG.main(RemoteTestNG.java:91)
]]>
            </full-stacktrace>
          </exception> <!-- java.io.FileNotFoundException -->
          <reporter-output>
          </reporter-output>
        </test-method> <!-- Test02PutAutoBidExcel -->
        <test-method is-config="true" signature="afterSuite()[pri:0, instance:admin.AutoBiddingController@710f4dc7]" started-at="2025-03-27T09:30:37 IST" name="afterSuite" finished-at="2025-03-27T09:30:37 IST" duration-ms="1" status="PASS">
          <reporter-output>
          </reporter-output>
        </test-method> <!-- afterSuite -->
      </class> <!-- admin.AutoBiddingController -->
      <class name="admin.ReservationTransactionController">
        <test-method signature="test01PostCreateReservation()[pri:0, instance:admin.ReservationTransactionController@b2c9a9c]" started-at="2025-03-27T09:28:53 IST" name="test01PostCreateReservation" finished-at="2025-03-27T09:28:53 IST" duration-ms="91" status="FAIL">
          <exception class="java.lang.AssertionError">
            <message>
              <![CDATA[Expected 200 OK or 201 Created, but got: 409 expected [true] but found [false]]]>
            </message>
            <full-stacktrace>
              <![CDATA[java.lang.AssertionError: Expected 200 OK or 201 Created, but got: 409 expected [true] but found [false]
at org.testng.Assert.fail(Assert.java:99)
at org.testng.Assert.failNotEquals(Assert.java:1037)
at org.testng.Assert.assertTrue(Assert.java:45)
at admin.ReservationTransactionController.test01PostCreateReservation(ReservationTransactionController.java:79)
at java.base/jdk.internal.reflect.DirectMethodHandleAccessor.invoke(DirectMethodHandleAccessor.java:103)
at java.base/java.lang.reflect.Method.invoke(Method.java:580)
at org.testng.internal.MethodInvocationHelper.invokeMethod(MethodInvocationHelper.java:133)
at org.testng.internal.TestInvoker.invokeMethod(TestInvoker.java:598)
at org.testng.internal.TestInvoker.invokeTestMethod(TestInvoker.java:173)
at org.testng.internal.MethodRunner.runInSequence(MethodRunner.java:46)
at org.testng.internal.TestInvoker$MethodInvocationAgent.invoke(TestInvoker.java:824)
at org.testng.internal.TestInvoker.invokeTestMethods(TestInvoker.java:146)
at org.testng.internal.TestMethodWorker.invokeTestMethods(TestMethodWorker.java:146)
at org.testng.internal.TestMethodWorker.run(TestMethodWorker.java:128)
at java.base/java.util.ArrayList.forEach(ArrayList.java:1597)
at org.testng.TestRunner.privateRun(TestRunner.java:794)
at org.testng.TestRunner.run(TestRunner.java:596)
at org.testng.SuiteRunner.runTest(SuiteRunner.java:377)
at org.testng.SuiteRunner.runSequentially(SuiteRunner.java:371)
at org.testng.SuiteRunner.privateRun(SuiteRunner.java:332)
at org.testng.SuiteRunner.run(SuiteRunner.java:276)
at org.testng.SuiteRunnerWorker.runSuite(SuiteRunnerWorker.java:53)
at org.testng.SuiteRunnerWorker.run(SuiteRunnerWorker.java:96)
at org.testng.TestNG.runSuitesSequentially(TestNG.java:1212)
at org.testng.TestNG.runSuitesLocally(TestNG.java:1134)
at org.testng.TestNG.runSuites(TestNG.java:1063)
at org.testng.TestNG.run(TestNG.java:1031)
at org.testng.remote.AbstractRemoteTestNG.run(AbstractRemoteTestNG.java:115)
at org.testng.remote.RemoteTestNG.initAndRun(RemoteTestNG.java:293)
at org.testng.remote.RemoteTestNG.main(RemoteTestNG.java:91)
]]>
            </full-stacktrace>
          </exception> <!-- java.lang.AssertionError -->
          <reporter-output>
          </reporter-output>
        </test-method> <!-- test01PostCreateReservation -->
        <test-method signature="test03GetReservationAuctionIdUserId()[pri:0, instance:admin.ReservationTransactionController@b2c9a9c]" started-at="2025-03-27T09:28:53 IST" name="test03GetReservationAuctionIdUserId" finished-at="2025-03-27T09:28:53 IST" duration-ms="42" status="PASS">
          <reporter-output>
          </reporter-output>
        </test-method> <!-- test03GetReservationAuctionIdUserId -->
        <test-method signature="test04GetReservationAll()[pri:0, instance:admin.ReservationTransactionController@b2c9a9c]" started-at="2025-03-27T09:28:53 IST" name="test04GetReservationAll" finished-at="2025-03-27T09:28:53 IST" duration-ms="32" status="PASS">
          <reporter-output>
          </reporter-output>
        </test-method> <!-- test04GetReservationAll -->
      </class> <!-- admin.ReservationTransactionController -->
      <class name="admin.BalanceSheetController">
        <test-method signature="Test01BalanceSheet()[pri:0, instance:admin.BalanceSheetController@4c178a76]" started-at="2025-03-27T09:28:53 IST" name="Test01BalanceSheet" finished-at="2025-03-27T09:28:54 IST" duration-ms="1337" status="PASS">
          <reporter-output>
          </reporter-output>
        </test-method> <!-- Test01BalanceSheet -->
      </class> <!-- admin.BalanceSheetController -->
      <class name="admin.AnnouncementController">
        <test-method signature="test01PostBiddingAnnouncements()[pri:0, instance:admin.AnnouncementController@fa4c865]" started-at="2025-03-27T09:28:54 IST" name="test01PostBiddingAnnouncements" finished-at="2025-03-27T09:28:54 IST" duration-ms="30" status="PASS">
          <reporter-output>
          </reporter-output>
        </test-method> <!-- test01PostBiddingAnnouncements -->
        <test-method signature="test02PostBiddingAnnouncementsAll()[pri:0, instance:admin.AnnouncementController@fa4c865]" started-at="2025-03-27T09:28:54 IST" name="test02PostBiddingAnnouncementsAll" finished-at="2025-03-27T09:28:54 IST" duration-ms="25" status="PASS">
          <reporter-output>
          </reporter-output>
        </test-method> <!-- test02PostBiddingAnnouncementsAll -->
        <test-method signature="test03GetAnnouncement()[pri:0, instance:admin.AnnouncementController@fa4c865]" started-at="2025-03-27T09:28:54 IST" name="test03GetAnnouncement" finished-at="2025-03-27T09:28:54 IST" duration-ms="49" status="PASS">
          <reporter-output>
          </reporter-output>
        </test-method> <!-- test03GetAnnouncement -->
        <test-method signature="test04Anouncement()[pri:0, instance:admin.AnnouncementController@fa4c865]" started-at="2025-03-27T09:28:54 IST" name="test04Anouncement" finished-at="2025-03-27T09:28:55 IST" duration-ms="48" status="FAIL">
          <exception class="java.lang.AssertionError">
            <message>
              <![CDATA[Expected 200 OK or 201 Created, but got: 500 expected [true] but found [false]]]>
            </message>
            <full-stacktrace>
              <![CDATA[java.lang.AssertionError: Expected 200 OK or 201 Created, but got: 500 expected [true] but found [false]
at org.testng.Assert.fail(Assert.java:99)
at org.testng.Assert.failNotEquals(Assert.java:1037)
at org.testng.Assert.assertTrue(Assert.java:45)
at admin.AnnouncementController.test04Anouncement(AnnouncementController.java:250)
at java.base/jdk.internal.reflect.DirectMethodHandleAccessor.invoke(DirectMethodHandleAccessor.java:103)
at java.base/java.lang.reflect.Method.invoke(Method.java:580)
at org.testng.internal.MethodInvocationHelper.invokeMethod(MethodInvocationHelper.java:133)
at org.testng.internal.TestInvoker.invokeMethod(TestInvoker.java:598)
at org.testng.internal.TestInvoker.invokeTestMethod(TestInvoker.java:173)
at org.testng.internal.MethodRunner.runInSequence(MethodRunner.java:46)
at org.testng.internal.TestInvoker$MethodInvocationAgent.invoke(TestInvoker.java:824)
at org.testng.internal.TestInvoker.invokeTestMethods(TestInvoker.java:146)
at org.testng.internal.TestMethodWorker.invokeTestMethods(TestMethodWorker.java:146)
at org.testng.internal.TestMethodWorker.run(TestMethodWorker.java:128)
at java.base/java.util.ArrayList.forEach(ArrayList.java:1597)
at org.testng.TestRunner.privateRun(TestRunner.java:794)
at org.testng.TestRunner.run(TestRunner.java:596)
at org.testng.SuiteRunner.runTest(SuiteRunner.java:377)
at org.testng.SuiteRunner.runSequentially(SuiteRunner.java:371)
at org.testng.SuiteRunner.privateRun(SuiteRunner.java:332)
at org.testng.SuiteRunner.run(SuiteRunner.java:276)
at org.testng.SuiteRunnerWorker.runSuite(SuiteRunnerWorker.java:53)
at org.testng.SuiteRunnerWorker.run(SuiteRunnerWorker.java:96)
at org.testng.TestNG.runSuitesSequentially(TestNG.java:1212)
at org.testng.TestNG.runSuitesLocally(TestNG.java:1134)
at org.testng.TestNG.runSuites(TestNG.java:1063)
at org.testng.TestNG.run(TestNG.java:1031)
at org.testng.remote.AbstractRemoteTestNG.run(AbstractRemoteTestNG.java:115)
at org.testng.remote.RemoteTestNG.initAndRun(RemoteTestNG.java:293)
at org.testng.remote.RemoteTestNG.main(RemoteTestNG.java:91)
]]>
            </full-stacktrace>
          </exception> <!-- java.lang.AssertionError -->
          <reporter-output>
          </reporter-output>
        </test-method> <!-- test04Anouncement -->
        <test-method signature="test05MasterAnnouncement()[pri:0, instance:admin.AnnouncementController@fa4c865]" started-at="2025-03-27T09:28:55 IST" name="test05MasterAnnouncement" finished-at="2025-03-27T09:28:55 IST" duration-ms="25" status="PASS">
          <reporter-output>
          </reporter-output>
        </test-method> <!-- test05MasterAnnouncement -->
        <test-method signature="test06BiddingAnnouncementsAuctionIdUserId()[pri:0, instance:admin.AnnouncementController@fa4c865]" started-at="2025-03-27T09:28:55 IST" name="test06BiddingAnnouncementsAuctionIdUserId" finished-at="2025-03-27T09:28:55 IST" duration-ms="26" status="PASS">
          <reporter-output>
          </reporter-output>
        </test-method> <!-- test06BiddingAnnouncementsAuctionIdUserId -->
      </class> <!-- admin.AnnouncementController -->
      <class name="admin.ClarityController">
        <test-method signature="test01PutClarityId()[pri:0, instance:admin.ClarityController@544fa968]" started-at="2025-03-27T09:28:55 IST" name="test01PutClarityId" finished-at="2025-03-27T09:28:55 IST" duration-ms="29" status="PASS">
          <reporter-output>
          </reporter-output>
        </test-method> <!-- test01PutClarityId -->
        <test-method signature="test02PostClarity()[pri:0, instance:admin.ClarityController@544fa968]" started-at="2025-03-27T09:28:55 IST" name="test02PostClarity" finished-at="2025-03-27T09:28:55 IST" duration-ms="36" status="PASS">
          <reporter-output>
          </reporter-output>
        </test-method> <!-- test02PostClarity -->
        <test-method signature="test03PostClarityExcel()[pri:0, instance:admin.ClarityController@544fa968]" started-at="2025-03-27T09:28:55 IST" name="test03PostClarityExcel" finished-at="2025-03-27T09:28:56 IST" duration-ms="783" status="PASS">
          <reporter-output>
          </reporter-output>
        </test-method> <!-- test03PostClarityExcel -->
        <test-method signature="test04GetClarities()[pri:0, instance:admin.ClarityController@544fa968]" started-at="2025-03-27T09:28:56 IST" name="test04GetClarities" finished-at="2025-03-27T09:28:56 IST" duration-ms="370" status="PASS">
          <reporter-output>
          </reporter-output>
        </test-method> <!-- test04GetClarities -->
      </class> <!-- admin.ClarityController -->
      <class name="admin.RemarkController">
        <test-method signature="Test01RemarkCreate()[pri:0, instance:admin.RemarkController@3bd82cf5]" started-at="2025-03-27T09:28:55 IST" name="Test01RemarkCreate" finished-at="2025-03-27T09:28:55 IST" duration-ms="37" status="PASS">
          <reporter-output>
          </reporter-output>
        </test-method> <!-- Test01RemarkCreate -->
        <test-method signature="Test03RemarkDelete()[pri:0, instance:admin.RemarkController@3bd82cf5]" started-at="2025-03-27T09:28:55 IST" name="Test03RemarkDelete" finished-at="2025-03-27T09:28:55 IST" duration-ms="51" status="PASS">
          <reporter-output>
          </reporter-output>
        </test-method> <!-- Test03RemarkDelete -->
      </class> <!-- admin.RemarkController -->
      <class name="admin.PolishController">
        <test-method signature="test01PolishPolishId()[pri:0, instance:admin.PolishController@247bddad]" started-at="2025-03-27T09:28:56 IST" name="test01PolishPolishId" finished-at="2025-03-27T09:28:56 IST" duration-ms="28" status="PASS">
          <reporter-output>
          </reporter-output>
        </test-method> <!-- test01PolishPolishId -->
        <test-method signature="test02Polish()[pri:0, instance:admin.PolishController@247bddad]" started-at="2025-03-27T09:28:56 IST" name="test02Polish" finished-at="2025-03-27T09:28:56 IST" duration-ms="33" status="PASS">
          <reporter-output>
          </reporter-output>
        </test-method> <!-- test02Polish -->
        <test-method signature="test03PolishExcel()[pri:0, instance:admin.PolishController@247bddad]" started-at="2025-03-27T09:28:56 IST" name="test03PolishExcel" finished-at="2025-03-27T09:28:56 IST" duration-ms="121" status="FAIL">
          <exception class="java.lang.AssertionError">
            <message>
              <![CDATA[Expected 200 OK or 201 Created, but got: 417 expected [true] but found [false]]]>
            </message>
            <full-stacktrace>
              <![CDATA[java.lang.AssertionError: Expected 200 OK or 201 Created, but got: 417 expected [true] but found [false]
at org.testng.Assert.fail(Assert.java:99)
at org.testng.Assert.failNotEquals(Assert.java:1037)
at org.testng.Assert.assertTrue(Assert.java:45)
at admin.PolishController.test03PolishExcel(PolishController.java:222)
at java.base/jdk.internal.reflect.DirectMethodHandleAccessor.invoke(DirectMethodHandleAccessor.java:103)
at java.base/java.lang.reflect.Method.invoke(Method.java:580)
at org.testng.internal.MethodInvocationHelper.invokeMethod(MethodInvocationHelper.java:133)
at org.testng.internal.TestInvoker.invokeMethod(TestInvoker.java:598)
at org.testng.internal.TestInvoker.invokeTestMethod(TestInvoker.java:173)
at org.testng.internal.MethodRunner.runInSequence(MethodRunner.java:46)
at org.testng.internal.TestInvoker$MethodInvocationAgent.invoke(TestInvoker.java:824)
at org.testng.internal.TestInvoker.invokeTestMethods(TestInvoker.java:146)
at org.testng.internal.TestMethodWorker.invokeTestMethods(TestMethodWorker.java:146)
at org.testng.internal.TestMethodWorker.run(TestMethodWorker.java:128)
at java.base/java.util.ArrayList.forEach(ArrayList.java:1597)
at org.testng.TestRunner.privateRun(TestRunner.java:794)
at org.testng.TestRunner.run(TestRunner.java:596)
at org.testng.SuiteRunner.runTest(SuiteRunner.java:377)
at org.testng.SuiteRunner.runSequentially(SuiteRunner.java:371)
at org.testng.SuiteRunner.privateRun(SuiteRunner.java:332)
at org.testng.SuiteRunner.run(SuiteRunner.java:276)
at org.testng.SuiteRunnerWorker.runSuite(SuiteRunnerWorker.java:53)
at org.testng.SuiteRunnerWorker.run(SuiteRunnerWorker.java:96)
at org.testng.TestNG.runSuitesSequentially(TestNG.java:1212)
at org.testng.TestNG.runSuitesLocally(TestNG.java:1134)
at org.testng.TestNG.runSuites(TestNG.java:1063)
at org.testng.TestNG.run(TestNG.java:1031)
at org.testng.remote.AbstractRemoteTestNG.run(AbstractRemoteTestNG.java:115)
at org.testng.remote.RemoteTestNG.initAndRun(RemoteTestNG.java:293)
at org.testng.remote.RemoteTestNG.main(RemoteTestNG.java:91)
]]>
            </full-stacktrace>
          </exception> <!-- java.lang.AssertionError -->
          <reporter-output>
          </reporter-output>
        </test-method> <!-- test03PolishExcel -->
        <test-method signature="test04Polishes()[pri:0, instance:admin.PolishController@247bddad]" started-at="2025-03-27T09:28:56 IST" name="test04Polishes" finished-at="2025-03-27T09:28:56 IST" duration-ms="196" status="PASS">
          <reporter-output>
          </reporter-output>
        </test-method> <!-- test04Polishes -->
      </class> <!-- admin.PolishController -->
      <class name="admin.SymmetryController">
        <test-method signature="test01SymmetryId()[pri:0, instance:admin.SymmetryController@d35dea7]" started-at="2025-03-27T09:28:56 IST" name="test01SymmetryId" finished-at="2025-03-27T09:28:56 IST" duration-ms="25" status="PASS">
          <reporter-output>
          </reporter-output>
        </test-method> <!-- test01SymmetryId -->
        <test-method signature="test02Symmetry()[pri:0, instance:admin.SymmetryController@d35dea7]" started-at="2025-03-27T09:28:56 IST" name="test02Symmetry" finished-at="2025-03-27T09:28:56 IST" duration-ms="32" status="PASS">
          <reporter-output>
          </reporter-output>
        </test-method> <!-- test02Symmetry -->
        <test-method signature="test03SymmetryExcel()[pri:0, instance:admin.SymmetryController@d35dea7]" started-at="2025-03-27T09:28:56 IST" name="test03SymmetryExcel" finished-at="2025-03-27T09:28:56 IST" duration-ms="11" status="FAIL">
          <exception class="java.io.FileNotFoundException">
            <message>
              <![CDATA[D:\AutomationWork\Projects\TestNGAPITesting-master\src\test\resources\symmetry_Masters_Excel.xlsx (The system cannot find the file specified)]]>
            </message>
            <full-stacktrace>
              <![CDATA[java.io.FileNotFoundException: D:\AutomationWork\Projects\TestNGAPITesting-master\src\test\resources\symmetry_Masters_Excel.xlsx (The system cannot find the file specified)
at java.base/java.io.FileInputStream.open0(Native Method)
at java.base/java.io.FileInputStream.open(FileInputStream.java:219)
at java.base/java.io.FileInputStream.<init>(FileInputStream.java:159)
at org.apache.http.entity.mime.content.FileBody.writeTo(FileBody.java:116)
at org.apache.http.entity.mime.AbstractMultipartForm.doWriteTo(AbstractMultipartForm.java:134)
at org.apache.http.entity.mime.AbstractMultipartForm.writeTo(AbstractMultipartForm.java:157)
at org.apache.http.entity.mime.MultipartFormEntity.writeTo(MultipartFormEntity.java:113)
at org.apache.http.HttpEntity$writeTo$4.call(Unknown Source)
at io.restassured.internal.multipart.RestAssuredMultiPartEntity.writeTo(RestAssuredMultiPartEntity.groovy:110)
at org.apache.http.entity.HttpEntityWrapper.writeTo(HttpEntityWrapper.java:96)
at org.apache.http.impl.client.EntityEnclosingRequestWrapper$EntityWrapper.writeTo(EntityEnclosingRequestWrapper.java:110)
at org.apache.http.impl.entity.EntitySerializer.serialize(EntitySerializer.java:118)
at org.apache.http.impl.AbstractHttpClientConnection.sendRequestEntity(AbstractHttpClientConnection.java:274)
at org.apache.http.impl.conn.ManagedClientConnectionImpl.sendRequestEntity(ManagedClientConnectionImpl.java:214)
at org.apache.http.protocol.HttpRequestExecutor.doSendRequest(HttpRequestExecutor.java:238)
at org.apache.http.protocol.HttpRequestExecutor.execute(HttpRequestExecutor.java:123)
at org.apache.http.impl.client.DefaultRequestDirector.tryExecute(DefaultRequestDirector.java:679)
at org.apache.http.impl.client.DefaultRequestDirector.execute(DefaultRequestDirector.java:481)
at org.apache.http.impl.client.AbstractHttpClient.doExecute(AbstractHttpClient.java:835)
at org.apache.http.impl.client.CloseableHttpClient.execute(CloseableHttpClient.java:83)
at io.restassured.internal.RestAssuredHttpBuilder.doRequest(RestAssuredHttpBuilder.java:141)
at io.restassured.internal.http.HTTPBuilder.post(HTTPBuilder.java:349)
at io.restassured.internal.http.HTTPBuilder$post$2.call(Unknown Source)
at io.restassured.internal.RequestSpecificationImpl.sendRequest(RequestSpecificationImpl.groovy:1209)
at io.restassured.internal.RequestSpecificationImpl.this$2$sendRequest(RequestSpecificationImpl.groovy)
at java.base/jdk.internal.reflect.DirectMethodHandleAccessor.invoke(DirectMethodHandleAccessor.java:103)
at java.base/java.lang.reflect.Method.invoke(Method.java:580)
at org.codehaus.groovy.reflection.CachedMethod.invoke(CachedMethod.java:343)
at groovy.lang.MetaMethod.doMethodInvoke(MetaMethod.java:328)
at groovy.lang.MetaClassImpl.doInvokeMethod(MetaClassImpl.java:1333)
at groovy.lang.MetaClassImpl.invokeMethod(MetaClassImpl.java:1088)
at groovy.lang.MetaClassImpl.invokeMethod(MetaClassImpl.java:1007)
at groovy.lang.MetaClassImpl.invokeMethod(MetaClassImpl.java:790)
at io.restassured.internal.RequestSpecificationImpl.invokeMethod(RequestSpecificationImpl.groovy)
at org.codehaus.groovy.runtime.callsite.PogoInterceptableSite.call(PogoInterceptableSite.java:46)
at org.codehaus.groovy.runtime.callsite.AbstractCallSite.call(AbstractCallSite.java:166)
at io.restassured.internal.filter.SendRequestFilter.filter(SendRequestFilter.groovy:30)
at io.restassured.filter.Filter$filter.call(Unknown Source)
at org.codehaus.groovy.runtime.callsite.CallSiteArray.defaultCall(CallSiteArray.java:45)
at io.restassured.filter.Filter$filter$0.call(Unknown Source)
at io.restassured.internal.filter.FilterContextImpl.next(FilterContextImpl.groovy:72)
at io.restassured.filter.time.TimingFilter.filter(TimingFilter.java:56)
at io.restassured.filter.Filter$filter$0.call(Unknown Source)
at org.codehaus.groovy.runtime.callsite.CallSiteArray.defaultCall(CallSiteArray.java:45)
at io.restassured.filter.Filter$filter.call(Unknown Source)
at io.restassured.internal.filter.FilterContextImpl.next(FilterContextImpl.groovy:72)
at io.restassured.filter.FilterContext$next.call(Unknown Source)
at io.restassured.internal.filter.CsrfFilter.filter(CsrfFilter.groovy:70)
at io.restassured.filter.Filter$filter.call(Unknown Source)
at org.codehaus.groovy.runtime.callsite.CallSiteArray.defaultCall(CallSiteArray.java:45)
at io.restassured.filter.Filter$filter.call(Unknown Source)
at io.restassured.internal.filter.FilterContextImpl.next(FilterContextImpl.groovy:72)
at io.restassured.filter.FilterContext$next.call(Unknown Source)
at io.restassured.internal.RequestSpecificationImpl.applyPathParamsAndSendRequest(RequestSpecificationImpl.groovy:1704)
at io.restassured.internal.RequestSpecificationImpl.this$2$applyPathParamsAndSendRequest(RequestSpecificationImpl.groovy)
at java.base/jdk.internal.reflect.DirectMethodHandleAccessor.invoke(DirectMethodHandleAccessor.java:103)
at java.base/java.lang.reflect.Method.invoke(Method.java:580)
at org.codehaus.groovy.reflection.CachedMethod.invoke(CachedMethod.java:343)
at groovy.lang.MetaMethod.doMethodInvoke(MetaMethod.java:328)
at groovy.lang.MetaClassImpl.doInvokeMethod(MetaClassImpl.java:1333)
at groovy.lang.MetaClassImpl.invokeMethod(MetaClassImpl.java:1088)
at groovy.lang.MetaClassImpl.invokeMethod(MetaClassImpl.java:1007)
at groovy.lang.MetaClassImpl.invokeMethod(MetaClassImpl.java:790)
at io.restassured.internal.RequestSpecificationImpl.invokeMethod(RequestSpecificationImpl.groovy)
at org.codehaus.groovy.runtime.callsite.PogoInterceptableSite.call(PogoInterceptableSite.java:46)
at org.codehaus.groovy.runtime.callsite.PogoInterceptableSite.callCurrent(PogoInterceptableSite.java:57)
at org.codehaus.groovy.runtime.callsite.AbstractCallSite.callCurrent(AbstractCallSite.java:203)
at io.restassured.internal.RequestSpecificationImpl.applyPathParamsAndSendRequest(RequestSpecificationImpl.groovy:1710)
at io.restassured.internal.RequestSpecificationImpl.this$2$applyPathParamsAndSendRequest(RequestSpecificationImpl.groovy)
at java.base/jdk.internal.reflect.DirectMethodHandleAccessor.invoke(DirectMethodHandleAccessor.java:103)
at java.base/java.lang.reflect.Method.invoke(Method.java:580)
at org.codehaus.groovy.reflection.CachedMethod.invoke(CachedMethod.java:343)
at groovy.lang.MetaMethod.doMethodInvoke(MetaMethod.java:328)
at groovy.lang.MetaClassImpl.doInvokeMethod(MetaClassImpl.java:1333)
at groovy.lang.MetaClassImpl.invokeMethod(MetaClassImpl.java:1088)
at groovy.lang.MetaClassImpl.invokeMethod(MetaClassImpl.java:1007)
at groovy.lang.MetaClassImpl.invokeMethod(MetaClassImpl.java:790)
at io.restassured.internal.RequestSpecificationImpl.invokeMethod(RequestSpecificationImpl.groovy)
at org.codehaus.groovy.runtime.callsite.PogoInterceptableSite.call(PogoInterceptableSite.java:46)
at org.codehaus.groovy.runtime.callsite.PogoInterceptableSite.callCurrent(PogoInterceptableSite.java:57)
at org.codehaus.groovy.runtime.callsite.AbstractCallSite.callCurrent(AbstractCallSite.java:203)
at io.restassured.internal.RequestSpecificationImpl.post(RequestSpecificationImpl.groovy:176)
at io.restassured.internal.RequestSpecificationImpl.post(RequestSpecificationImpl.groovy)
at admin.SymmetryController.test03SymmetryExcel(SymmetryController.java:200)
at java.base/jdk.internal.reflect.DirectMethodHandleAccessor.invoke(DirectMethodHandleAccessor.java:103)
at java.base/java.lang.reflect.Method.invoke(Method.java:580)
at org.testng.internal.MethodInvocationHelper.invokeMethod(MethodInvocationHelper.java:133)
at org.testng.internal.TestInvoker.invokeMethod(TestInvoker.java:598)
at org.testng.internal.TestInvoker.invokeTestMethod(TestInvoker.java:173)
at org.testng.internal.MethodRunner.runInSequence(MethodRunner.java:46)
at org.testng.internal.TestInvoker$MethodInvocationAgent.invoke(TestInvoker.java:824)
at org.testng.internal.TestInvoker.invokeTestMethods(TestInvoker.java:146)
at org.testng.internal.TestMethodWorker.invokeTestMethods(TestMethodWorker.java:146)
at org.testng.internal.TestMethodWorker.run(TestMethodWorker.java:128)
at java.base/java.util.ArrayList.forEach(ArrayList.java:1597)
at org.testng.TestRunner.privateRun(TestRunner.java:794)
at org.testng.TestRunner.run(TestRunner.java:596)
at org.testng.SuiteRunner.runTest(SuiteRunner.java:377)
at org.testng.SuiteRunner.runSequentially(SuiteRunner.java:371)
at org.testng.SuiteRunner.privateRun(SuiteRunner.java:332)
at org.testng.SuiteRunner.run(SuiteRunner.java:276)
at org.testng.SuiteRunnerWorker.runSuite(SuiteRunnerWorker.java:53)
at org.testng.SuiteRunnerWorker.run(SuiteRunnerWorker.java:96)
at org.testng.TestNG.runSuitesSequentially(TestNG.java:1212)
at org.testng.TestNG.runSuitesLocally(TestNG.java:1134)
at org.testng.TestNG.runSuites(TestNG.java:1063)
at org.testng.TestNG.run(TestNG.java:1031)
at org.testng.remote.AbstractRemoteTestNG.run(AbstractRemoteTestNG.java:115)
at org.testng.remote.RemoteTestNG.initAndRun(RemoteTestNG.java:293)
at org.testng.remote.RemoteTestNG.main(RemoteTestNG.java:91)
]]>
            </full-stacktrace>
          </exception> <!-- java.io.FileNotFoundException -->
          <reporter-output>
          </reporter-output>
        </test-method> <!-- test03SymmetryExcel -->
        <test-method signature="test04Symmetries()[pri:0, instance:admin.SymmetryController@d35dea7]" started-at="2025-03-27T09:28:56 IST" name="test04Symmetries" finished-at="2025-03-27T09:28:57 IST" duration-ms="225" status="PASS">
          <reporter-output>
          </reporter-output>
        </test-method> <!-- test04Symmetries -->
      </class> <!-- admin.SymmetryController -->
      <class name="admin.MailInvoiceLotDiamondController">
        <test-method signature="Test01PostSendmails()[pri:0, instance:admin.MailInvoiceLotDiamondController@5e5d171f]" started-at="2025-03-27T09:28:57 IST" name="Test01PostSendmails" finished-at="2025-03-27T09:28:57 IST" duration-ms="24" status="PASS">
          <reporter-output>
          </reporter-output>
        </test-method> <!-- Test01PostSendmails -->
        <test-method signature="Test02PostSendmailEmailIdAuctionID()[pri:0, instance:admin.MailInvoiceLotDiamondController@5e5d171f]" started-at="2025-03-27T09:28:57 IST" name="Test02PostSendmailEmailIdAuctionID" finished-at="2025-03-27T09:28:57 IST" duration-ms="23" status="FAIL">
          <exception class="java.lang.AssertionError">
            <message>
              <![CDATA[Expected 200 OK or 201 Created, but got: 500 expected [true] but found [false]]]>
            </message>
            <full-stacktrace>
              <![CDATA[java.lang.AssertionError: Expected 200 OK or 201 Created, but got: 500 expected [true] but found [false]
at org.testng.Assert.fail(Assert.java:99)
at org.testng.Assert.failNotEquals(Assert.java:1037)
at org.testng.Assert.assertTrue(Assert.java:45)
at admin.MailInvoiceLotDiamondController.Test02PostSendmailEmailIdAuctionID(MailInvoiceLotDiamondController.java:133)
at java.base/jdk.internal.reflect.DirectMethodHandleAccessor.invoke(DirectMethodHandleAccessor.java:103)
at java.base/java.lang.reflect.Method.invoke(Method.java:580)
at org.testng.internal.MethodInvocationHelper.invokeMethod(MethodInvocationHelper.java:133)
at org.testng.internal.TestInvoker.invokeMethod(TestInvoker.java:598)
at org.testng.internal.TestInvoker.invokeTestMethod(TestInvoker.java:173)
at org.testng.internal.MethodRunner.runInSequence(MethodRunner.java:46)
at org.testng.internal.TestInvoker$MethodInvocationAgent.invoke(TestInvoker.java:824)
at org.testng.internal.TestInvoker.invokeTestMethods(TestInvoker.java:146)
at org.testng.internal.TestMethodWorker.invokeTestMethods(TestMethodWorker.java:146)
at org.testng.internal.TestMethodWorker.run(TestMethodWorker.java:128)
at java.base/java.util.ArrayList.forEach(ArrayList.java:1597)
at org.testng.TestRunner.privateRun(TestRunner.java:794)
at org.testng.TestRunner.run(TestRunner.java:596)
at org.testng.SuiteRunner.runTest(SuiteRunner.java:377)
at org.testng.SuiteRunner.runSequentially(SuiteRunner.java:371)
at org.testng.SuiteRunner.privateRun(SuiteRunner.java:332)
at org.testng.SuiteRunner.run(SuiteRunner.java:276)
at org.testng.SuiteRunnerWorker.runSuite(SuiteRunnerWorker.java:53)
at org.testng.SuiteRunnerWorker.run(SuiteRunnerWorker.java:96)
at org.testng.TestNG.runSuitesSequentially(TestNG.java:1212)
at org.testng.TestNG.runSuitesLocally(TestNG.java:1134)
at org.testng.TestNG.runSuites(TestNG.java:1063)
at org.testng.TestNG.run(TestNG.java:1031)
at org.testng.remote.AbstractRemoteTestNG.run(AbstractRemoteTestNG.java:115)
at org.testng.remote.RemoteTestNG.initAndRun(RemoteTestNG.java:293)
at org.testng.remote.RemoteTestNG.main(RemoteTestNG.java:91)
]]>
            </full-stacktrace>
          </exception> <!-- java.lang.AssertionError -->
          <reporter-output>
          </reporter-output>
        </test-method> <!-- Test02PostSendmailEmailIdAuctionID -->
        <test-method signature="Test03PostSendMailsAllLots()[pri:0, instance:admin.MailInvoiceLotDiamondController@5e5d171f]" started-at="2025-03-27T09:28:57 IST" name="Test03PostSendMailsAllLots" finished-at="2025-03-27T09:28:57 IST" duration-ms="26" status="FAIL">
          <exception class="java.lang.AssertionError">
            <message>
              <![CDATA[Expected 200 OK or 201 Created, but got: 409 expected [true] but found [false]]]>
            </message>
            <full-stacktrace>
              <![CDATA[java.lang.AssertionError: Expected 200 OK or 201 Created, but got: 409 expected [true] but found [false]
at org.testng.Assert.fail(Assert.java:99)
at org.testng.Assert.failNotEquals(Assert.java:1037)
at org.testng.Assert.assertTrue(Assert.java:45)
at admin.MailInvoiceLotDiamondController.Test03PostSendMailsAllLots(MailInvoiceLotDiamondController.java:197)
at java.base/jdk.internal.reflect.DirectMethodHandleAccessor.invoke(DirectMethodHandleAccessor.java:103)
at java.base/java.lang.reflect.Method.invoke(Method.java:580)
at org.testng.internal.MethodInvocationHelper.invokeMethod(MethodInvocationHelper.java:133)
at org.testng.internal.TestInvoker.invokeMethod(TestInvoker.java:598)
at org.testng.internal.TestInvoker.invokeTestMethod(TestInvoker.java:173)
at org.testng.internal.MethodRunner.runInSequence(MethodRunner.java:46)
at org.testng.internal.TestInvoker$MethodInvocationAgent.invoke(TestInvoker.java:824)
at org.testng.internal.TestInvoker.invokeTestMethods(TestInvoker.java:146)
at org.testng.internal.TestMethodWorker.invokeTestMethods(TestMethodWorker.java:146)
at org.testng.internal.TestMethodWorker.run(TestMethodWorker.java:128)
at java.base/java.util.ArrayList.forEach(ArrayList.java:1597)
at org.testng.TestRunner.privateRun(TestRunner.java:794)
at org.testng.TestRunner.run(TestRunner.java:596)
at org.testng.SuiteRunner.runTest(SuiteRunner.java:377)
at org.testng.SuiteRunner.runSequentially(SuiteRunner.java:371)
at org.testng.SuiteRunner.privateRun(SuiteRunner.java:332)
at org.testng.SuiteRunner.run(SuiteRunner.java:276)
at org.testng.SuiteRunnerWorker.runSuite(SuiteRunnerWorker.java:53)
at org.testng.SuiteRunnerWorker.run(SuiteRunnerWorker.java:96)
at org.testng.TestNG.runSuitesSequentially(TestNG.java:1212)
at org.testng.TestNG.runSuitesLocally(TestNG.java:1134)
at org.testng.TestNG.runSuites(TestNG.java:1063)
at org.testng.TestNG.run(TestNG.java:1031)
at org.testng.remote.AbstractRemoteTestNG.run(AbstractRemoteTestNG.java:115)
at org.testng.remote.RemoteTestNG.initAndRun(RemoteTestNG.java:293)
at org.testng.remote.RemoteTestNG.main(RemoteTestNG.java:91)
]]>
            </full-stacktrace>
          </exception> <!-- java.lang.AssertionError -->
          <reporter-output>
          </reporter-output>
        </test-method> <!-- Test03PostSendMailsAllLots -->
      </class> <!-- admin.MailInvoiceLotDiamondController -->
      <class name="admin.LotDiamondController">
        <test-method signature="Test01LotActiveAll()[pri:0, instance:admin.LotDiamondController@24313fcc]" started-at="2025-03-27T09:28:57 IST" name="Test01LotActiveAll" finished-at="2025-03-27T09:28:57 IST" duration-ms="39" status="PASS">
          <reporter-output>
          </reporter-output>
        </test-method> <!-- Test01LotActiveAll -->
        <test-method signature="Test03LotDiamondAuctionId()[pri:0, instance:admin.LotDiamondController@24313fcc]" started-at="2025-03-27T09:28:57 IST" name="Test03LotDiamondAuctionId" finished-at="2025-03-27T09:28:57 IST" duration-ms="24" status="PASS">
          <reporter-output>
          </reporter-output>
        </test-method> <!-- Test03LotDiamondAuctionId -->
        <test-method signature="Test05LotDiamonds()[pri:0, instance:admin.LotDiamondController@24313fcc]" started-at="2025-03-27T09:28:57 IST" name="Test05LotDiamonds" finished-at="2025-03-27T09:28:57 IST" duration-ms="37" status="PASS">
          <reporter-output>
          </reporter-output>
        </test-method> <!-- Test05LotDiamonds -->
        <test-method signature="Test07LotDiamondsAuctionId()[pri:0, instance:admin.LotDiamondController@24313fcc]" started-at="2025-03-27T09:28:57 IST" name="Test07LotDiamondsAuctionId" finished-at="2025-03-27T09:28:57 IST" duration-ms="56" status="PASS">
          <reporter-output>
          </reporter-output>
        </test-method> <!-- Test07LotDiamondsAuctionId -->
        <test-method signature="Test08LotDIamondssupplierLots()[pri:0, instance:admin.LotDiamondController@24313fcc]" started-at="2025-03-27T09:28:57 IST" name="Test08LotDIamondssupplierLots" finished-at="2025-03-27T09:28:57 IST" duration-ms="118" status="PASS">
          <reporter-output>
          </reporter-output>
        </test-method> <!-- Test08LotDIamondssupplierLots -->
        <test-method signature="Test09otDiamondsPrevious()[pri:0, instance:admin.LotDiamondController@24313fcc]" started-at="2025-03-27T09:28:57 IST" name="Test09otDiamondsPrevious" finished-at="2025-03-27T09:28:57 IST" duration-ms="41" status="PASS">
          <reporter-output>
          </reporter-output>
        </test-method> <!-- Test09otDiamondsPrevious -->
      </class> <!-- admin.LotDiamondController -->
      <class name="admin.DatabaseBackupController">
        <test-method signature="test01PostStart()[pri:0, instance:admin.DatabaseBackupController@7d20d0b]" started-at="2025-03-27T09:28:57 IST" name="test01PostStart" finished-at="2025-03-27T09:28:57 IST" duration-ms="27" status="FAIL">
          <exception class="java.lang.AssertionError">
            <message>
              <![CDATA[Request failed due to token expiration.]]>
            </message>
            <full-stacktrace>
              <![CDATA[java.lang.AssertionError: Request failed due to token expiration.
at org.testng.Assert.fail(Assert.java:99)
at admin.DatabaseBackupController.test01PostStart(DatabaseBackupController.java:47)
at java.base/jdk.internal.reflect.DirectMethodHandleAccessor.invoke(DirectMethodHandleAccessor.java:103)
at java.base/java.lang.reflect.Method.invoke(Method.java:580)
at org.testng.internal.MethodInvocationHelper.invokeMethod(MethodInvocationHelper.java:133)
at org.testng.internal.TestInvoker.invokeMethod(TestInvoker.java:598)
at org.testng.internal.TestInvoker.invokeTestMethod(TestInvoker.java:173)
at org.testng.internal.MethodRunner.runInSequence(MethodRunner.java:46)
at org.testng.internal.TestInvoker$MethodInvocationAgent.invoke(TestInvoker.java:824)
at org.testng.internal.TestInvoker.invokeTestMethods(TestInvoker.java:146)
at org.testng.internal.TestMethodWorker.invokeTestMethods(TestMethodWorker.java:146)
at org.testng.internal.TestMethodWorker.run(TestMethodWorker.java:128)
at java.base/java.util.ArrayList.forEach(ArrayList.java:1597)
at org.testng.TestRunner.privateRun(TestRunner.java:794)
at org.testng.TestRunner.run(TestRunner.java:596)
at org.testng.SuiteRunner.runTest(SuiteRunner.java:377)
at org.testng.SuiteRunner.runSequentially(SuiteRunner.java:371)
at org.testng.SuiteRunner.privateRun(SuiteRunner.java:332)
at org.testng.SuiteRunner.run(SuiteRunner.java:276)
at org.testng.SuiteRunnerWorker.runSuite(SuiteRunnerWorker.java:53)
at org.testng.SuiteRunnerWorker.run(SuiteRunnerWorker.java:96)
at org.testng.TestNG.runSuitesSequentially(TestNG.java:1212)
at org.testng.TestNG.runSuitesLocally(TestNG.java:1134)
at org.testng.TestNG.runSuites(TestNG.java:1063)
at org.testng.TestNG.run(TestNG.java:1031)
at org.testng.remote.AbstractRemoteTestNG.run(AbstractRemoteTestNG.java:115)
at org.testng.remote.RemoteTestNG.initAndRun(RemoteTestNG.java:293)
at org.testng.remote.RemoteTestNG.main(RemoteTestNG.java:91)
]]>
            </full-stacktrace>
          </exception> <!-- java.lang.AssertionError -->
          <reporter-output>
          </reporter-output>
        </test-method> <!-- test01PostStart -->
        <test-method signature="test03GetBackupurl()[pri:0, instance:admin.DatabaseBackupController@7d20d0b]" started-at="2025-03-27T09:28:57 IST" name="test03GetBackupurl" finished-at="2025-03-27T09:28:57 IST" duration-ms="21" status="FAIL">
          <exception class="java.lang.AssertionError">
            <message>
              <![CDATA[Request failed due to token expiration.]]>
            </message>
            <full-stacktrace>
              <![CDATA[java.lang.AssertionError: Request failed due to token expiration.
at org.testng.Assert.fail(Assert.java:99)
at admin.DatabaseBackupController.test03GetBackupurl(DatabaseBackupController.java:152)
at java.base/jdk.internal.reflect.DirectMethodHandleAccessor.invoke(DirectMethodHandleAccessor.java:103)
at java.base/java.lang.reflect.Method.invoke(Method.java:580)
at org.testng.internal.MethodInvocationHelper.invokeMethod(MethodInvocationHelper.java:133)
at org.testng.internal.TestInvoker.invokeMethod(TestInvoker.java:598)
at org.testng.internal.TestInvoker.invokeTestMethod(TestInvoker.java:173)
at org.testng.internal.MethodRunner.runInSequence(MethodRunner.java:46)
at org.testng.internal.TestInvoker$MethodInvocationAgent.invoke(TestInvoker.java:824)
at org.testng.internal.TestInvoker.invokeTestMethods(TestInvoker.java:146)
at org.testng.internal.TestMethodWorker.invokeTestMethods(TestMethodWorker.java:146)
at org.testng.internal.TestMethodWorker.run(TestMethodWorker.java:128)
at java.base/java.util.ArrayList.forEach(ArrayList.java:1597)
at org.testng.TestRunner.privateRun(TestRunner.java:794)
at org.testng.TestRunner.run(TestRunner.java:596)
at org.testng.SuiteRunner.runTest(SuiteRunner.java:377)
at org.testng.SuiteRunner.runSequentially(SuiteRunner.java:371)
at org.testng.SuiteRunner.privateRun(SuiteRunner.java:332)
at org.testng.SuiteRunner.run(SuiteRunner.java:276)
at org.testng.SuiteRunnerWorker.runSuite(SuiteRunnerWorker.java:53)
at org.testng.SuiteRunnerWorker.run(SuiteRunnerWorker.java:96)
at org.testng.TestNG.runSuitesSequentially(TestNG.java:1212)
at org.testng.TestNG.runSuitesLocally(TestNG.java:1134)
at org.testng.TestNG.runSuites(TestNG.java:1063)
at org.testng.TestNG.run(TestNG.java:1031)
at org.testng.remote.AbstractRemoteTestNG.run(AbstractRemoteTestNG.java:115)
at org.testng.remote.RemoteTestNG.initAndRun(RemoteTestNG.java:293)
at org.testng.remote.RemoteTestNG.main(RemoteTestNG.java:91)
]]>
            </full-stacktrace>
          </exception> <!-- java.lang.AssertionError -->
          <reporter-output>
          </reporter-output>
        </test-method> <!-- test03GetBackupurl -->
      </class> <!-- admin.DatabaseBackupController -->
      <class name="admin.rapaportController">
        <test-method signature="Test01LotDiamondrapPrice()[pri:0, instance:admin.rapaportController@6c40365c]" started-at="2025-03-27T09:28:58 IST" name="Test01LotDiamondrapPrice" finished-at="2025-03-27T09:28:58 IST" duration-ms="27" status="PASS">
          <reporter-output>
          </reporter-output>
        </test-method> <!-- Test01LotDiamondrapPrice -->
        <test-method signature="Test02rapaports()[pri:0, instance:admin.rapaportController@6c40365c]" started-at="2025-03-27T09:28:58 IST" name="Test02rapaports" finished-at="2025-03-27T09:30:04 IST" duration-ms="65851" status="PASS">
          <reporter-output>
          </reporter-output>
        </test-method> <!-- Test02rapaports -->
      </class> <!-- admin.rapaportController -->
      <class name="admin.UserController">
        <test-method signature="UpdateUserUpload()[pri:0, instance:admin.UserController@41a2befb]" started-at="2025-03-27T09:28:57 IST" name="UpdateUserUpload" finished-at="2025-03-27T09:28:58 IST" duration-ms="904" status="FAIL">
          <exception class="java.lang.AssertionError">
            <message>
              <![CDATA[Expected 200 OK or 201 Created, but got: 500 expected [true] but found [false]]]>
            </message>
            <full-stacktrace>
              <![CDATA[java.lang.AssertionError: Expected 200 OK or 201 Created, but got: 500 expected [true] but found [false]
at org.testng.Assert.fail(Assert.java:99)
at org.testng.Assert.failNotEquals(Assert.java:1037)
at org.testng.Assert.assertTrue(Assert.java:45)
at admin.UserController.UpdateUserUpload(UserController.java:99)
at java.base/jdk.internal.reflect.DirectMethodHandleAccessor.invoke(DirectMethodHandleAccessor.java:103)
at java.base/java.lang.reflect.Method.invoke(Method.java:580)
at org.testng.internal.MethodInvocationHelper.invokeMethod(MethodInvocationHelper.java:133)
at org.testng.internal.TestInvoker.invokeMethod(TestInvoker.java:598)
at org.testng.internal.TestInvoker.invokeTestMethod(TestInvoker.java:173)
at org.testng.internal.MethodRunner.runInSequence(MethodRunner.java:46)
at org.testng.internal.TestInvoker$MethodInvocationAgent.invoke(TestInvoker.java:824)
at org.testng.internal.TestInvoker.invokeTestMethods(TestInvoker.java:146)
at org.testng.internal.TestMethodWorker.invokeTestMethods(TestMethodWorker.java:146)
at org.testng.internal.TestMethodWorker.run(TestMethodWorker.java:128)
at java.base/java.util.ArrayList.forEach(ArrayList.java:1597)
at org.testng.TestRunner.privateRun(TestRunner.java:794)
at org.testng.TestRunner.run(TestRunner.java:596)
at org.testng.SuiteRunner.runTest(SuiteRunner.java:377)
at org.testng.SuiteRunner.runSequentially(SuiteRunner.java:371)
at org.testng.SuiteRunner.privateRun(SuiteRunner.java:332)
at org.testng.SuiteRunner.run(SuiteRunner.java:276)
at org.testng.SuiteRunnerWorker.runSuite(SuiteRunnerWorker.java:53)
at org.testng.SuiteRunnerWorker.run(SuiteRunnerWorker.java:96)
at org.testng.TestNG.runSuitesSequentially(TestNG.java:1212)
at org.testng.TestNG.runSuitesLocally(TestNG.java:1134)
at org.testng.TestNG.runSuites(TestNG.java:1063)
at org.testng.TestNG.run(TestNG.java:1031)
at org.testng.remote.AbstractRemoteTestNG.run(AbstractRemoteTestNG.java:115)
at org.testng.remote.RemoteTestNG.initAndRun(RemoteTestNG.java:293)
at org.testng.remote.RemoteTestNG.main(RemoteTestNG.java:91)
]]>
            </full-stacktrace>
          </exception> <!-- java.lang.AssertionError -->
          <reporter-output>
          </reporter-output>
        </test-method> <!-- UpdateUserUpload -->
        <test-method signature="test01GetUserDetails()[pri:0, instance:admin.UserController@41a2befb]" started-at="2025-03-27T09:28:58 IST" name="test01GetUserDetails" description="/api/v1/user/{userId}" finished-at="2025-03-27T09:28:58 IST" duration-ms="22" status="PASS">
          <reporter-output>
          </reporter-output>
        </test-method> <!-- test01GetUserDetails -->
        <test-method signature="test08GetSupplierDetailsByAuctionId()[pri:0, instance:admin.UserController@41a2befb]" started-at="2025-03-27T09:28:58 IST" name="test08GetSupplierDetailsByAuctionId" finished-at="2025-03-27T09:28:58 IST" duration-ms="182" status="PASS">
          <reporter-output>
          </reporter-output>
        </test-method> <!-- test08GetSupplierDetailsByAuctionId -->
        <test-method signature="test09GetAppliedUsersKyc()[pri:0, instance:admin.UserController@41a2befb]" started-at="2025-03-27T09:28:58 IST" name="test09GetAppliedUsersKyc" finished-at="2025-03-27T09:28:58 IST" duration-ms="23" status="PASS">
          <reporter-output>
          </reporter-output>
        </test-method> <!-- test09GetAppliedUsersKyc -->
        <test-method signature="test10GetInactiveUsers()[pri:0, instance:admin.UserController@41a2befb]" started-at="2025-03-27T09:28:58 IST" name="test10GetInactiveUsers" finished-at="2025-03-27T09:28:58 IST" duration-ms="91" status="PASS">
          <reporter-output>
          </reporter-output>
        </test-method> <!-- test10GetInactiveUsers -->
      </class> <!-- admin.UserController -->
      <class name="admin.BidController">
        <test-method signature="Test01PutBidUpdate()[pri:0, instance:admin.BidController@7bedc48a]" started-at="2025-03-27T09:30:04 IST" name="Test01PutBidUpdate" finished-at="2025-03-27T09:30:04 IST" duration-ms="21" status="PASS">
          <reporter-output>
          </reporter-output>
        </test-method> <!-- Test01PutBidUpdate -->
        <test-method signature="Test02PutBidUpdateJewellery()[pri:0, instance:admin.BidController@7bedc48a]" started-at="2025-03-27T09:30:04 IST" name="Test02PutBidUpdateJewellery" finished-at="2025-03-27T09:30:04 IST" duration-ms="23" status="PASS">
          <reporter-output>
          </reporter-output>
        </test-method> <!-- Test02PutBidUpdateJewellery -->
        <test-method signature="Test03PostMakeWinners()[pri:0, instance:admin.BidController@7bedc48a]" started-at="2025-03-27T09:30:04 IST" name="Test03PostMakeWinners" finished-at="2025-03-27T09:30:04 IST" duration-ms="55" status="PASS">
          <reporter-output>
          </reporter-output>
        </test-method> <!-- Test03PostMakeWinners -->
        <test-method signature="Test04GetBiddersInfo()[pri:0, instance:admin.BidController@7bedc48a]" started-at="2025-03-27T09:30:04 IST" name="Test04GetBiddersInfo" finished-at="2025-03-27T09:30:04 IST" duration-ms="90" status="PASS">
          <reporter-output>
          </reporter-output>
        </test-method> <!-- Test04GetBiddersInfo -->
        <test-method signature="Test11GetAllCounts()[pri:0, instance:admin.BidController@7bedc48a]" started-at="2025-03-27T09:30:04 IST" name="Test11GetAllCounts" finished-at="2025-03-27T09:30:04 IST" duration-ms="31" status="PASS">
          <reporter-output>
          </reporter-output>
        </test-method> <!-- Test11GetAllCounts -->
        <test-method signature="Test12GetBidHistory()[pri:0, instance:admin.BidController@7bedc48a]" started-at="2025-03-27T09:30:04 IST" name="Test12GetBidHistory" finished-at="2025-03-27T09:30:04 IST" duration-ms="28" status="FAIL">
          <exception class="java.lang.AssertionError">
            <message>
              <![CDATA[Expected 200 OK, but got: 404 expected [200] but found [404]]]>
            </message>
            <full-stacktrace>
              <![CDATA[java.lang.AssertionError: Expected 200 OK, but got: 404 expected [200] but found [404]
at org.testng.Assert.fail(Assert.java:99)
at org.testng.Assert.failNotEquals(Assert.java:1037)
at org.testng.Assert.assertEqualsImpl(Assert.java:140)
at org.testng.Assert.assertEquals(Assert.java:122)
at org.testng.Assert.assertEquals(Assert.java:907)
at admin.BidController.Test12GetBidHistory(BidController.java:569)
at java.base/jdk.internal.reflect.DirectMethodHandleAccessor.invoke(DirectMethodHandleAccessor.java:103)
at java.base/java.lang.reflect.Method.invoke(Method.java:580)
at org.testng.internal.MethodInvocationHelper.invokeMethod(MethodInvocationHelper.java:133)
at org.testng.internal.TestInvoker.invokeMethod(TestInvoker.java:598)
at org.testng.internal.TestInvoker.invokeTestMethod(TestInvoker.java:173)
at org.testng.internal.MethodRunner.runInSequence(MethodRunner.java:46)
at org.testng.internal.TestInvoker$MethodInvocationAgent.invoke(TestInvoker.java:824)
at org.testng.internal.TestInvoker.invokeTestMethods(TestInvoker.java:146)
at org.testng.internal.TestMethodWorker.invokeTestMethods(TestMethodWorker.java:146)
at org.testng.internal.TestMethodWorker.run(TestMethodWorker.java:128)
at java.base/java.util.ArrayList.forEach(ArrayList.java:1597)
at org.testng.TestRunner.privateRun(TestRunner.java:794)
at org.testng.TestRunner.run(TestRunner.java:596)
at org.testng.SuiteRunner.runTest(SuiteRunner.java:377)
at org.testng.SuiteRunner.runSequentially(SuiteRunner.java:371)
at org.testng.SuiteRunner.privateRun(SuiteRunner.java:332)
at org.testng.SuiteRunner.run(SuiteRunner.java:276)
at org.testng.SuiteRunnerWorker.runSuite(SuiteRunnerWorker.java:53)
at org.testng.SuiteRunnerWorker.run(SuiteRunnerWorker.java:96)
at org.testng.TestNG.runSuitesSequentially(TestNG.java:1212)
at org.testng.TestNG.runSuitesLocally(TestNG.java:1134)
at org.testng.TestNG.runSuites(TestNG.java:1063)
at org.testng.TestNG.run(TestNG.java:1031)
at org.testng.remote.AbstractRemoteTestNG.run(AbstractRemoteTestNG.java:115)
at org.testng.remote.RemoteTestNG.initAndRun(RemoteTestNG.java:293)
at org.testng.remote.RemoteTestNG.main(RemoteTestNG.java:91)
]]>
            </full-stacktrace>
          </exception> <!-- java.lang.AssertionError -->
          <reporter-output>
          </reporter-output>
        </test-method> <!-- Test12GetBidHistory -->
        <test-method signature="Test13GetBidDelete()[pri:0, instance:admin.BidController@7bedc48a]" started-at="2025-03-27T09:30:04 IST" name="Test13GetBidDelete" finished-at="2025-03-27T09:30:04 IST" duration-ms="27" status="FAIL">
          <exception class="java.lang.AssertionError">
            <message>
              <![CDATA[Expected 200 OK, 201 Created, or 204 No Content, but got: 401 expected [true] but found [false]]]>
            </message>
            <full-stacktrace>
              <![CDATA[java.lang.AssertionError: Expected 200 OK, 201 Created, or 204 No Content, but got: 401 expected [true] but found [false]
at org.testng.Assert.fail(Assert.java:99)
at org.testng.Assert.failNotEquals(Assert.java:1037)
at org.testng.Assert.assertTrue(Assert.java:45)
at admin.BidController.Test13GetBidDelete(BidController.java:630)
at java.base/jdk.internal.reflect.DirectMethodHandleAccessor.invoke(DirectMethodHandleAccessor.java:103)
at java.base/java.lang.reflect.Method.invoke(Method.java:580)
at org.testng.internal.MethodInvocationHelper.invokeMethod(MethodInvocationHelper.java:133)
at org.testng.internal.TestInvoker.invokeMethod(TestInvoker.java:598)
at org.testng.internal.TestInvoker.invokeTestMethod(TestInvoker.java:173)
at org.testng.internal.MethodRunner.runInSequence(MethodRunner.java:46)
at org.testng.internal.TestInvoker$MethodInvocationAgent.invoke(TestInvoker.java:824)
at org.testng.internal.TestInvoker.invokeTestMethods(TestInvoker.java:146)
at org.testng.internal.TestMethodWorker.invokeTestMethods(TestMethodWorker.java:146)
at org.testng.internal.TestMethodWorker.run(TestMethodWorker.java:128)
at java.base/java.util.ArrayList.forEach(ArrayList.java:1597)
at org.testng.TestRunner.privateRun(TestRunner.java:794)
at org.testng.TestRunner.run(TestRunner.java:596)
at org.testng.SuiteRunner.runTest(SuiteRunner.java:377)
at org.testng.SuiteRunner.runSequentially(SuiteRunner.java:371)
at org.testng.SuiteRunner.privateRun(SuiteRunner.java:332)
at org.testng.SuiteRunner.run(SuiteRunner.java:276)
at org.testng.SuiteRunnerWorker.runSuite(SuiteRunnerWorker.java:53)
at org.testng.SuiteRunnerWorker.run(SuiteRunnerWorker.java:96)
at org.testng.TestNG.runSuitesSequentially(TestNG.java:1212)
at org.testng.TestNG.runSuitesLocally(TestNG.java:1134)
at org.testng.TestNG.runSuites(TestNG.java:1063)
at org.testng.TestNG.run(TestNG.java:1031)
at org.testng.remote.AbstractRemoteTestNG.run(AbstractRemoteTestNG.java:115)
at org.testng.remote.RemoteTestNG.initAndRun(RemoteTestNG.java:293)
at org.testng.remote.RemoteTestNG.main(RemoteTestNG.java:91)
]]>
            </full-stacktrace>
          </exception> <!-- java.lang.AssertionError -->
          <reporter-output>
          </reporter-output>
        </test-method> <!-- Test13GetBidDelete -->
      </class> <!-- admin.BidController -->
      <class name="admin.LedgerController">
        <test-method signature="test01LedgerLedgerId()[pri:0, instance:admin.LedgerController@55b0dcab]" started-at="2025-03-27T09:30:04 IST" name="test01LedgerLedgerId" finished-at="2025-03-27T09:30:04 IST" duration-ms="22" status="PASS">
          <reporter-output>
          </reporter-output>
        </test-method> <!-- test01LedgerLedgerId -->
        <test-method signature="test02Ledger()[pri:0, instance:admin.LedgerController@55b0dcab]" started-at="2025-03-27T09:30:04 IST" name="test02Ledger" finished-at="2025-03-27T09:30:04 IST" duration-ms="26" status="FAIL">
          <exception class="java.lang.AssertionError">
            <message>
              <![CDATA[Expected 200 OK or 201 Created, but got: 500 expected [true] but found [false]]]>
            </message>
            <full-stacktrace>
              <![CDATA[java.lang.AssertionError: Expected 200 OK or 201 Created, but got: 500 expected [true] but found [false]
at org.testng.Assert.fail(Assert.java:99)
at org.testng.Assert.failNotEquals(Assert.java:1037)
at org.testng.Assert.assertTrue(Assert.java:45)
at admin.LedgerController.test02Ledger(LedgerController.java:135)
at java.base/jdk.internal.reflect.DirectMethodHandleAccessor.invoke(DirectMethodHandleAccessor.java:103)
at java.base/java.lang.reflect.Method.invoke(Method.java:580)
at org.testng.internal.MethodInvocationHelper.invokeMethod(MethodInvocationHelper.java:133)
at org.testng.internal.TestInvoker.invokeMethod(TestInvoker.java:598)
at org.testng.internal.TestInvoker.invokeTestMethod(TestInvoker.java:173)
at org.testng.internal.MethodRunner.runInSequence(MethodRunner.java:46)
at org.testng.internal.TestInvoker$MethodInvocationAgent.invoke(TestInvoker.java:824)
at org.testng.internal.TestInvoker.invokeTestMethods(TestInvoker.java:146)
at org.testng.internal.TestMethodWorker.invokeTestMethods(TestMethodWorker.java:146)
at org.testng.internal.TestMethodWorker.run(TestMethodWorker.java:128)
at java.base/java.util.ArrayList.forEach(ArrayList.java:1597)
at org.testng.TestRunner.privateRun(TestRunner.java:794)
at org.testng.TestRunner.run(TestRunner.java:596)
at org.testng.SuiteRunner.runTest(SuiteRunner.java:377)
at org.testng.SuiteRunner.runSequentially(SuiteRunner.java:371)
at org.testng.SuiteRunner.privateRun(SuiteRunner.java:332)
at org.testng.SuiteRunner.run(SuiteRunner.java:276)
at org.testng.SuiteRunnerWorker.runSuite(SuiteRunnerWorker.java:53)
at org.testng.SuiteRunnerWorker.run(SuiteRunnerWorker.java:96)
at org.testng.TestNG.runSuitesSequentially(TestNG.java:1212)
at org.testng.TestNG.runSuitesLocally(TestNG.java:1134)
at org.testng.TestNG.runSuites(TestNG.java:1063)
at org.testng.TestNG.run(TestNG.java:1031)
at org.testng.remote.AbstractRemoteTestNG.run(AbstractRemoteTestNG.java:115)
at org.testng.remote.RemoteTestNG.initAndRun(RemoteTestNG.java:293)
at org.testng.remote.RemoteTestNG.main(RemoteTestNG.java:91)
]]>
            </full-stacktrace>
          </exception> <!-- java.lang.AssertionError -->
          <reporter-output>
          </reporter-output>
        </test-method> <!-- test02Ledger -->
        <test-method signature="test03Ledgers()[pri:0, instance:admin.LedgerController@55b0dcab]" started-at="2025-03-27T09:30:04 IST" name="test03Ledgers" finished-at="2025-03-27T09:30:04 IST" duration-ms="26" status="PASS">
          <reporter-output>
          </reporter-output>
        </test-method> <!-- test03Ledgers -->
      </class> <!-- admin.LedgerController -->
      <class name="admin.InvoiceDetailsController">
        <test-method signature="test01UserIdAuctionId()[pri:0, instance:admin.InvoiceDetailsController@2df3b89c]" started-at="2025-03-27T09:30:07 IST" name="test01UserIdAuctionId" finished-at="2025-03-27T09:30:07 IST" duration-ms="23" status="PASS">
          <reporter-output>
          </reporter-output>
        </test-method> <!-- test01UserIdAuctionId -->
        <test-method signature="test02InvoiceDetails()[pri:0, instance:admin.InvoiceDetailsController@2df3b89c]" started-at="2025-03-27T09:30:07 IST" name="test02InvoiceDetails" finished-at="2025-03-27T09:30:07 IST" duration-ms="41" status="PASS">
          <reporter-output>
          </reporter-output>
        </test-method> <!-- test02InvoiceDetails -->
        <test-method signature="test03InvoiceDetailsAllAuctionId()[pri:0, instance:admin.InvoiceDetailsController@2df3b89c]" started-at="2025-03-27T09:30:07 IST" name="test03InvoiceDetailsAllAuctionId" finished-at="2025-03-27T09:30:07 IST" duration-ms="107" status="PASS">
          <reporter-output>
          </reporter-output>
        </test-method> <!-- test03InvoiceDetailsAllAuctionId -->
        <test-method signature="test04InvoiceDetailUserIdAuctionId()[pri:0, instance:admin.InvoiceDetailsController@2df3b89c]" started-at="2025-03-27T09:30:07 IST" name="test04InvoiceDetailUserIdAuctionId" finished-at="2025-03-27T09:30:07 IST" duration-ms="19" status="PASS">
          <reporter-output>
          </reporter-output>
        </test-method> <!-- test04InvoiceDetailUserIdAuctionId -->
        <test-method signature="test05invoideDetailsAll()[pri:0, instance:admin.InvoiceDetailsController@2df3b89c]" started-at="2025-03-27T09:30:07 IST" name="test05invoideDetailsAll" finished-at="2025-03-27T09:30:07 IST" duration-ms="20" status="PASS">
          <reporter-output>
          </reporter-output>
        </test-method> <!-- test05invoideDetailsAll -->
      </class> <!-- admin.InvoiceDetailsController -->
      <class name="admin.FilterController">
        <test-method signature="test01GetFilter()[pri:0, instance:admin.FilterController@38afe297]" started-at="2025-03-27T09:30:04 IST" name="test01GetFilter" finished-at="2025-03-27T09:30:07 IST" duration-ms="2183" status="PASS">
          <reporter-output>
          </reporter-output>
        </test-method> <!-- test01GetFilter -->
      </class> <!-- admin.FilterController -->
      <class name="admin.AuthenticationController">
        <test-method signature="test01AuthRegister()[pri:0, instance:admin.AuthenticationController@23348b5d]" started-at="2025-03-27T09:30:07 IST" name="test01AuthRegister" finished-at="2025-03-27T09:30:07 IST" duration-ms="73" status="PASS">
          <reporter-output>
          </reporter-output>
        </test-method> <!-- test01AuthRegister -->
      </class> <!-- admin.AuthenticationController -->
      <class name="admin.LabController">
        <test-method signature="Test01LabLabId()[pri:0, instance:admin.LabController@70325e14]" started-at="2025-03-27T09:30:07 IST" name="Test01LabLabId" finished-at="2025-03-27T09:30:07 IST" duration-ms="28" status="PASS">
          <reporter-output>
          </reporter-output>
        </test-method> <!-- Test01LabLabId -->
        <test-method signature="Test02Lab()[pri:0, instance:admin.LabController@70325e14]" started-at="2025-03-27T09:30:07 IST" name="Test02Lab" finished-at="2025-03-27T09:30:07 IST" duration-ms="36" status="PASS">
          <reporter-output>
          </reporter-output>
        </test-method> <!-- Test02Lab -->
        <test-method signature="Test03LabExcel()[pri:0, instance:admin.LabController@70325e14]" started-at="2025-03-27T09:30:07 IST" name="Test03LabExcel" finished-at="2025-03-27T09:30:07 IST" duration-ms="105" status="FAIL">
          <exception class="java.lang.AssertionError">
            <message>
              <![CDATA[Expected 200 OK or 201 Created, but got: 417 expected [true] but found [false]]]>
            </message>
            <full-stacktrace>
              <![CDATA[java.lang.AssertionError: Expected 200 OK or 201 Created, but got: 417 expected [true] but found [false]
at org.testng.Assert.fail(Assert.java:99)
at org.testng.Assert.failNotEquals(Assert.java:1037)
at org.testng.Assert.assertTrue(Assert.java:45)
at admin.LabController.Test03LabExcel(LabController.java:225)
at java.base/jdk.internal.reflect.DirectMethodHandleAccessor.invoke(DirectMethodHandleAccessor.java:103)
at java.base/java.lang.reflect.Method.invoke(Method.java:580)
at org.testng.internal.MethodInvocationHelper.invokeMethod(MethodInvocationHelper.java:133)
at org.testng.internal.TestInvoker.invokeMethod(TestInvoker.java:598)
at org.testng.internal.TestInvoker.invokeTestMethod(TestInvoker.java:173)
at org.testng.internal.MethodRunner.runInSequence(MethodRunner.java:46)
at org.testng.internal.TestInvoker$MethodInvocationAgent.invoke(TestInvoker.java:824)
at org.testng.internal.TestInvoker.invokeTestMethods(TestInvoker.java:146)
at org.testng.internal.TestMethodWorker.invokeTestMethods(TestMethodWorker.java:146)
at org.testng.internal.TestMethodWorker.run(TestMethodWorker.java:128)
at java.base/java.util.ArrayList.forEach(ArrayList.java:1597)
at org.testng.TestRunner.privateRun(TestRunner.java:794)
at org.testng.TestRunner.run(TestRunner.java:596)
at org.testng.SuiteRunner.runTest(SuiteRunner.java:377)
at org.testng.SuiteRunner.runSequentially(SuiteRunner.java:371)
at org.testng.SuiteRunner.privateRun(SuiteRunner.java:332)
at org.testng.SuiteRunner.run(SuiteRunner.java:276)
at org.testng.SuiteRunnerWorker.runSuite(SuiteRunnerWorker.java:53)
at org.testng.SuiteRunnerWorker.run(SuiteRunnerWorker.java:96)
at org.testng.TestNG.runSuitesSequentially(TestNG.java:1212)
at org.testng.TestNG.runSuitesLocally(TestNG.java:1134)
at org.testng.TestNG.runSuites(TestNG.java:1063)
at org.testng.TestNG.run(TestNG.java:1031)
at org.testng.remote.AbstractRemoteTestNG.run(AbstractRemoteTestNG.java:115)
at org.testng.remote.RemoteTestNG.initAndRun(RemoteTestNG.java:293)
at org.testng.remote.RemoteTestNG.main(RemoteTestNG.java:91)
]]>
            </full-stacktrace>
          </exception> <!-- java.lang.AssertionError -->
          <reporter-output>
          </reporter-output>
        </test-method> <!-- Test03LabExcel -->
        <test-method signature="Test04Labs()[pri:0, instance:admin.LabController@70325e14]" started-at="2025-03-27T09:30:07 IST" name="Test04Labs" finished-at="2025-03-27T09:30:07 IST" duration-ms="227" status="PASS">
          <reporter-output>
          </reporter-output>
        </test-method> <!-- Test04Labs -->
      </class> <!-- admin.LabController -->
      <class name="admin.ColorController">
        <test-method signature="Test01PutColorId()[pri:0, instance:admin.ColorController@37ceb1df]" started-at="2025-03-27T09:30:07 IST" name="Test01PutColorId" finished-at="2025-03-27T09:30:07 IST" duration-ms="22" status="PASS">
          <reporter-output>
          </reporter-output>
        </test-method> <!-- Test01PutColorId -->
        <test-method signature="Test02PostColor()[pri:0, instance:admin.ColorController@37ceb1df]" started-at="2025-03-27T09:30:07 IST" name="Test02PostColor" finished-at="2025-03-27T09:30:07 IST" duration-ms="20" status="PASS">
          <reporter-output>
          </reporter-output>
        </test-method> <!-- Test02PostColor -->
        <test-method signature="Test03PostColorExcel()[pri:0, instance:admin.ColorController@37ceb1df]" started-at="2025-03-27T09:30:07 IST" name="Test03PostColorExcel" finished-at="2025-03-27T09:30:07 IST" duration-ms="69" status="FAIL">
          <exception class="java.lang.AssertionError">
            <message>
              <![CDATA[Expected 200 OK or 201 Created, but got: 500 expected [true] but found [false]]]>
            </message>
            <full-stacktrace>
              <![CDATA[java.lang.AssertionError: Expected 200 OK or 201 Created, but got: 500 expected [true] but found [false]
at org.testng.Assert.fail(Assert.java:99)
at org.testng.Assert.failNotEquals(Assert.java:1037)
at org.testng.Assert.assertTrue(Assert.java:45)
at admin.ColorController.Test03PostColorExcel(ColorController.java:208)
at java.base/jdk.internal.reflect.DirectMethodHandleAccessor.invoke(DirectMethodHandleAccessor.java:103)
at java.base/java.lang.reflect.Method.invoke(Method.java:580)
at org.testng.internal.MethodInvocationHelper.invokeMethod(MethodInvocationHelper.java:133)
at org.testng.internal.TestInvoker.invokeMethod(TestInvoker.java:598)
at org.testng.internal.TestInvoker.invokeTestMethod(TestInvoker.java:173)
at org.testng.internal.MethodRunner.runInSequence(MethodRunner.java:46)
at org.testng.internal.TestInvoker$MethodInvocationAgent.invoke(TestInvoker.java:824)
at org.testng.internal.TestInvoker.invokeTestMethods(TestInvoker.java:146)
at org.testng.internal.TestMethodWorker.invokeTestMethods(TestMethodWorker.java:146)
at org.testng.internal.TestMethodWorker.run(TestMethodWorker.java:128)
at java.base/java.util.ArrayList.forEach(ArrayList.java:1597)
at org.testng.TestRunner.privateRun(TestRunner.java:794)
at org.testng.TestRunner.run(TestRunner.java:596)
at org.testng.SuiteRunner.runTest(SuiteRunner.java:377)
at org.testng.SuiteRunner.runSequentially(SuiteRunner.java:371)
at org.testng.SuiteRunner.privateRun(SuiteRunner.java:332)
at org.testng.SuiteRunner.run(SuiteRunner.java:276)
at org.testng.SuiteRunnerWorker.runSuite(SuiteRunnerWorker.java:53)
at org.testng.SuiteRunnerWorker.run(SuiteRunnerWorker.java:96)
at org.testng.TestNG.runSuitesSequentially(TestNG.java:1212)
at org.testng.TestNG.runSuitesLocally(TestNG.java:1134)
at org.testng.TestNG.runSuites(TestNG.java:1063)
at org.testng.TestNG.run(TestNG.java:1031)
at org.testng.remote.AbstractRemoteTestNG.run(AbstractRemoteTestNG.java:115)
at org.testng.remote.RemoteTestNG.initAndRun(RemoteTestNG.java:293)
at org.testng.remote.RemoteTestNG.main(RemoteTestNG.java:91)
]]>
            </full-stacktrace>
          </exception> <!-- java.lang.AssertionError -->
          <reporter-output>
          </reporter-output>
        </test-method> <!-- Test03PostColorExcel -->
        <test-method signature="Test04GetColors()[pri:0, instance:admin.ColorController@37ceb1df]" started-at="2025-03-27T09:30:07 IST" name="Test04GetColors" finished-at="2025-03-27T09:30:08 IST" duration-ms="695" status="PASS">
          <reporter-output>
          </reporter-output>
        </test-method> <!-- Test04GetColors -->
      </class> <!-- admin.ColorController -->
      <class name="admin.FluoresceneController">
        <test-method signature="test01PutFluoresceneID()[pri:0, instance:admin.FluoresceneController@7c9d8e2]" started-at="2025-03-27T09:30:08 IST" name="test01PutFluoresceneID" finished-at="2025-03-27T09:30:08 IST" duration-ms="24" status="PASS">
          <reporter-output>
          </reporter-output>
        </test-method> <!-- test01PutFluoresceneID -->
        <test-method signature="test02PostFluorescene()[pri:0, instance:admin.FluoresceneController@7c9d8e2]" started-at="2025-03-27T09:30:08 IST" name="test02PostFluorescene" finished-at="2025-03-27T09:30:08 IST" duration-ms="26" status="PASS">
          <reporter-output>
          </reporter-output>
        </test-method> <!-- test02PostFluorescene -->
        <test-method signature="test04GetFluorescenes()[pri:0, instance:admin.FluoresceneController@7c9d8e2]" started-at="2025-03-27T09:30:08 IST" name="test04GetFluorescenes" finished-at="2025-03-27T09:30:08 IST" duration-ms="282" status="PASS">
          <reporter-output>
          </reporter-output>
        </test-method> <!-- test04GetFluorescenes -->
        <test-method signature="tset03PostFluoresceneExcel()[pri:0, instance:admin.FluoresceneController@7c9d8e2]" started-at="2025-03-27T09:30:08 IST" name="tset03PostFluoresceneExcel" finished-at="2025-03-27T09:30:09 IST" duration-ms="82" status="FAIL">
          <exception class="java.lang.AssertionError">
            <message>
              <![CDATA[Expected 200 OK or 201 Created, but got: 417 expected [true] but found [false]]]>
            </message>
            <full-stacktrace>
              <![CDATA[java.lang.AssertionError: Expected 200 OK or 201 Created, but got: 417 expected [true] but found [false]
at org.testng.Assert.fail(Assert.java:99)
at org.testng.Assert.failNotEquals(Assert.java:1037)
at org.testng.Assert.assertTrue(Assert.java:45)
at admin.FluoresceneController.tset03PostFluoresceneExcel(FluoresceneController.java:217)
at java.base/jdk.internal.reflect.DirectMethodHandleAccessor.invoke(DirectMethodHandleAccessor.java:103)
at java.base/java.lang.reflect.Method.invoke(Method.java:580)
at org.testng.internal.MethodInvocationHelper.invokeMethod(MethodInvocationHelper.java:133)
at org.testng.internal.TestInvoker.invokeMethod(TestInvoker.java:598)
at org.testng.internal.TestInvoker.invokeTestMethod(TestInvoker.java:173)
at org.testng.internal.MethodRunner.runInSequence(MethodRunner.java:46)
at org.testng.internal.TestInvoker$MethodInvocationAgent.invoke(TestInvoker.java:824)
at org.testng.internal.TestInvoker.invokeTestMethods(TestInvoker.java:146)
at org.testng.internal.TestMethodWorker.invokeTestMethods(TestMethodWorker.java:146)
at org.testng.internal.TestMethodWorker.run(TestMethodWorker.java:128)
at java.base/java.util.ArrayList.forEach(ArrayList.java:1597)
at org.testng.TestRunner.privateRun(TestRunner.java:794)
at org.testng.TestRunner.run(TestRunner.java:596)
at org.testng.SuiteRunner.runTest(SuiteRunner.java:377)
at org.testng.SuiteRunner.runSequentially(SuiteRunner.java:371)
at org.testng.SuiteRunner.privateRun(SuiteRunner.java:332)
at org.testng.SuiteRunner.run(SuiteRunner.java:276)
at org.testng.SuiteRunnerWorker.runSuite(SuiteRunnerWorker.java:53)
at org.testng.SuiteRunnerWorker.run(SuiteRunnerWorker.java:96)
at org.testng.TestNG.runSuitesSequentially(TestNG.java:1212)
at org.testng.TestNG.runSuitesLocally(TestNG.java:1134)
at org.testng.TestNG.runSuites(TestNG.java:1063)
at org.testng.TestNG.run(TestNG.java:1031)
at org.testng.remote.AbstractRemoteTestNG.run(AbstractRemoteTestNG.java:115)
at org.testng.remote.RemoteTestNG.initAndRun(RemoteTestNG.java:293)
at org.testng.remote.RemoteTestNG.main(RemoteTestNG.java:91)
]]>
            </full-stacktrace>
          </exception> <!-- java.lang.AssertionError -->
          <reporter-output>
          </reporter-output>
        </test-method> <!-- tset03PostFluoresceneExcel -->
      </class> <!-- admin.FluoresceneController -->
      <class name="admin.CountryController">
        <test-method signature="test01GetCountryId()[pri:0, instance:admin.CountryController@20d525]" started-at="2025-03-27T09:30:09 IST" name="test01GetCountryId" finished-at="2025-03-27T09:30:09 IST" duration-ms="22" status="FAIL">
          <exception class="java.lang.AssertionError">
            <message>
              <![CDATA[Expected 200 OK, but got: 500 expected [200] but found [500]]]>
            </message>
            <full-stacktrace>
              <![CDATA[java.lang.AssertionError: Expected 200 OK, but got: 500 expected [200] but found [500]
at org.testng.Assert.fail(Assert.java:99)
at org.testng.Assert.failNotEquals(Assert.java:1037)
at org.testng.Assert.assertEqualsImpl(Assert.java:140)
at org.testng.Assert.assertEquals(Assert.java:122)
at org.testng.Assert.assertEquals(Assert.java:907)
at admin.CountryController.test01GetCountryId(CountryController.java:71)
at java.base/jdk.internal.reflect.DirectMethodHandleAccessor.invoke(DirectMethodHandleAccessor.java:103)
at java.base/java.lang.reflect.Method.invoke(Method.java:580)
at org.testng.internal.MethodInvocationHelper.invokeMethod(MethodInvocationHelper.java:133)
at org.testng.internal.TestInvoker.invokeMethod(TestInvoker.java:598)
at org.testng.internal.TestInvoker.invokeTestMethod(TestInvoker.java:173)
at org.testng.internal.MethodRunner.runInSequence(MethodRunner.java:46)
at org.testng.internal.TestInvoker$MethodInvocationAgent.invoke(TestInvoker.java:824)
at org.testng.internal.TestInvoker.invokeTestMethods(TestInvoker.java:146)
at org.testng.internal.TestMethodWorker.invokeTestMethods(TestMethodWorker.java:146)
at org.testng.internal.TestMethodWorker.run(TestMethodWorker.java:128)
at java.base/java.util.ArrayList.forEach(ArrayList.java:1597)
at org.testng.TestRunner.privateRun(TestRunner.java:794)
at org.testng.TestRunner.run(TestRunner.java:596)
at org.testng.SuiteRunner.runTest(SuiteRunner.java:377)
at org.testng.SuiteRunner.runSequentially(SuiteRunner.java:371)
at org.testng.SuiteRunner.privateRun(SuiteRunner.java:332)
at org.testng.SuiteRunner.run(SuiteRunner.java:276)
at org.testng.SuiteRunnerWorker.runSuite(SuiteRunnerWorker.java:53)
at org.testng.SuiteRunnerWorker.run(SuiteRunnerWorker.java:96)
at org.testng.TestNG.runSuitesSequentially(TestNG.java:1212)
at org.testng.TestNG.runSuitesLocally(TestNG.java:1134)
at org.testng.TestNG.runSuites(TestNG.java:1063)
at org.testng.TestNG.run(TestNG.java:1031)
at org.testng.remote.AbstractRemoteTestNG.run(AbstractRemoteTestNG.java:115)
at org.testng.remote.RemoteTestNG.initAndRun(RemoteTestNG.java:293)
at org.testng.remote.RemoteTestNG.main(RemoteTestNG.java:91)
]]>
            </full-stacktrace>
          </exception> <!-- java.lang.AssertionError -->
          <reporter-output>
          </reporter-output>
        </test-method> <!-- test01GetCountryId -->
        <test-method signature="test02PutCountryId()[pri:0, instance:admin.CountryController@20d525]" started-at="2025-03-27T09:30:09 IST" name="test02PutCountryId" finished-at="2025-03-27T09:30:09 IST" duration-ms="21" status="PASS">
          <reporter-output>
          </reporter-output>
        </test-method> <!-- test02PutCountryId -->
        <test-method signature="test03PostCountry()[pri:0, instance:admin.CountryController@20d525]" started-at="2025-03-27T09:30:09 IST" name="test03PostCountry" finished-at="2025-03-27T09:30:09 IST" duration-ms="29" status="PASS">
          <reporter-output>
          </reporter-output>
        </test-method> <!-- test03PostCountry -->
        <test-method signature="test04GetCountries()[pri:0, instance:admin.CountryController@20d525]" started-at="2025-03-27T09:30:09 IST" name="test04GetCountries" finished-at="2025-03-27T09:30:09 IST" duration-ms="22" status="PASS">
          <reporter-output>
          </reporter-output>
        </test-method> <!-- test04GetCountries -->
      </class> <!-- admin.CountryController -->
      <class name="admin.BrandController">
        <test-method signature="test01PutBrand()[pri:0, instance:admin.BrandController@6200f9cb]" started-at="2025-03-27T09:30:09 IST" name="test01PutBrand" finished-at="2025-03-27T09:30:09 IST" duration-ms="39" status="PASS">
          <reporter-output>
          </reporter-output>
        </test-method> <!-- test01PutBrand -->
        <test-method signature="test02GetBrand()[pri:0, instance:admin.BrandController@6200f9cb]" started-at="2025-03-27T09:30:09 IST" name="test02GetBrand" finished-at="2025-03-27T09:30:09 IST" duration-ms="87" status="PASS">
          <reporter-output>
          </reporter-output>
        </test-method> <!-- test02GetBrand -->
        <test-method signature="test03PostBrand()[pri:0, instance:admin.BrandController@6200f9cb]" started-at="2025-03-27T09:30:09 IST" name="test03PostBrand" finished-at="2025-03-27T09:30:09 IST" duration-ms="30" status="PASS">
          <reporter-output>
          </reporter-output>
        </test-method> <!-- test03PostBrand -->
        <test-method signature="test05GetBrands()[pri:0, instance:admin.BrandController@6200f9cb]" started-at="2025-03-27T09:30:09 IST" name="test05GetBrands" finished-at="2025-03-27T09:30:09 IST" duration-ms="26" status="PASS">
          <reporter-output>
          </reporter-output>
        </test-method> <!-- test05GetBrands -->
      </class> <!-- admin.BrandController -->
      <class name="admin.ImageController">
        <test-method signature="Test01GetTopbarLogo()[pri:0, instance:admin.ImageController@2002fc1d]" started-at="2025-03-27T09:30:09 IST" name="Test01GetTopbarLogo" finished-at="2025-03-27T09:30:13 IST" duration-ms="4211" status="PASS">
          <reporter-output>
          </reporter-output>
        </test-method> <!-- Test01GetTopbarLogo -->
        <test-method signature="Test02GetImages()[pri:0, instance:admin.ImageController@2002fc1d]" started-at="2025-03-27T09:30:13 IST" name="Test02GetImages" finished-at="2025-03-27T09:30:13 IST" duration-ms="219" status="FAIL">
          <exception class="java.lang.AssertionError">
            <message>
              <![CDATA[Expected 200 OK, but got: 404 expected [200] but found [404]]]>
            </message>
            <full-stacktrace>
              <![CDATA[java.lang.AssertionError: Expected 200 OK, but got: 404 expected [200] but found [404]
at org.testng.Assert.fail(Assert.java:99)
at org.testng.Assert.failNotEquals(Assert.java:1037)
at org.testng.Assert.assertEqualsImpl(Assert.java:140)
at org.testng.Assert.assertEquals(Assert.java:122)
at org.testng.Assert.assertEquals(Assert.java:907)
at admin.ImageController.Test02GetImages(ImageController.java:120)
at java.base/jdk.internal.reflect.DirectMethodHandleAccessor.invoke(DirectMethodHandleAccessor.java:103)
at java.base/java.lang.reflect.Method.invoke(Method.java:580)
at org.testng.internal.MethodInvocationHelper.invokeMethod(MethodInvocationHelper.java:133)
at org.testng.internal.TestInvoker.invokeMethod(TestInvoker.java:598)
at org.testng.internal.TestInvoker.invokeTestMethod(TestInvoker.java:173)
at org.testng.internal.MethodRunner.runInSequence(MethodRunner.java:46)
at org.testng.internal.TestInvoker$MethodInvocationAgent.invoke(TestInvoker.java:824)
at org.testng.internal.TestInvoker.invokeTestMethods(TestInvoker.java:146)
at org.testng.internal.TestMethodWorker.invokeTestMethods(TestMethodWorker.java:146)
at org.testng.internal.TestMethodWorker.run(TestMethodWorker.java:128)
at java.base/java.util.ArrayList.forEach(ArrayList.java:1597)
at org.testng.TestRunner.privateRun(TestRunner.java:794)
at org.testng.TestRunner.run(TestRunner.java:596)
at org.testng.SuiteRunner.runTest(SuiteRunner.java:377)
at org.testng.SuiteRunner.runSequentially(SuiteRunner.java:371)
at org.testng.SuiteRunner.privateRun(SuiteRunner.java:332)
at org.testng.SuiteRunner.run(SuiteRunner.java:276)
at org.testng.SuiteRunnerWorker.runSuite(SuiteRunnerWorker.java:53)
at org.testng.SuiteRunnerWorker.run(SuiteRunnerWorker.java:96)
at org.testng.TestNG.runSuitesSequentially(TestNG.java:1212)
at org.testng.TestNG.runSuitesLocally(TestNG.java:1134)
at org.testng.TestNG.runSuites(TestNG.java:1063)
at org.testng.TestNG.run(TestNG.java:1031)
at org.testng.remote.AbstractRemoteTestNG.run(AbstractRemoteTestNG.java:115)
at org.testng.remote.RemoteTestNG.initAndRun(RemoteTestNG.java:293)
at org.testng.remote.RemoteTestNG.main(RemoteTestNG.java:91)
]]>
            </full-stacktrace>
          </exception> <!-- java.lang.AssertionError -->
          <reporter-output>
          </reporter-output>
        </test-method> <!-- Test02GetImages -->
        <test-method signature="Test03GetFetchImages()[pri:0, instance:admin.ImageController@2002fc1d]" started-at="2025-03-27T09:30:13 IST" name="Test03GetFetchImages" finished-at="2025-03-27T09:30:13 IST" duration-ms="210" status="FAIL">
          <exception class="java.lang.AssertionError">
            <message>
              <![CDATA[Expected 200 OK, but got: 404 expected [200] but found [404]]]>
            </message>
            <full-stacktrace>
              <![CDATA[java.lang.AssertionError: Expected 200 OK, but got: 404 expected [200] but found [404]
at org.testng.Assert.fail(Assert.java:99)
at org.testng.Assert.failNotEquals(Assert.java:1037)
at org.testng.Assert.assertEqualsImpl(Assert.java:140)
at org.testng.Assert.assertEquals(Assert.java:122)
at org.testng.Assert.assertEquals(Assert.java:907)
at admin.ImageController.Test03GetFetchImages(ImageController.java:175)
at java.base/jdk.internal.reflect.DirectMethodHandleAccessor.invoke(DirectMethodHandleAccessor.java:103)
at java.base/java.lang.reflect.Method.invoke(Method.java:580)
at org.testng.internal.MethodInvocationHelper.invokeMethod(MethodInvocationHelper.java:133)
at org.testng.internal.TestInvoker.invokeMethod(TestInvoker.java:598)
at org.testng.internal.TestInvoker.invokeTestMethod(TestInvoker.java:173)
at org.testng.internal.MethodRunner.runInSequence(MethodRunner.java:46)
at org.testng.internal.TestInvoker$MethodInvocationAgent.invoke(TestInvoker.java:824)
at org.testng.internal.TestInvoker.invokeTestMethods(TestInvoker.java:146)
at org.testng.internal.TestMethodWorker.invokeTestMethods(TestMethodWorker.java:146)
at org.testng.internal.TestMethodWorker.run(TestMethodWorker.java:128)
at java.base/java.util.ArrayList.forEach(ArrayList.java:1597)
at org.testng.TestRunner.privateRun(TestRunner.java:794)
at org.testng.TestRunner.run(TestRunner.java:596)
at org.testng.SuiteRunner.runTest(SuiteRunner.java:377)
at org.testng.SuiteRunner.runSequentially(SuiteRunner.java:371)
at org.testng.SuiteRunner.privateRun(SuiteRunner.java:332)
at org.testng.SuiteRunner.run(SuiteRunner.java:276)
at org.testng.SuiteRunnerWorker.runSuite(SuiteRunnerWorker.java:53)
at org.testng.SuiteRunnerWorker.run(SuiteRunnerWorker.java:96)
at org.testng.TestNG.runSuitesSequentially(TestNG.java:1212)
at org.testng.TestNG.runSuitesLocally(TestNG.java:1134)
at org.testng.TestNG.runSuites(TestNG.java:1063)
at org.testng.TestNG.run(TestNG.java:1031)
at org.testng.remote.AbstractRemoteTestNG.run(AbstractRemoteTestNG.java:115)
at org.testng.remote.RemoteTestNG.initAndRun(RemoteTestNG.java:293)
at org.testng.remote.RemoteTestNG.main(RemoteTestNG.java:91)
]]>
            </full-stacktrace>
          </exception> <!-- java.lang.AssertionError -->
          <reporter-output>
          </reporter-output>
        </test-method> <!-- Test03GetFetchImages -->
        <test-method signature="Test04GetBulkBidThumbnailLogo()[pri:0, instance:admin.ImageController@2002fc1d]" started-at="2025-03-27T09:30:13 IST" name="Test04GetBulkBidThumbnailLogo" finished-at="2025-03-27T09:30:25 IST" duration-ms="11406" status="PASS">
          <reporter-output>
          </reporter-output>
        </test-method> <!-- Test04GetBulkBidThumbnailLogo -->
      </class> <!-- admin.ImageController -->
      <class name="admin.UserControllerMerged">
        <test-method signature="Test01GetUserSummary()[pri:0, instance:admin.UserControllerMerged@69453e37]" started-at="2025-03-27T09:30:25 IST" name="Test01GetUserSummary" finished-at="2025-03-27T09:30:29 IST" duration-ms="4366" status="PASS">
          <reporter-output>
          </reporter-output>
        </test-method> <!-- Test01GetUserSummary -->
        <test-method signature="Test02GetUserRole()[pri:0, instance:admin.UserControllerMerged@69453e37]" started-at="2025-03-27T09:30:29 IST" name="Test02GetUserRole" finished-at="2025-03-27T09:30:29 IST" duration-ms="22" status="PASS">
          <reporter-output>
          </reporter-output>
        </test-method> <!-- Test02GetUserRole -->
        <test-method signature="Test03GetUserAccountSummary()[pri:0, instance:admin.UserControllerMerged@69453e37]" started-at="2025-03-27T09:30:29 IST" name="Test03GetUserAccountSummary" finished-at="2025-03-27T09:30:34 IST" duration-ms="4400" status="PASS">
          <reporter-output>
          </reporter-output>
        </test-method> <!-- Test03GetUserAccountSummary -->
      </class> <!-- admin.UserControllerMerged -->
      <class name="admin.ForgotPasswordController">
        <test-method signature="test01AuthResetPassword()[pri:0, instance:admin.ForgotPasswordController@6f4a47c7]" started-at="2025-03-27T09:30:34 IST" name="test01AuthResetPassword" finished-at="2025-03-27T09:30:34 IST" duration-ms="45" status="PASS">
          <reporter-output>
          </reporter-output>
        </test-method> <!-- test01AuthResetPassword -->
        <test-method signature="test02AuthForgotPassword()[pri:0, instance:admin.ForgotPasswordController@6f4a47c7]" started-at="2025-03-27T09:30:34 IST" name="test02AuthForgotPassword" finished-at="2025-03-27T09:30:34 IST" duration-ms="33" status="PASS">
          <reporter-output>
          </reporter-output>
        </test-method> <!-- test02AuthForgotPassword -->
      </class> <!-- admin.ForgotPasswordController -->
      <class name="admin.AuctionController">
        <test-method signature="test01PutAuctionId()[pri:0, instance:admin.AuctionController@ae13544]" started-at="2025-03-27T09:30:34 IST" name="test01PutAuctionId" finished-at="2025-03-27T09:30:34 IST" duration-ms="21" status="PASS">
          <reporter-output>
          </reporter-output>
        </test-method> <!-- test01PutAuctionId -->
        <test-method signature="test02DeleteAuctionId()[pri:0, instance:admin.AuctionController@ae13544]" started-at="2025-03-27T09:30:34 IST" name="test02DeleteAuctionId" finished-at="2025-03-27T09:30:34 IST" duration-ms="20" status="PASS">
          <reporter-output>
          </reporter-output>
        </test-method> <!-- test02DeleteAuctionId -->
        <test-method signature="test03PostAuction()[pri:0, instance:admin.AuctionController@ae13544]" started-at="2025-03-27T09:30:34 IST" name="test03PostAuction" finished-at="2025-03-27T09:30:34 IST" duration-ms="29" status="PASS">
          <reporter-output>
          </reporter-output>
        </test-method> <!-- test03PostAuction -->
        <test-method signature="test04PostAuctionSupplierUpdateEmails()[pri:0, instance:admin.AuctionController@ae13544]" started-at="2025-03-27T09:30:34 IST" name="test04PostAuctionSupplierUpdateEmails" finished-at="2025-03-27T09:30:34 IST" duration-ms="30" status="PASS">
          <reporter-output>
          </reporter-output>
        </test-method> <!-- test04PostAuctionSupplierUpdateEmails -->
        <test-method signature="test05PostAuctionSentEmails()[pri:0, instance:admin.AuctionController@ae13544]" started-at="2025-03-27T09:30:34 IST" name="test05PostAuctionSentEmails" finished-at="2025-03-27T09:30:34 IST" duration-ms="20" status="PASS">
          <reporter-output>
          </reporter-output>
        </test-method> <!-- test05PostAuctionSentEmails -->
        <test-method signature="test06GetAuctions()[pri:0, instance:admin.AuctionController@ae13544]" started-at="2025-03-27T09:30:34 IST" name="test06GetAuctions" finished-at="2025-03-27T09:30:35 IST" duration-ms="1022" status="PASS">
          <reporter-output>
          </reporter-output>
        </test-method> <!-- test06GetAuctions -->
        <test-method signature="test07GetAuctionView()[pri:0, instance:admin.AuctionController@ae13544]" started-at="2025-03-27T09:30:35 IST" name="test07GetAuctionView" finished-at="2025-03-27T09:30:35 IST" duration-ms="25" status="PASS">
          <reporter-output>
          </reporter-output>
        </test-method> <!-- test07GetAuctionView -->
        <test-method signature="test08GetAuctionsUpcoming()[pri:0, instance:admin.AuctionController@ae13544]" started-at="2025-03-27T09:30:35 IST" name="test08GetAuctionsUpcoming" finished-at="2025-03-27T09:30:35 IST" duration-ms="236" status="PASS">
          <reporter-output>
          </reporter-output>
        </test-method> <!-- test08GetAuctionsUpcoming -->
        <test-method signature="test09GetAuctionsUpcomingJewellery()[pri:0, instance:admin.AuctionController@ae13544]" started-at="2025-03-27T09:30:35 IST" name="test09GetAuctionsUpcomingJewellery" finished-at="2025-03-27T09:30:35 IST" duration-ms="23" status="PASS">
          <reporter-output>
          </reporter-output>
        </test-method> <!-- test09GetAuctionsUpcomingJewellery -->
        <test-method signature="test10GetAuctionsUpcomingDiamond()[pri:0, instance:admin.AuctionController@ae13544]" started-at="2025-03-27T09:30:35 IST" name="test10GetAuctionsUpcomingDiamond" finished-at="2025-03-27T09:30:35 IST" duration-ms="21" status="PASS">
          <reporter-output>
          </reporter-output>
        </test-method> <!-- test10GetAuctionsUpcomingDiamond -->
        <test-method signature="test11GetAuctionsJewellery()[pri:0, instance:admin.AuctionController@ae13544]" started-at="2025-03-27T09:30:35 IST" name="test11GetAuctionsJewellery" finished-at="2025-03-27T09:30:35 IST" duration-ms="18" status="PASS">
          <reporter-output>
          </reporter-output>
        </test-method> <!-- test11GetAuctionsJewellery -->
        <test-method signature="test12GetAuctionsInactive()[pri:0, instance:admin.AuctionController@ae13544]" started-at="2025-03-27T09:30:35 IST" name="test12GetAuctionsInactive" finished-at="2025-03-27T09:30:35 IST" duration-ms="20" status="PASS">
          <reporter-output>
          </reporter-output>
        </test-method> <!-- test12GetAuctionsInactive -->
        <test-method signature="test13GetAuctionsFinishedJewellery()[pri:0, instance:admin.AuctionController@ae13544]" started-at="2025-03-27T09:30:35 IST" name="test13GetAuctionsFinishedJewellery" finished-at="2025-03-27T09:30:35 IST" duration-ms="16" status="PASS">
          <reporter-output>
          </reporter-output>
        </test-method> <!-- test13GetAuctionsFinishedJewellery -->
        <test-method signature="test14GetSAuctionFinishedDiamond()[pri:0, instance:admin.AuctionController@ae13544]" started-at="2025-03-27T09:30:35 IST" name="test14GetSAuctionFinishedDiamond" finished-at="2025-03-27T09:30:35 IST" duration-ms="21" status="PASS">
          <reporter-output>
          </reporter-output>
        </test-method> <!-- test14GetSAuctionFinishedDiamond -->
        <test-method signature="test15GetAuctionsFinishedAndEndDiamond()[pri:0, instance:admin.AuctionController@ae13544]" started-at="2025-03-27T09:30:35 IST" name="test15GetAuctionsFinishedAndEndDiamond" finished-at="2025-03-27T09:30:35 IST" duration-ms="22" status="PASS">
          <reporter-output>
          </reporter-output>
        </test-method> <!-- test15GetAuctionsFinishedAndEndDiamond -->
        <test-method signature="test16GetAuctionsEvents()[pri:0, instance:admin.AuctionController@ae13544]" started-at="2025-03-27T09:30:35 IST" name="test16GetAuctionsEvents" finished-at="2025-03-27T09:30:35 IST" duration-ms="22" status="PASS">
          <reporter-output>
          </reporter-output>
        </test-method> <!-- test16GetAuctionsEvents -->
        <test-method signature="test17GetAuctionsDiamond()[pri:0, instance:admin.AuctionController@ae13544]" started-at="2025-03-27T09:30:35 IST" name="test17GetAuctionsDiamond" finished-at="2025-03-27T09:30:35 IST" duration-ms="18" status="PASS">
          <reporter-output>
          </reporter-output>
        </test-method> <!-- test17GetAuctionsDiamond -->
        <test-method signature="test18GetAuctionByActive()[pri:0, instance:admin.AuctionController@ae13544]" started-at="2025-03-27T09:30:35 IST" name="test18GetAuctionByActive" finished-at="2025-03-27T09:30:35 IST" duration-ms="17" status="PASS">
          <reporter-output>
          </reporter-output>
        </test-method> <!-- test18GetAuctionByActive -->
      </class> <!-- admin.AuctionController -->
      <class name="admin.BidderSupplierSummaryController">
        <test-method signature="test02GetDetailedSupplierSummary()[pri:0, instance:admin.BidderSupplierSummaryController@7dc0f706]" started-at="2025-03-27T09:30:35 IST" name="test02GetDetailedSupplierSummary" finished-at="2025-03-27T09:30:35 IST" duration-ms="32" status="PASS">
          <reporter-output>
          </reporter-output>
        </test-method> <!-- test02GetDetailedSupplierSummary -->
        <test-method signature="test03GetDetailedBidderSummary()[pri:0, instance:admin.BidderSupplierSummaryController@7dc0f706]" started-at="2025-03-27T09:30:35 IST" name="test03GetDetailedBidderSummary" finished-at="2025-03-27T09:30:35 IST" duration-ms="34" status="PASS">
          <reporter-output>
          </reporter-output>
        </test-method> <!-- test03GetDetailedBidderSummary -->
      </class> <!-- admin.BidderSupplierSummaryController -->
      <class name="admin.CompanyController">
        <test-method signature="test01PutCompnayId()[pri:0, instance:admin.CompanyController@4009e306]" started-at="2025-03-27T09:30:35 IST" name="test01PutCompnayId" finished-at="2025-03-27T09:30:35 IST" duration-ms="26" status="PASS">
          <reporter-output>
          </reporter-output>
        </test-method> <!-- test01PutCompnayId -->
        <test-method signature="test03PostCompany()[pri:0, instance:admin.CompanyController@4009e306]" started-at="2025-03-27T09:30:35 IST" name="test03PostCompany" finished-at="2025-03-27T09:30:36 IST" duration-ms="32" status="PASS">
          <reporter-output>
          </reporter-output>
        </test-method> <!-- test03PostCompany -->
        <test-method signature="tset02GetCompnay()[pri:0, instance:admin.CompanyController@4009e306]" started-at="2025-03-27T09:30:36 IST" name="tset02GetCompnay" finished-at="2025-03-27T09:30:36 IST" duration-ms="31" status="PASS">
          <reporter-output>
          </reporter-output>
        </test-method> <!-- tset02GetCompnay -->
      </class> <!-- admin.CompanyController -->
      <class name="admin.ShapeController">
        <test-method signature="testcreateSymmetry01()[pri:0, instance:admin.ShapeController@43c1b556]" started-at="2025-03-27T09:30:36 IST" name="testcreateSymmetry01" finished-at="2025-03-27T09:30:36 IST" duration-ms="20" status="PASS">
          <reporter-output>
          </reporter-output>
        </test-method> <!-- testcreateSymmetry01 -->
        <test-method signature="testcreateSymmetry02()[pri:0, instance:admin.ShapeController@43c1b556]" started-at="2025-03-27T09:30:36 IST" name="testcreateSymmetry02" finished-at="2025-03-27T09:30:36 IST" duration-ms="24" status="PASS">
          <reporter-output>
          </reporter-output>
        </test-method> <!-- testcreateSymmetry02 -->
        <test-method signature="testcreateSymmetry03()[pri:0, instance:admin.ShapeController@43c1b556]" started-at="2025-03-27T09:30:36 IST" name="testcreateSymmetry03" finished-at="2025-03-27T09:30:36 IST" duration-ms="8" status="FAIL">
          <exception class="java.io.FileNotFoundException">
            <message>
              <![CDATA[D:\AutomationWork\Projects\TestNGAPITesting-master\src\test\resources\shape_Masters_Excel.xlsx (The system cannot find the file specified)]]>
            </message>
            <full-stacktrace>
              <![CDATA[java.io.FileNotFoundException: D:\AutomationWork\Projects\TestNGAPITesting-master\src\test\resources\shape_Masters_Excel.xlsx (The system cannot find the file specified)
at java.base/java.io.FileInputStream.open0(Native Method)
at java.base/java.io.FileInputStream.open(FileInputStream.java:219)
at java.base/java.io.FileInputStream.<init>(FileInputStream.java:159)
at org.apache.http.entity.mime.content.FileBody.writeTo(FileBody.java:116)
at org.apache.http.entity.mime.AbstractMultipartForm.doWriteTo(AbstractMultipartForm.java:134)
at org.apache.http.entity.mime.AbstractMultipartForm.writeTo(AbstractMultipartForm.java:157)
at org.apache.http.entity.mime.MultipartFormEntity.writeTo(MultipartFormEntity.java:113)
at org.apache.http.HttpEntity$writeTo$4.call(Unknown Source)
at io.restassured.internal.multipart.RestAssuredMultiPartEntity.writeTo(RestAssuredMultiPartEntity.groovy:110)
at org.apache.http.entity.HttpEntityWrapper.writeTo(HttpEntityWrapper.java:96)
at org.apache.http.impl.client.EntityEnclosingRequestWrapper$EntityWrapper.writeTo(EntityEnclosingRequestWrapper.java:110)
at org.apache.http.impl.entity.EntitySerializer.serialize(EntitySerializer.java:118)
at org.apache.http.impl.AbstractHttpClientConnection.sendRequestEntity(AbstractHttpClientConnection.java:274)
at org.apache.http.impl.conn.ManagedClientConnectionImpl.sendRequestEntity(ManagedClientConnectionImpl.java:214)
at org.apache.http.protocol.HttpRequestExecutor.doSendRequest(HttpRequestExecutor.java:238)
at org.apache.http.protocol.HttpRequestExecutor.execute(HttpRequestExecutor.java:123)
at org.apache.http.impl.client.DefaultRequestDirector.tryExecute(DefaultRequestDirector.java:679)
at org.apache.http.impl.client.DefaultRequestDirector.execute(DefaultRequestDirector.java:481)
at org.apache.http.impl.client.AbstractHttpClient.doExecute(AbstractHttpClient.java:835)
at org.apache.http.impl.client.CloseableHttpClient.execute(CloseableHttpClient.java:83)
at io.restassured.internal.RestAssuredHttpBuilder.doRequest(RestAssuredHttpBuilder.java:141)
at io.restassured.internal.http.HTTPBuilder.post(HTTPBuilder.java:349)
at io.restassured.internal.http.HTTPBuilder$post$2.call(Unknown Source)
at io.restassured.internal.RequestSpecificationImpl.sendRequest(RequestSpecificationImpl.groovy:1209)
at io.restassured.internal.RequestSpecificationImpl.this$2$sendRequest(RequestSpecificationImpl.groovy)
at java.base/jdk.internal.reflect.DirectMethodHandleAccessor.invoke(DirectMethodHandleAccessor.java:103)
at java.base/java.lang.reflect.Method.invoke(Method.java:580)
at org.codehaus.groovy.reflection.CachedMethod.invoke(CachedMethod.java:343)
at groovy.lang.MetaMethod.doMethodInvoke(MetaMethod.java:328)
at groovy.lang.MetaClassImpl.doInvokeMethod(MetaClassImpl.java:1333)
at groovy.lang.MetaClassImpl.invokeMethod(MetaClassImpl.java:1088)
at groovy.lang.MetaClassImpl.invokeMethod(MetaClassImpl.java:1007)
at groovy.lang.MetaClassImpl.invokeMethod(MetaClassImpl.java:790)
at io.restassured.internal.RequestSpecificationImpl.invokeMethod(RequestSpecificationImpl.groovy)
at org.codehaus.groovy.runtime.callsite.PogoInterceptableSite.call(PogoInterceptableSite.java:46)
at org.codehaus.groovy.runtime.callsite.AbstractCallSite.call(AbstractCallSite.java:166)
at io.restassured.internal.filter.SendRequestFilter.filter(SendRequestFilter.groovy:30)
at io.restassured.filter.Filter$filter.call(Unknown Source)
at org.codehaus.groovy.runtime.callsite.CallSiteArray.defaultCall(CallSiteArray.java:45)
at io.restassured.filter.Filter$filter$0.call(Unknown Source)
at io.restassured.internal.filter.FilterContextImpl.next(FilterContextImpl.groovy:72)
at io.restassured.filter.time.TimingFilter.filter(TimingFilter.java:56)
at io.restassured.filter.Filter$filter$0.call(Unknown Source)
at org.codehaus.groovy.runtime.callsite.CallSiteArray.defaultCall(CallSiteArray.java:45)
at io.restassured.filter.Filter$filter.call(Unknown Source)
at io.restassured.internal.filter.FilterContextImpl.next(FilterContextImpl.groovy:72)
at io.restassured.filter.FilterContext$next.call(Unknown Source)
at io.restassured.internal.filter.CsrfFilter.filter(CsrfFilter.groovy:70)
at io.restassured.filter.Filter$filter.call(Unknown Source)
at org.codehaus.groovy.runtime.callsite.CallSiteArray.defaultCall(CallSiteArray.java:45)
at io.restassured.filter.Filter$filter.call(Unknown Source)
at io.restassured.internal.filter.FilterContextImpl.next(FilterContextImpl.groovy:72)
at io.restassured.filter.FilterContext$next.call(Unknown Source)
at io.restassured.internal.RequestSpecificationImpl.applyPathParamsAndSendRequest(RequestSpecificationImpl.groovy:1704)
at io.restassured.internal.RequestSpecificationImpl.this$2$applyPathParamsAndSendRequest(RequestSpecificationImpl.groovy)
at java.base/jdk.internal.reflect.DirectMethodHandleAccessor.invoke(DirectMethodHandleAccessor.java:103)
at java.base/java.lang.reflect.Method.invoke(Method.java:580)
at org.codehaus.groovy.reflection.CachedMethod.invoke(CachedMethod.java:343)
at groovy.lang.MetaMethod.doMethodInvoke(MetaMethod.java:328)
at groovy.lang.MetaClassImpl.doInvokeMethod(MetaClassImpl.java:1333)
at groovy.lang.MetaClassImpl.invokeMethod(MetaClassImpl.java:1088)
at groovy.lang.MetaClassImpl.invokeMethod(MetaClassImpl.java:1007)
at groovy.lang.MetaClassImpl.invokeMethod(MetaClassImpl.java:790)
at io.restassured.internal.RequestSpecificationImpl.invokeMethod(RequestSpecificationImpl.groovy)
at org.codehaus.groovy.runtime.callsite.PogoInterceptableSite.call(PogoInterceptableSite.java:46)
at org.codehaus.groovy.runtime.callsite.PogoInterceptableSite.callCurrent(PogoInterceptableSite.java:57)
at org.codehaus.groovy.runtime.callsite.AbstractCallSite.callCurrent(AbstractCallSite.java:203)
at io.restassured.internal.RequestSpecificationImpl.applyPathParamsAndSendRequest(RequestSpecificationImpl.groovy:1710)
at io.restassured.internal.RequestSpecificationImpl.this$2$applyPathParamsAndSendRequest(RequestSpecificationImpl.groovy)
at java.base/jdk.internal.reflect.DirectMethodHandleAccessor.invoke(DirectMethodHandleAccessor.java:103)
at java.base/java.lang.reflect.Method.invoke(Method.java:580)
at org.codehaus.groovy.reflection.CachedMethod.invoke(CachedMethod.java:343)
at groovy.lang.MetaMethod.doMethodInvoke(MetaMethod.java:328)
at groovy.lang.MetaClassImpl.doInvokeMethod(MetaClassImpl.java:1333)
at groovy.lang.MetaClassImpl.invokeMethod(MetaClassImpl.java:1088)
at groovy.lang.MetaClassImpl.invokeMethod(MetaClassImpl.java:1007)
at groovy.lang.MetaClassImpl.invokeMethod(MetaClassImpl.java:790)
at io.restassured.internal.RequestSpecificationImpl.invokeMethod(RequestSpecificationImpl.groovy)
at org.codehaus.groovy.runtime.callsite.PogoInterceptableSite.call(PogoInterceptableSite.java:46)
at org.codehaus.groovy.runtime.callsite.PogoInterceptableSite.callCurrent(PogoInterceptableSite.java:57)
at org.codehaus.groovy.runtime.callsite.AbstractCallSite.callCurrent(AbstractCallSite.java:203)
at io.restassured.internal.RequestSpecificationImpl.post(RequestSpecificationImpl.groovy:176)
at io.restassured.internal.RequestSpecificationImpl.post(RequestSpecificationImpl.groovy)
at admin.ShapeController.testcreateSymmetry03(ShapeController.java:172)
at java.base/jdk.internal.reflect.DirectMethodHandleAccessor.invoke(DirectMethodHandleAccessor.java:103)
at java.base/java.lang.reflect.Method.invoke(Method.java:580)
at org.testng.internal.MethodInvocationHelper.invokeMethod(MethodInvocationHelper.java:133)
at org.testng.internal.TestInvoker.invokeMethod(TestInvoker.java:598)
at org.testng.internal.TestInvoker.invokeTestMethod(TestInvoker.java:173)
at org.testng.internal.MethodRunner.runInSequence(MethodRunner.java:46)
at org.testng.internal.TestInvoker$MethodInvocationAgent.invoke(TestInvoker.java:824)
at org.testng.internal.TestInvoker.invokeTestMethods(TestInvoker.java:146)
at org.testng.internal.TestMethodWorker.invokeTestMethods(TestMethodWorker.java:146)
at org.testng.internal.TestMethodWorker.run(TestMethodWorker.java:128)
at java.base/java.util.ArrayList.forEach(ArrayList.java:1597)
at org.testng.TestRunner.privateRun(TestRunner.java:794)
at org.testng.TestRunner.run(TestRunner.java:596)
at org.testng.SuiteRunner.runTest(SuiteRunner.java:377)
at org.testng.SuiteRunner.runSequentially(SuiteRunner.java:371)
at org.testng.SuiteRunner.privateRun(SuiteRunner.java:332)
at org.testng.SuiteRunner.run(SuiteRunner.java:276)
at org.testng.SuiteRunnerWorker.runSuite(SuiteRunnerWorker.java:53)
at org.testng.SuiteRunnerWorker.run(SuiteRunnerWorker.java:96)
at org.testng.TestNG.runSuitesSequentially(TestNG.java:1212)
at org.testng.TestNG.runSuitesLocally(TestNG.java:1134)
at org.testng.TestNG.runSuites(TestNG.java:1063)
at org.testng.TestNG.run(TestNG.java:1031)
at org.testng.remote.AbstractRemoteTestNG.run(AbstractRemoteTestNG.java:115)
at org.testng.remote.RemoteTestNG.initAndRun(RemoteTestNG.java:293)
at org.testng.remote.RemoteTestNG.main(RemoteTestNG.java:91)
]]>
            </full-stacktrace>
          </exception> <!-- java.io.FileNotFoundException -->
          <reporter-output>
          </reporter-output>
        </test-method> <!-- testcreateSymmetry03 -->
        <test-method signature="testcreateSymmetry04()[pri:0, instance:admin.ShapeController@43c1b556]" started-at="2025-03-27T09:30:36 IST" name="testcreateSymmetry04" finished-at="2025-03-27T09:30:36 IST" duration-ms="228" status="PASS">
          <reporter-output>
          </reporter-output>
        </test-method> <!-- testcreateSymmetry04 -->
      </class> <!-- admin.ShapeController -->
      <class name="admin.LotDiamondBidController">
        <test-method signature="test01LotDiamondNegotiation()[pri:0, instance:admin.LotDiamondBidController@22fcf7ab]" started-at="2025-03-27T09:30:36 IST" name="test01LotDiamondNegotiation" finished-at="2025-03-27T09:30:36 IST" duration-ms="21" status="PASS">
          <reporter-output>
          </reporter-output>
        </test-method> <!-- test01LotDiamondNegotiation -->
        <test-method signature="test02LotDiamondSearch()[pri:0, instance:admin.LotDiamondBidController@22fcf7ab]" started-at="2025-03-27T09:30:36 IST" name="test02LotDiamondSearch" finished-at="2025-03-27T09:30:36 IST" duration-ms="32" status="PASS">
          <reporter-output>
          </reporter-output>
        </test-method> <!-- test02LotDiamondSearch -->
        <test-method signature="test03LotDiamondSearchPage()[pri:0, instance:admin.LotDiamondBidController@22fcf7ab]" started-at="2025-03-27T09:30:36 IST" name="test03LotDiamondSearchPage" finished-at="2025-03-27T09:30:36 IST" duration-ms="36" status="PASS">
          <reporter-output>
          </reporter-output>
        </test-method> <!-- test03LotDiamondSearchPage -->
        <test-method signature="test04LotDiamondRemark()[pri:0, instance:admin.LotDiamondBidController@22fcf7ab]" started-at="2025-03-27T09:30:36 IST" name="test04LotDiamondRemark" finished-at="2025-03-27T09:30:36 IST" duration-ms="60" status="PASS">
          <reporter-output>
          </reporter-output>
        </test-method> <!-- test04LotDiamondRemark -->
        <test-method signature="test05LotDiamondLotId()[pri:0, instance:admin.LotDiamondBidController@22fcf7ab]" started-at="2025-03-27T09:30:36 IST" name="test05LotDiamondLotId" finished-at="2025-03-27T09:30:36 IST" duration-ms="57" status="PASS">
          <reporter-output>
          </reporter-output>
        </test-method> <!-- test05LotDiamondLotId -->
        <test-method signature="test06LotDiamondLiveBids()[pri:0, instance:admin.LotDiamondBidController@22fcf7ab]" started-at="2025-03-27T09:30:36 IST" name="test06LotDiamondLiveBids" finished-at="2025-03-27T09:30:36 IST" duration-ms="19" status="PASS">
          <reporter-output>
          </reporter-output>
        </test-method> <!-- test06LotDiamondLiveBids -->
        <test-method signature="test07LotDiamondFavourites()[pri:0, instance:admin.LotDiamondBidController@22fcf7ab]" started-at="2025-03-27T09:30:36 IST" name="test07LotDiamondFavourites" finished-at="2025-03-27T09:30:36 IST" duration-ms="47" status="PASS">
          <reporter-output>
          </reporter-output>
        </test-method> <!-- test07LotDiamondFavourites -->
        <test-method signature="test08LotDiamondGetWinBids()[pri:0, instance:admin.LotDiamondBidController@22fcf7ab]" started-at="2025-03-27T09:30:36 IST" name="test08LotDiamondGetWinBids" finished-at="2025-03-27T09:30:36 IST" duration-ms="59" status="PASS">
          <reporter-output>
          </reporter-output>
        </test-method> <!-- test08LotDiamondGetWinBids -->
        <test-method signature="test09LotDiamondGetMyStockData()[pri:0, instance:admin.LotDiamondBidController@22fcf7ab]" started-at="2025-03-27T09:30:36 IST" name="test09LotDiamondGetMyStockData" finished-at="2025-03-27T09:30:36 IST" duration-ms="258" status="PASS">
          <reporter-output>
          </reporter-output>
        </test-method> <!-- test09LotDiamondGetMyStockData -->
        <test-method signature="test10GetMyBidStatusData()[pri:0, instance:admin.LotDiamondBidController@22fcf7ab]" started-at="2025-03-27T09:30:36 IST" name="test10GetMyBidStatusData" finished-at="2025-03-27T09:30:36 IST" duration-ms="54" status="PASS">
          <reporter-output>
          </reporter-output>
        </test-method> <!-- test10GetMyBidStatusData -->
        <test-method signature="test11GetMyBids()[pri:0, instance:admin.LotDiamondBidController@22fcf7ab]" started-at="2025-03-27T09:30:36 IST" name="test11GetMyBids" finished-at="2025-03-27T09:30:37 IST" duration-ms="67" status="PASS">
          <reporter-output>
          </reporter-output>
        </test-method> <!-- test11GetMyBids -->
        <test-method signature="test12GetLoseBids()[pri:0, instance:admin.LotDiamondBidController@22fcf7ab]" started-at="2025-03-27T09:30:37 IST" name="test12GetLoseBids" finished-at="2025-03-27T09:30:37 IST" duration-ms="48" status="PASS">
          <reporter-output>
          </reporter-output>
        </test-method> <!-- test12GetLoseBids -->
      </class> <!-- admin.LotDiamondBidController -->
      <class name="admin.InvoiceListController">
        <test-method signature="test01GetPastInvoiceList()[pri:0, instance:admin.InvoiceListController@2de23121]" started-at="2025-03-27T09:30:37 IST" name="test01GetPastInvoiceList" finished-at="2025-03-27T09:30:37 IST" duration-ms="18" status="PASS">
          <reporter-output>
          </reporter-output>
        </test-method> <!-- test01GetPastInvoiceList -->
        <test-method signature="test02GetInvoiceList()[pri:0, instance:admin.InvoiceListController@2de23121]" started-at="2025-03-27T09:30:37 IST" name="test02GetInvoiceList" finished-at="2025-03-27T09:30:37 IST" duration-ms="20" status="PASS">
          <reporter-output>
          </reporter-output>
        </test-method> <!-- test02GetInvoiceList -->
        <test-method signature="test03GetHoldInvoiceList()[pri:0, instance:admin.InvoiceListController@2de23121]" started-at="2025-03-27T09:30:37 IST" name="test03GetHoldInvoiceList" finished-at="2025-03-27T09:30:37 IST" duration-ms="17" status="PASS">
          <reporter-output>
          </reporter-output>
        </test-method> <!-- test03GetHoldInvoiceList -->
      </class> <!-- admin.InvoiceListController -->
      <class name="admin.ReservationController">
        <test-method signature="Test01PostSlotTransaction()[pri:0, instance:admin.ReservationController@4988d8b8]" started-at="2025-03-27T09:30:37 IST" name="Test01PostSlotTransaction" finished-at="2025-03-27T09:30:37 IST" duration-ms="24" status="PASS">
          <reporter-output>
          </reporter-output>
        </test-method> <!-- Test01PostSlotTransaction -->
        <test-method signature="Test02GetSlots()[pri:0, instance:admin.ReservationController@4988d8b8]" started-at="2025-03-27T09:30:37 IST" name="Test02GetSlots" finished-at="2025-03-27T09:30:37 IST" duration-ms="29" status="FAIL">
          <exception class="java.lang.AssertionError">
            <message>
              <![CDATA[Expected 200 OK, but got: 500 expected [200] but found [500]]]>
            </message>
            <full-stacktrace>
              <![CDATA[java.lang.AssertionError: Expected 200 OK, but got: 500 expected [200] but found [500]
at org.testng.Assert.fail(Assert.java:99)
at org.testng.Assert.failNotEquals(Assert.java:1037)
at org.testng.Assert.assertEqualsImpl(Assert.java:140)
at org.testng.Assert.assertEquals(Assert.java:122)
at org.testng.Assert.assertEquals(Assert.java:907)
at admin.ReservationController.Test02GetSlots(ReservationController.java:142)
at java.base/jdk.internal.reflect.DirectMethodHandleAccessor.invoke(DirectMethodHandleAccessor.java:103)
at java.base/java.lang.reflect.Method.invoke(Method.java:580)
at org.testng.internal.MethodInvocationHelper.invokeMethod(MethodInvocationHelper.java:133)
at org.testng.internal.TestInvoker.invokeMethod(TestInvoker.java:598)
at org.testng.internal.TestInvoker.invokeTestMethod(TestInvoker.java:173)
at org.testng.internal.MethodRunner.runInSequence(MethodRunner.java:46)
at org.testng.internal.TestInvoker$MethodInvocationAgent.invoke(TestInvoker.java:824)
at org.testng.internal.TestInvoker.invokeTestMethods(TestInvoker.java:146)
at org.testng.internal.TestMethodWorker.invokeTestMethods(TestMethodWorker.java:146)
at org.testng.internal.TestMethodWorker.run(TestMethodWorker.java:128)
at java.base/java.util.ArrayList.forEach(ArrayList.java:1597)
at org.testng.TestRunner.privateRun(TestRunner.java:794)
at org.testng.TestRunner.run(TestRunner.java:596)
at org.testng.SuiteRunner.runTest(SuiteRunner.java:377)
at org.testng.SuiteRunner.runSequentially(SuiteRunner.java:371)
at org.testng.SuiteRunner.privateRun(SuiteRunner.java:332)
at org.testng.SuiteRunner.run(SuiteRunner.java:276)
at org.testng.SuiteRunnerWorker.runSuite(SuiteRunnerWorker.java:53)
at org.testng.SuiteRunnerWorker.run(SuiteRunnerWorker.java:96)
at org.testng.TestNG.runSuitesSequentially(TestNG.java:1212)
at org.testng.TestNG.runSuitesLocally(TestNG.java:1134)
at org.testng.TestNG.runSuites(TestNG.java:1063)
at org.testng.TestNG.run(TestNG.java:1031)
at org.testng.remote.AbstractRemoteTestNG.run(AbstractRemoteTestNG.java:115)
at org.testng.remote.RemoteTestNG.initAndRun(RemoteTestNG.java:293)
at org.testng.remote.RemoteTestNG.main(RemoteTestNG.java:91)
]]>
            </full-stacktrace>
          </exception> <!-- java.lang.AssertionError -->
          <reporter-output>
          </reporter-output>
        </test-method> <!-- Test02GetSlots -->
        <test-method signature="Test03PostUpdateSlotTransaction()[pri:0, instance:admin.ReservationController@4988d8b8]" started-at="2025-03-27T09:30:37 IST" name="Test03PostUpdateSlotTransaction" finished-at="2025-03-27T09:30:37 IST" duration-ms="34" status="FAIL">
          <exception class="java.lang.AssertionError">
            <message>
              <![CDATA[Expected 200 OK, but got: 500 expected [200] but found [500]]]>
            </message>
            <full-stacktrace>
              <![CDATA[java.lang.AssertionError: Expected 200 OK, but got: 500 expected [200] but found [500]
at org.testng.Assert.fail(Assert.java:99)
at org.testng.Assert.failNotEquals(Assert.java:1037)
at org.testng.Assert.assertEqualsImpl(Assert.java:140)
at org.testng.Assert.assertEquals(Assert.java:122)
at org.testng.Assert.assertEquals(Assert.java:907)
at admin.ReservationController.Test03PostUpdateSlotTransaction(ReservationController.java:235)
at java.base/jdk.internal.reflect.DirectMethodHandleAccessor.invoke(DirectMethodHandleAccessor.java:103)
at java.base/java.lang.reflect.Method.invoke(Method.java:580)
at org.testng.internal.MethodInvocationHelper.invokeMethod(MethodInvocationHelper.java:133)
at org.testng.internal.TestInvoker.invokeMethod(TestInvoker.java:598)
at org.testng.internal.TestInvoker.invokeTestMethod(TestInvoker.java:173)
at org.testng.internal.MethodRunner.runInSequence(MethodRunner.java:46)
at org.testng.internal.TestInvoker$MethodInvocationAgent.invoke(TestInvoker.java:824)
at org.testng.internal.TestInvoker.invokeTestMethods(TestInvoker.java:146)
at org.testng.internal.TestMethodWorker.invokeTestMethods(TestMethodWorker.java:146)
at org.testng.internal.TestMethodWorker.run(TestMethodWorker.java:128)
at java.base/java.util.ArrayList.forEach(ArrayList.java:1597)
at org.testng.TestRunner.privateRun(TestRunner.java:794)
at org.testng.TestRunner.run(TestRunner.java:596)
at org.testng.SuiteRunner.runTest(SuiteRunner.java:377)
at org.testng.SuiteRunner.runSequentially(SuiteRunner.java:371)
at org.testng.SuiteRunner.privateRun(SuiteRunner.java:332)
at org.testng.SuiteRunner.run(SuiteRunner.java:276)
at org.testng.SuiteRunnerWorker.runSuite(SuiteRunnerWorker.java:53)
at org.testng.SuiteRunnerWorker.run(SuiteRunnerWorker.java:96)
at org.testng.TestNG.runSuitesSequentially(TestNG.java:1212)
at org.testng.TestNG.runSuitesLocally(TestNG.java:1134)
at org.testng.TestNG.runSuites(TestNG.java:1063)
at org.testng.TestNG.run(TestNG.java:1031)
at org.testng.remote.AbstractRemoteTestNG.run(AbstractRemoteTestNG.java:115)
at org.testng.remote.RemoteTestNG.initAndRun(RemoteTestNG.java:293)
at org.testng.remote.RemoteTestNG.main(RemoteTestNG.java:91)
]]>
            </full-stacktrace>
          </exception> <!-- java.lang.AssertionError -->
          <reporter-output>
          </reporter-output>
        </test-method> <!-- Test03PostUpdateSlotTransaction -->
        <test-method signature="Test04GetSlotTransactionsSlotDate()[pri:0, instance:admin.ReservationController@4988d8b8]" started-at="2025-03-27T09:30:37 IST" name="Test04GetSlotTransactionsSlotDate" finished-at="2025-03-27T09:30:37 IST" duration-ms="23" status="PASS">
          <reporter-output>
          </reporter-output>
        </test-method> <!-- Test04GetSlotTransactionsSlotDate -->
        <test-method signature="Test05GetMasterReservation()[pri:0, instance:admin.ReservationController@4988d8b8]" started-at="2025-03-27T09:30:37 IST" name="Test05GetMasterReservation" finished-at="2025-03-27T09:30:37 IST" duration-ms="20" status="PASS">
          <reporter-output>
          </reporter-output>
        </test-method> <!-- Test05GetMasterReservation -->
      </class> <!-- admin.ReservationController -->
      <class name="admin.LotController">
        <test-method signature="test01LotidAmount()[pri:0, instance:admin.LotController@63475ace]" started-at="2025-03-27T09:30:37 IST" name="test01LotidAmount" finished-at="2025-03-27T09:30:37 IST" duration-ms="30" status="PASS">
          <reporter-output>
          </reporter-output>
        </test-method> <!-- test01LotidAmount -->
        <test-method signature="test07BiddersPdf()[pri:0, instance:admin.LotController@63475ace]" started-at="2025-03-27T09:30:37 IST" name="test07BiddersPdf" finished-at="2025-03-27T09:30:37 IST" duration-ms="77" status="FAIL">
          <exception class="java.lang.AssertionError">
            <message>
              <![CDATA[Internal Server Error occurred.]]>
            </message>
            <full-stacktrace>
              <![CDATA[java.lang.AssertionError: Internal Server Error occurred.
at org.testng.Assert.fail(Assert.java:99)
at admin.LotController.test07BiddersPdf(LotController.java:178)
at java.base/jdk.internal.reflect.DirectMethodHandleAccessor.invoke(DirectMethodHandleAccessor.java:103)
at java.base/java.lang.reflect.Method.invoke(Method.java:580)
at org.testng.internal.MethodInvocationHelper.invokeMethod(MethodInvocationHelper.java:133)
at org.testng.internal.TestInvoker.invokeMethod(TestInvoker.java:598)
at org.testng.internal.TestInvoker.invokeTestMethod(TestInvoker.java:173)
at org.testng.internal.MethodRunner.runInSequence(MethodRunner.java:46)
at org.testng.internal.TestInvoker$MethodInvocationAgent.invoke(TestInvoker.java:824)
at org.testng.internal.TestInvoker.invokeTestMethods(TestInvoker.java:146)
at org.testng.internal.TestMethodWorker.invokeTestMethods(TestMethodWorker.java:146)
at org.testng.internal.TestMethodWorker.run(TestMethodWorker.java:128)
at java.base/java.util.ArrayList.forEach(ArrayList.java:1597)
at org.testng.TestRunner.privateRun(TestRunner.java:794)
at org.testng.TestRunner.run(TestRunner.java:596)
at org.testng.SuiteRunner.runTest(SuiteRunner.java:377)
at org.testng.SuiteRunner.runSequentially(SuiteRunner.java:371)
at org.testng.SuiteRunner.privateRun(SuiteRunner.java:332)
at org.testng.SuiteRunner.run(SuiteRunner.java:276)
at org.testng.SuiteRunnerWorker.runSuite(SuiteRunnerWorker.java:53)
at org.testng.SuiteRunnerWorker.run(SuiteRunnerWorker.java:96)
at org.testng.TestNG.runSuitesSequentially(TestNG.java:1212)
at org.testng.TestNG.runSuitesLocally(TestNG.java:1134)
at org.testng.TestNG.runSuites(TestNG.java:1063)
at org.testng.TestNG.run(TestNG.java:1031)
at org.testng.remote.AbstractRemoteTestNG.run(AbstractRemoteTestNG.java:115)
at org.testng.remote.RemoteTestNG.initAndRun(RemoteTestNG.java:293)
at org.testng.remote.RemoteTestNG.main(RemoteTestNG.java:91)
]]>
            </full-stacktrace>
          </exception> <!-- java.lang.AssertionError -->
          <reporter-output>
          </reporter-output>
        </test-method> <!-- test07BiddersPdf -->
      </class> <!-- admin.LotController -->
      <class name="admin.CutController">
        <test-method signature="test01PutCutId()[pri:0, instance:admin.CutController@c0c2f8d]" started-at="2025-03-27T09:30:37 IST" name="test01PutCutId" finished-at="2025-03-27T09:30:37 IST" duration-ms="23" status="PASS">
          <reporter-output>
          </reporter-output>
        </test-method> <!-- test01PutCutId -->
        <test-method signature="test02PostCut()[pri:0, instance:admin.CutController@c0c2f8d]" started-at="2025-03-27T09:30:37 IST" name="test02PostCut" finished-at="2025-03-27T09:30:37 IST" duration-ms="24" status="PASS">
          <reporter-output>
          </reporter-output>
        </test-method> <!-- test02PostCut -->
        <test-method signature="test03PostCutExcel()[pri:0, instance:admin.CutController@c0c2f8d]" started-at="2025-03-27T09:30:37 IST" name="test03PostCutExcel" finished-at="2025-03-27T09:30:37 IST" duration-ms="98" status="FAIL">
          <exception class="java.lang.AssertionError">
            <message>
              <![CDATA[Expected 200 OK or 201 Created, but got: 417 expected [true] but found [false]]]>
            </message>
            <full-stacktrace>
              <![CDATA[java.lang.AssertionError: Expected 200 OK or 201 Created, but got: 417 expected [true] but found [false]
at org.testng.Assert.fail(Assert.java:99)
at org.testng.Assert.failNotEquals(Assert.java:1037)
at org.testng.Assert.assertTrue(Assert.java:45)
at admin.CutController.test03PostCutExcel(CutController.java:215)
at java.base/jdk.internal.reflect.DirectMethodHandleAccessor.invoke(DirectMethodHandleAccessor.java:103)
at java.base/java.lang.reflect.Method.invoke(Method.java:580)
at org.testng.internal.MethodInvocationHelper.invokeMethod(MethodInvocationHelper.java:133)
at org.testng.internal.TestInvoker.invokeMethod(TestInvoker.java:598)
at org.testng.internal.TestInvoker.invokeTestMethod(TestInvoker.java:173)
at org.testng.internal.MethodRunner.runInSequence(MethodRunner.java:46)
at org.testng.internal.TestInvoker$MethodInvocationAgent.invoke(TestInvoker.java:824)
at org.testng.internal.TestInvoker.invokeTestMethods(TestInvoker.java:146)
at org.testng.internal.TestMethodWorker.invokeTestMethods(TestMethodWorker.java:146)
at org.testng.internal.TestMethodWorker.run(TestMethodWorker.java:128)
at java.base/java.util.ArrayList.forEach(ArrayList.java:1597)
at org.testng.TestRunner.privateRun(TestRunner.java:794)
at org.testng.TestRunner.run(TestRunner.java:596)
at org.testng.SuiteRunner.runTest(SuiteRunner.java:377)
at org.testng.SuiteRunner.runSequentially(SuiteRunner.java:371)
at org.testng.SuiteRunner.privateRun(SuiteRunner.java:332)
at org.testng.SuiteRunner.run(SuiteRunner.java:276)
at org.testng.SuiteRunnerWorker.runSuite(SuiteRunnerWorker.java:53)
at org.testng.SuiteRunnerWorker.run(SuiteRunnerWorker.java:96)
at org.testng.TestNG.runSuitesSequentially(TestNG.java:1212)
at org.testng.TestNG.runSuitesLocally(TestNG.java:1134)
at org.testng.TestNG.runSuites(TestNG.java:1063)
at org.testng.TestNG.run(TestNG.java:1031)
at org.testng.remote.AbstractRemoteTestNG.run(AbstractRemoteTestNG.java:115)
at org.testng.remote.RemoteTestNG.initAndRun(RemoteTestNG.java:293)
at org.testng.remote.RemoteTestNG.main(RemoteTestNG.java:91)
]]>
            </full-stacktrace>
          </exception> <!-- java.lang.AssertionError -->
          <reporter-output>
          </reporter-output>
        </test-method> <!-- test03PostCutExcel -->
        <test-method signature="test04GetCuts()[pri:0, instance:admin.CutController@c0c2f8d]" started-at="2025-03-27T09:30:37 IST" name="test04GetCuts" finished-at="2025-03-27T09:30:37 IST" duration-ms="316" status="PASS">
          <reporter-output>
          </reporter-output>
        </test-method> <!-- test04GetCuts -->
      </class> <!-- admin.CutController -->
    </test> <!-- Default test -->
  </suite> <!-- Default suite -->
</testng-results>
