<?xml version="1.0" encoding="UTF-8"?>
<!-- Generated by org.testng.reporters.JUnitXMLReporter -->
<testsuite ignored="91" hostname="DESKTOP-8D7P8N9" failures="29" tests="136" name="admin" time="15.7" errors="0" timestamp="2025-04-18T09:19:42 IST">
  <testcase classname="admin.AutoBiddingController" name="Test02PutAutoBidExcel" time="0.17">
    <failure type="java.io.FileNotFoundException" message="C:\TestNG_Framework\Projects\TestNGAPITesting-master\src\test\resources\AutoBid_Excel_Upload.xlsx (The system cannot find the file specified)">
      <![CDATA[java.io.FileNotFoundException: C:\TestNG_Framework\Projects\TestNGAPITesting-master\src\test\resources\AutoBid_Excel_Upload.xlsx (The system cannot find the file specified)
at java.base/java.io.FileInputStream.open0(Native Method)
at java.base/java.io.FileInputStream.open(FileInputStream.java:213)
at java.base/java.io.FileInputStream.<init>(FileInputStream.java:152)
at org.apache.http.entity.mime.content.FileBody.writeTo(FileBody.java:116)
at org.apache.http.entity.mime.AbstractMultipartForm.doWriteTo(AbstractMultipartForm.java:134)
at org.apache.http.entity.mime.AbstractMultipartForm.writeTo(AbstractMultipartForm.java:157)
at org.apache.http.entity.mime.MultipartFormEntity.writeTo(MultipartFormEntity.java:113)
at org.apache.http.HttpEntity$writeTo$4.call(Unknown Source)
at io.restassured.internal.multipart.RestAssuredMultiPartEntity.writeTo(RestAssuredMultiPartEntity.groovy:110)
at org.apache.http.entity.HttpEntityWrapper.writeTo(HttpEntityWrapper.java:96)
at org.apache.http.impl.client.EntityEnclosingRequestWrapper$EntityWrapper.writeTo(EntityEnclosingRequestWrapper.java:110)
at org.apache.http.impl.entity.EntitySerializer.serialize(EntitySerializer.java:118)
at org.apache.http.impl.AbstractHttpClientConnection.sendRequestEntity(AbstractHttpClientConnection.java:274)
at org.apache.http.impl.conn.ManagedClientConnectionImpl.sendRequestEntity(ManagedClientConnectionImpl.java:214)
at org.apache.http.protocol.HttpRequestExecutor.doSendRequest(HttpRequestExecutor.java:238)
at org.apache.http.protocol.HttpRequestExecutor.execute(HttpRequestExecutor.java:123)
at org.apache.http.impl.client.DefaultRequestDirector.tryExecute(DefaultRequestDirector.java:679)
at org.apache.http.impl.client.DefaultRequestDirector.execute(DefaultRequestDirector.java:481)
at org.apache.http.impl.client.AbstractHttpClient.doExecute(AbstractHttpClient.java:835)
at org.apache.http.impl.client.CloseableHttpClient.execute(CloseableHttpClient.java:83)
at io.restassured.internal.RestAssuredHttpBuilder.doRequest(RestAssuredHttpBuilder.java:141)
at io.restassured.internal.http.HTTPBuilder.post(HTTPBuilder.java:349)
at io.restassured.internal.http.HTTPBuilder$post$2.call(Unknown Source)
at io.restassured.internal.RequestSpecificationImpl.sendRequest(RequestSpecificationImpl.groovy:1209)
at io.restassured.internal.RequestSpecificationImpl.this$2$sendRequest(RequestSpecificationImpl.groovy)
at groovy.lang.MetaMethod.doMethodInvoke(MetaMethod.java:328)
at groovy.lang.MetaClassImpl.doInvokeMethod(MetaClassImpl.java:1333)
at groovy.lang.MetaClassImpl.invokeMethod(MetaClassImpl.java:1088)
at groovy.lang.MetaClassImpl.invokeMethod(MetaClassImpl.java:1007)
at groovy.lang.MetaClassImpl.invokeMethod(MetaClassImpl.java:790)
at io.restassured.internal.RequestSpecificationImpl.invokeMethod(RequestSpecificationImpl.groovy)
at org.codehaus.groovy.runtime.callsite.PogoInterceptableSite.call(PogoInterceptableSite.java:46)
at org.codehaus.groovy.runtime.callsite.AbstractCallSite.call(AbstractCallSite.java:166)
at io.restassured.internal.filter.SendRequestFilter.filter(SendRequestFilter.groovy:30)
at io.restassured.filter.Filter$filter.call(Unknown Source)
at org.codehaus.groovy.runtime.callsite.CallSiteArray.defaultCall(CallSiteArray.java:45)
at io.restassured.filter.Filter$filter$0.call(Unknown Source)
at io.restassured.internal.filter.FilterContextImpl.next(FilterContextImpl.groovy:72)
at io.restassured.filter.time.TimingFilter.filter(TimingFilter.java:56)
at io.restassured.filter.Filter$filter$0.call(Unknown Source)
at org.codehaus.groovy.runtime.callsite.CallSiteArray.defaultCall(CallSiteArray.java:45)
at io.restassured.filter.Filter$filter.call(Unknown Source)
at io.restassured.internal.filter.FilterContextImpl.next(FilterContextImpl.groovy:72)
at io.restassured.filter.FilterContext$next.call(Unknown Source)
at io.restassured.internal.filter.CsrfFilter.filter(CsrfFilter.groovy:70)
at io.restassured.filter.Filter$filter.call(Unknown Source)
at org.codehaus.groovy.runtime.callsite.CallSiteArray.defaultCall(CallSiteArray.java:45)
at io.restassured.filter.Filter$filter.call(Unknown Source)
at io.restassured.internal.filter.FilterContextImpl.next(FilterContextImpl.groovy:72)
at io.restassured.filter.FilterContext$next.call(Unknown Source)
at io.restassured.internal.RequestSpecificationImpl.applyPathParamsAndSendRequest(RequestSpecificationImpl.groovy:1704)
at io.restassured.internal.RequestSpecificationImpl.this$2$applyPathParamsAndSendRequest(RequestSpecificationImpl.groovy)
at groovy.lang.MetaMethod.doMethodInvoke(MetaMethod.java:328)
at groovy.lang.MetaClassImpl.doInvokeMethod(MetaClassImpl.java:1333)
at groovy.lang.MetaClassImpl.invokeMethod(MetaClassImpl.java:1088)
at groovy.lang.MetaClassImpl.invokeMethod(MetaClassImpl.java:1007)
at groovy.lang.MetaClassImpl.invokeMethod(MetaClassImpl.java:790)
at io.restassured.internal.RequestSpecificationImpl.invokeMethod(RequestSpecificationImpl.groovy)
at org.codehaus.groovy.runtime.callsite.PogoInterceptableSite.call(PogoInterceptableSite.java:46)
at org.codehaus.groovy.runtime.callsite.PogoInterceptableSite.callCurrent(PogoInterceptableSite.java:57)
at org.codehaus.groovy.runtime.callsite.AbstractCallSite.callCurrent(AbstractCallSite.java:203)
at io.restassured.internal.RequestSpecificationImpl.applyPathParamsAndSendRequest(RequestSpecificationImpl.groovy:1710)
at io.restassured.internal.RequestSpecificationImpl.this$2$applyPathParamsAndSendRequest(RequestSpecificationImpl.groovy)
at groovy.lang.MetaMethod.doMethodInvoke(MetaMethod.java:328)
at groovy.lang.MetaClassImpl.doInvokeMethod(MetaClassImpl.java:1333)
at groovy.lang.MetaClassImpl.invokeMethod(MetaClassImpl.java:1088)
at groovy.lang.MetaClassImpl.invokeMethod(MetaClassImpl.java:1007)
at groovy.lang.MetaClassImpl.invokeMethod(MetaClassImpl.java:790)
at io.restassured.internal.RequestSpecificationImpl.invokeMethod(RequestSpecificationImpl.groovy)
at org.codehaus.groovy.runtime.callsite.PogoInterceptableSite.call(PogoInterceptableSite.java:46)
at org.codehaus.groovy.runtime.callsite.PogoInterceptableSite.callCurrent(PogoInterceptableSite.java:57)
at org.codehaus.groovy.runtime.callsite.AbstractCallSite.callCurrent(AbstractCallSite.java:203)
at io.restassured.internal.RequestSpecificationImpl.post(RequestSpecificationImpl.groovy:176)
at io.restassured.internal.RequestSpecificationImpl.post(RequestSpecificationImpl.groovy)
at admin.AutoBiddingController.Test02PutAutoBidExcel(AutoBiddingController.java:104)
at java.base/java.util.ArrayList.forEach(ArrayList.java:1596)
... Removed 34 stack frames]]>
    </failure>
  </testcase> <!-- Test02PutAutoBidExcel -->
  <testcase classname="admin.UserController" name="UpdateUserUpload" time="1.514">
    <failure type="java.lang.AssertionError" message="Expected 200 OK or 201 Created, but got: 500 expected [true] but found [false]">
      <![CDATA[java.lang.AssertionError: Expected 200 OK or 201 Created, but got: 500 expected [true] but found [false]
at admin.UserController.UpdateUserUpload(UserController.java:99)
at java.base/java.util.ArrayList.forEach(ArrayList.java:1596)
... Removed 28 stack frames]]>
    </failure>
  </testcase> <!-- UpdateUserUpload -->
  <testcase classname="admin.UserController" name="test01GetUserDetails" time="0.073"/>
  <testcase classname="admin.UserController" name="test08GetSupplierDetailsByAuctionId" time="0.066"/>
  <testcase classname="admin.UserController" name="test09GetAppliedUsersKyc" time="0.05"/>
  <testcase classname="admin.UserController" name="test10GetInactiveUsers" time="0.028"/>
  <testcase classname="admin.AuctionController" name="test01PutAuctionId" time="0.027"/>
  <testcase classname="admin.AuctionController" name="test02DeleteAuctionId" time="0.024"/>
  <testcase classname="admin.AuctionController" name="test03PostAuction" time="0.035"/>
  <testcase classname="admin.AuctionController" name="test04PostAuctionSupplierUpdateEmails" time="0.027"/>
  <testcase classname="admin.AuctionController" name="test05PostAuctionSentEmails" time="0.028"/>
  <testcase classname="admin.AuctionController" name="test06GetAuctions" time="0.744"/>
  <testcase classname="admin.AuctionController" name="test07GetAuctionView" time="0.028"/>
  <testcase classname="admin.AuctionController" name="test08GetAuctionsUpcoming" time="0.039"/>
  <testcase classname="admin.AuctionController" name="test09GetAuctionsUpcomingJewellery" time="0.037"/>
  <testcase classname="admin.AuctionController" name="test10GetAuctionsUpcomingDiamond" time="0.045"/>
  <testcase classname="admin.AuctionController" name="test11GetAuctionsJewellery" time="0.027"/>
  <testcase classname="admin.AuctionController" name="test12GetAuctionsInactive" time="0.025"/>
  <testcase classname="admin.AuctionController" name="test13GetAuctionsFinishedJewellery" time="0.021"/>
  <testcase classname="admin.AuctionController" name="test14GetSAuctionFinishedDiamond" time="0.027"/>
  <testcase classname="admin.AuctionController" name="test15GetAuctionsFinishedAndEndDiamond" time="0.033"/>
  <testcase classname="admin.AuctionController" name="test16GetAuctionsEvents" time="0.029"/>
  <testcase classname="admin.AuctionController" name="test17GetAuctionsDiamond" time="0.032"/>
  <testcase classname="admin.AuctionController" name="test18GetAuctionByActive" time="0.024"/>
  <testcase classname="admin.AuthenticationController" name="test01AuthRegister" time="0.06"/>
  <testcase classname="admin.BidderSupplierSummaryController" name="test02GetDetailedSupplierSummary" time="0.024"/>
  <testcase classname="admin.BidderSupplierSummaryController" name="test03GetDetailedBidderSummary" time="0.024"/>
  <testcase classname="admin.CompanyController" name="test01PutCompnayId" time="0.024"/>
  <testcase classname="admin.CompanyController" name="test03PostCompany" time="0.043"/>
  <testcase classname="admin.CompanyController" name="tset02GetCompnay" time="0.028"/>
  <testcase classname="admin.CountryController" name="test01GetCountryId" time="0.025">
    <failure type="java.lang.AssertionError" message="Expected 200 OK, but got: 500 expected [200] but found [500]">
      <![CDATA[java.lang.AssertionError: Expected 200 OK, but got: 500 expected [200] but found [500]
at admin.CountryController.test01GetCountryId(CountryController.java:71)
at java.base/java.util.ArrayList.forEach(ArrayList.java:1596)
... Removed 31 stack frames]]>
    </failure>
  </testcase> <!-- test01GetCountryId -->
  <testcase classname="admin.CountryController" name="test02PutCountryId" time="0.024"/>
  <testcase classname="admin.CountryController" name="test03PostCountry" time="0.033"/>
  <testcase classname="admin.CountryController" name="test04GetCountries" time="0.054"/>
  <testcase classname="admin.CutController" name="test01PutCutId" time="0.029"/>
  <testcase classname="admin.CutController" name="test02PostCut" time="0.061"/>
  <testcase classname="admin.CutController" name="test03PostCutExcel" time="0.987">
    <failure type="java.lang.AssertionError" message="Expected 200 OK or 201 Created, but got: 417 expected [true] but found [false]">
      <![CDATA[java.lang.AssertionError: Expected 200 OK or 201 Created, but got: 417 expected [true] but found [false]
at admin.CutController.test03PostCutExcel(CutController.java:215)
at java.base/java.util.ArrayList.forEach(ArrayList.java:1596)
... Removed 28 stack frames]]>
    </failure>
  </testcase> <!-- test03PostCutExcel -->
  <testcase classname="admin.CutController" name="test04GetCuts" time="0.038"/>
  <testcase classname="admin.DatabaseBackupController" name="test01PostStart" time="0.025">
    <failure type="java.lang.AssertionError" message="Request failed due to token expiration.">
      <![CDATA[java.lang.AssertionError: Request failed due to token expiration.
at admin.DatabaseBackupController.test01PostStart(DatabaseBackupController.java:47)
at java.base/java.util.ArrayList.forEach(ArrayList.java:1596)
... Removed 26 stack frames]]>
    </failure>
  </testcase> <!-- test01PostStart -->
  <testcase classname="admin.DatabaseBackupController" name="test03GetBackupurl" time="0.018">
    <failure type="java.lang.AssertionError" message="Request failed due to token expiration.">
      <![CDATA[java.lang.AssertionError: Request failed due to token expiration.
at admin.DatabaseBackupController.test03GetBackupurl(DatabaseBackupController.java:152)
at java.base/java.util.ArrayList.forEach(ArrayList.java:1596)
... Removed 26 stack frames]]>
    </failure>
  </testcase> <!-- test03GetBackupurl -->
  <testcase classname="admin.FilterController" name="test01GetFilter" time="0.128"/>
  <testcase classname="admin.FluoresceneController" name="test01PutFluoresceneID" time="0.037"/>
  <testcase classname="admin.FluoresceneController" name="test02PostFluorescene" time="0.036"/>
  <testcase classname="admin.FluoresceneController" name="test04GetFluorescenes" time="0.033"/>
  <testcase classname="admin.FluoresceneController" name="tset03PostFluoresceneExcel" time="0.122">
    <failure type="java.lang.AssertionError" message="Expected 200 OK or 201 Created, but got: 417 expected [true] but found [false]">
      <![CDATA[java.lang.AssertionError: Expected 200 OK or 201 Created, but got: 417 expected [true] but found [false]
at admin.FluoresceneController.tset03PostFluoresceneExcel(FluoresceneController.java:217)
at java.base/java.util.ArrayList.forEach(ArrayList.java:1596)
... Removed 28 stack frames]]>
    </failure>
  </testcase> <!-- tset03PostFluoresceneExcel -->
  <testcase classname="admin.ForgotPasswordController" name="test01AuthResetPassword" time="0.023">
    <failure type="java.lang.AssertionError" message="Expected 200 OK or 201 Created, but got: 400 expected [true] but found [false]">
      <![CDATA[java.lang.AssertionError: Expected 200 OK or 201 Created, but got: 400 expected [true] but found [false]
at admin.ForgotPasswordController.test01AuthResetPassword(ForgotPasswordController.java:75)
at java.base/java.util.ArrayList.forEach(ArrayList.java:1596)
... Removed 28 stack frames]]>
    </failure>
  </testcase> <!-- test01AuthResetPassword -->
  <testcase classname="admin.ForgotPasswordController" name="test02AuthForgotPassword" time="0.025">
    <failure type="java.lang.AssertionError" message="Expected 200 OK or 201 Created, but got: 400 expected [true] but found [false]">
      <![CDATA[java.lang.AssertionError: Expected 200 OK or 201 Created, but got: 400 expected [true] but found [false]
at admin.ForgotPasswordController.test02AuthForgotPassword(ForgotPasswordController.java:129)
at java.base/java.util.ArrayList.forEach(ArrayList.java:1596)
... Removed 28 stack frames]]>
    </failure>
  </testcase> <!-- test02AuthForgotPassword -->
  <testcase classname="admin.InvoiceDetailsController" name="test01UserIdAuctionId" time="0.019"/>
  <testcase classname="admin.InvoiceDetailsController" name="test02InvoiceDetails" time="0.021"/>
  <testcase classname="admin.InvoiceDetailsController" name="test03InvoiceDetailsAllAuctionId" time="0.028"/>
  <testcase classname="admin.InvoiceDetailsController" name="test04InvoiceDetailUserIdAuctionId" time="0.021"/>
  <testcase classname="admin.InvoiceDetailsController" name="test05invoideDetailsAll" time="0.018"/>
  <testcase classname="admin.InvoiceListController" name="test01GetPastInvoiceList" time="0.02"/>
  <testcase classname="admin.InvoiceListController" name="test02GetInvoiceList" time="0.02"/>
  <testcase classname="admin.InvoiceListController" name="test03GetHoldInvoiceList" time="0.021"/>
  <testcase classname="admin.LedgerController" name="test01LedgerLedgerId" time="0.023"/>
  <testcase classname="admin.LedgerController" name="test02Ledger" time="0.038">
    <failure type="java.lang.AssertionError" message="Expected 200 OK or 201 Created, but got: 500 expected [true] but found [false]">
      <![CDATA[java.lang.AssertionError: Expected 200 OK or 201 Created, but got: 500 expected [true] but found [false]
at admin.LedgerController.test02Ledger(LedgerController.java:135)
at java.base/java.util.ArrayList.forEach(ArrayList.java:1596)
... Removed 28 stack frames]]>
    </failure>
  </testcase> <!-- test02Ledger -->
  <testcase classname="admin.LedgerController" name="test03Ledgers" time="0.023"/>
  <testcase classname="admin.LotDiamondBidController" name="test01LotDiamondNegotiation" time="0.029"/>
  <testcase classname="admin.LotDiamondBidController" name="test02LotDiamondSearch" time="0.047"/>
  <testcase classname="admin.LotDiamondBidController" name="test03LotDiamondSearchPage" time="0.04"/>
  <testcase classname="admin.LotDiamondBidController" name="test04LotDiamondRemark" time="0.043"/>
  <testcase classname="admin.LotDiamondBidController" name="test05LotDiamondLotId" time="0.044"/>
  <testcase classname="admin.LotDiamondBidController" name="test06LotDiamondLiveBids" time="0.022"/>
  <testcase classname="admin.LotDiamondBidController" name="test07LotDiamondFavourites" time="0.043"/>
  <testcase classname="admin.LotDiamondBidController" name="test08LotDiamondGetWinBids" time="0.047"/>
  <testcase classname="admin.LotDiamondBidController" name="test09LotDiamondGetMyStockData" time="0.049"/>
  <testcase classname="admin.LotDiamondBidController" name="test10GetMyBidStatusData" time="0.048"/>
  <testcase classname="admin.LotDiamondBidController" name="test11GetMyBids" time="0.05"/>
  <testcase classname="admin.LotDiamondBidController" name="test12GetLoseBids" time="0.048"/>
  <testcase classname="admin.PolishController" name="test01PolishPolishId" time="0.031"/>
  <testcase classname="admin.PolishController" name="test02Polish" time="0.036"/>
  <testcase classname="admin.PolishController" name="test03PolishExcel" time="0.137">
    <failure type="java.lang.AssertionError" message="Expected 200 OK or 201 Created, but got: 417 expected [true] but found [false]">
      <![CDATA[java.lang.AssertionError: Expected 200 OK or 201 Created, but got: 417 expected [true] but found [false]
at admin.PolishController.test03PolishExcel(PolishController.java:222)
at java.base/java.util.ArrayList.forEach(ArrayList.java:1596)
... Removed 28 stack frames]]>
    </failure>
  </testcase> <!-- test03PolishExcel -->
  <testcase classname="admin.PolishController" name="test04Polishes" time="0.024"/>
  <testcase classname="admin.ReservationTransactionController" name="test01PostCreateReservation" time="0.041">
    <failure type="java.lang.AssertionError" message="Expected 200 OK or 201 Created, but got: 500 expected [true] but found [false]">
      <![CDATA[java.lang.AssertionError: Expected 200 OK or 201 Created, but got: 500 expected [true] but found [false]
at admin.ReservationTransactionController.test01PostCreateReservation(ReservationTransactionController.java:79)
at java.base/java.util.ArrayList.forEach(ArrayList.java:1596)
... Removed 28 stack frames]]>
    </failure>
  </testcase> <!-- test01PostCreateReservation -->
  <testcase classname="admin.ReservationTransactionController" name="test03GetReservationAuctionIdUserId" time="0.029"/>
  <testcase classname="admin.ReservationTransactionController" name="test04GetReservationAll" time="0.023"/>
  <testcase classname="admin.SymmetryController" name="test01SymmetryId" time="0.018"/>
  <testcase classname="admin.SymmetryController" name="test02Symmetry" time="0.03"/>
  <testcase classname="admin.SymmetryController" name="test03SymmetryExcel" time="0.021">
    <failure type="java.io.FileNotFoundException" message="C:\TestNG_Framework\Projects\TestNGAPITesting-master\src\test\resources\symmetry_Masters_Excel.xlsx (The system cannot find the file specified)">
      <![CDATA[java.io.FileNotFoundException: C:\TestNG_Framework\Projects\TestNGAPITesting-master\src\test\resources\symmetry_Masters_Excel.xlsx (The system cannot find the file specified)
at java.base/java.io.FileInputStream.open0(Native Method)
at java.base/java.io.FileInputStream.open(FileInputStream.java:213)
at java.base/java.io.FileInputStream.<init>(FileInputStream.java:152)
at org.apache.http.entity.mime.content.FileBody.writeTo(FileBody.java:116)
at org.apache.http.entity.mime.AbstractMultipartForm.doWriteTo(AbstractMultipartForm.java:134)
at org.apache.http.entity.mime.AbstractMultipartForm.writeTo(AbstractMultipartForm.java:157)
at org.apache.http.entity.mime.MultipartFormEntity.writeTo(MultipartFormEntity.java:113)
at org.apache.http.HttpEntity$writeTo$4.call(Unknown Source)
at io.restassured.internal.multipart.RestAssuredMultiPartEntity.writeTo(RestAssuredMultiPartEntity.groovy:110)
at org.apache.http.entity.HttpEntityWrapper.writeTo(HttpEntityWrapper.java:96)
at org.apache.http.impl.client.EntityEnclosingRequestWrapper$EntityWrapper.writeTo(EntityEnclosingRequestWrapper.java:110)
at org.apache.http.impl.entity.EntitySerializer.serialize(EntitySerializer.java:118)
at org.apache.http.impl.AbstractHttpClientConnection.sendRequestEntity(AbstractHttpClientConnection.java:274)
at org.apache.http.impl.conn.ManagedClientConnectionImpl.sendRequestEntity(ManagedClientConnectionImpl.java:214)
at org.apache.http.protocol.HttpRequestExecutor.doSendRequest(HttpRequestExecutor.java:238)
at org.apache.http.protocol.HttpRequestExecutor.execute(HttpRequestExecutor.java:123)
at org.apache.http.impl.client.DefaultRequestDirector.tryExecute(DefaultRequestDirector.java:679)
at org.apache.http.impl.client.DefaultRequestDirector.execute(DefaultRequestDirector.java:481)
at org.apache.http.impl.client.AbstractHttpClient.doExecute(AbstractHttpClient.java:835)
at org.apache.http.impl.client.CloseableHttpClient.execute(CloseableHttpClient.java:83)
at io.restassured.internal.RestAssuredHttpBuilder.doRequest(RestAssuredHttpBuilder.java:141)
at io.restassured.internal.http.HTTPBuilder.post(HTTPBuilder.java:349)
at io.restassured.internal.http.HTTPBuilder$post$2.call(Unknown Source)
at io.restassured.internal.RequestSpecificationImpl.sendRequest(RequestSpecificationImpl.groovy:1209)
at io.restassured.internal.RequestSpecificationImpl.this$2$sendRequest(RequestSpecificationImpl.groovy)
at groovy.lang.MetaMethod.doMethodInvoke(MetaMethod.java:328)
at groovy.lang.MetaClassImpl.doInvokeMethod(MetaClassImpl.java:1333)
at groovy.lang.MetaClassImpl.invokeMethod(MetaClassImpl.java:1088)
at groovy.lang.MetaClassImpl.invokeMethod(MetaClassImpl.java:1007)
at groovy.lang.MetaClassImpl.invokeMethod(MetaClassImpl.java:790)
at io.restassured.internal.RequestSpecificationImpl.invokeMethod(RequestSpecificationImpl.groovy)
at org.codehaus.groovy.runtime.callsite.PogoInterceptableSite.call(PogoInterceptableSite.java:46)
at org.codehaus.groovy.runtime.callsite.AbstractCallSite.call(AbstractCallSite.java:166)
at io.restassured.internal.filter.SendRequestFilter.filter(SendRequestFilter.groovy:30)
at io.restassured.filter.Filter$filter.call(Unknown Source)
at org.codehaus.groovy.runtime.callsite.CallSiteArray.defaultCall(CallSiteArray.java:45)
at io.restassured.filter.Filter$filter$0.call(Unknown Source)
at io.restassured.internal.filter.FilterContextImpl.next(FilterContextImpl.groovy:72)
at io.restassured.filter.time.TimingFilter.filter(TimingFilter.java:56)
at io.restassured.filter.Filter$filter$0.call(Unknown Source)
at org.codehaus.groovy.runtime.callsite.CallSiteArray.defaultCall(CallSiteArray.java:45)
at io.restassured.filter.Filter$filter.call(Unknown Source)
at io.restassured.internal.filter.FilterContextImpl.next(FilterContextImpl.groovy:72)
at io.restassured.filter.FilterContext$next.call(Unknown Source)
at io.restassured.internal.filter.CsrfFilter.filter(CsrfFilter.groovy:70)
at io.restassured.filter.Filter$filter.call(Unknown Source)
at org.codehaus.groovy.runtime.callsite.CallSiteArray.defaultCall(CallSiteArray.java:45)
at io.restassured.filter.Filter$filter.call(Unknown Source)
at io.restassured.internal.filter.FilterContextImpl.next(FilterContextImpl.groovy:72)
at io.restassured.filter.FilterContext$next.call(Unknown Source)
at io.restassured.internal.RequestSpecificationImpl.applyPathParamsAndSendRequest(RequestSpecificationImpl.groovy:1704)
at io.restassured.internal.RequestSpecificationImpl.this$2$applyPathParamsAndSendRequest(RequestSpecificationImpl.groovy)
at groovy.lang.MetaMethod.doMethodInvoke(MetaMethod.java:328)
at groovy.lang.MetaClassImpl.doInvokeMethod(MetaClassImpl.java:1333)
at groovy.lang.MetaClassImpl.invokeMethod(MetaClassImpl.java:1088)
at groovy.lang.MetaClassImpl.invokeMethod(MetaClassImpl.java:1007)
at groovy.lang.MetaClassImpl.invokeMethod(MetaClassImpl.java:790)
at io.restassured.internal.RequestSpecificationImpl.invokeMethod(RequestSpecificationImpl.groovy)
at org.codehaus.groovy.runtime.callsite.PogoInterceptableSite.call(PogoInterceptableSite.java:46)
at org.codehaus.groovy.runtime.callsite.PogoInterceptableSite.callCurrent(PogoInterceptableSite.java:57)
at org.codehaus.groovy.runtime.callsite.AbstractCallSite.callCurrent(AbstractCallSite.java:203)
at io.restassured.internal.RequestSpecificationImpl.applyPathParamsAndSendRequest(RequestSpecificationImpl.groovy:1710)
at io.restassured.internal.RequestSpecificationImpl.this$2$applyPathParamsAndSendRequest(RequestSpecificationImpl.groovy)
at groovy.lang.MetaMethod.doMethodInvoke(MetaMethod.java:328)
at groovy.lang.MetaClassImpl.doInvokeMethod(MetaClassImpl.java:1333)
at groovy.lang.MetaClassImpl.invokeMethod(MetaClassImpl.java:1088)
at groovy.lang.MetaClassImpl.invokeMethod(MetaClassImpl.java:1007)
at groovy.lang.MetaClassImpl.invokeMethod(MetaClassImpl.java:790)
at io.restassured.internal.RequestSpecificationImpl.invokeMethod(RequestSpecificationImpl.groovy)
at org.codehaus.groovy.runtime.callsite.PogoInterceptableSite.call(PogoInterceptableSite.java:46)
at org.codehaus.groovy.runtime.callsite.PogoInterceptableSite.callCurrent(PogoInterceptableSite.java:57)
at org.codehaus.groovy.runtime.callsite.AbstractCallSite.callCurrent(AbstractCallSite.java:203)
at io.restassured.internal.RequestSpecificationImpl.post(RequestSpecificationImpl.groovy:176)
at io.restassured.internal.RequestSpecificationImpl.post(RequestSpecificationImpl.groovy)
at admin.SymmetryController.test03SymmetryExcel(SymmetryController.java:200)
at java.base/java.util.ArrayList.forEach(ArrayList.java:1596)
... Removed 34 stack frames]]>
    </failure>
  </testcase> <!-- test03SymmetryExcel -->
  <testcase classname="admin.SymmetryController" name="test04Symmetries" time="0.049"/>
  <testcase classname="admin.BalanceSheetController" name="Test01BalanceSheet" time="0.045"/>
  <testcase classname="admin.BidController" name="Test01PutBidUpdate" time="0.021">
    <failure type="java.lang.AssertionError" message="Expected 200 OK, but got: 401 expected [true] but found [false]">
      <![CDATA[java.lang.AssertionError: Expected 200 OK, but got: 401 expected [true] but found [false]
at admin.BidController.Test01PutBidUpdate(BidController.java:80)
at java.base/java.util.ArrayList.forEach(ArrayList.java:1596)
... Removed 28 stack frames]]>
    </failure>
  </testcase> <!-- Test01PutBidUpdate -->
  <testcase classname="admin.BidController" name="Test02PutBidUpdateJewellery" time="0.02"/>
  <testcase classname="admin.BidController" name="Test03PostMakeWinners" time="0.027"/>
  <testcase classname="admin.BidController" name="Test04GetBiddersInfo" time="0.026"/>
  <testcase classname="admin.BidController" name="Test11GetAllCounts" time="0.02">
    <failure type="java.lang.AssertionError" message="Request failed due to token expiration.">
      <![CDATA[java.lang.AssertionError: Request failed due to token expiration.
at admin.BidController.Test11GetAllCounts(BidController.java:488)
at java.base/java.util.ArrayList.forEach(ArrayList.java:1596)
... Removed 26 stack frames]]>
    </failure>
  </testcase> <!-- Test11GetAllCounts -->
  <testcase classname="admin.BidController" name="Test12GetBidHistory" time="0.027">
    <failure type="java.lang.AssertionError" message="Expected 200 OK, but got: 404 expected [200] but found [404]">
      <![CDATA[java.lang.AssertionError: Expected 200 OK, but got: 404 expected [200] but found [404]
at admin.BidController.Test12GetBidHistory(BidController.java:569)
at java.base/java.util.ArrayList.forEach(ArrayList.java:1596)
... Removed 31 stack frames]]>
    </failure>
  </testcase> <!-- Test12GetBidHistory -->
  <testcase classname="admin.BidController" name="Test13GetBidDelete" time="0.019">
    <failure type="java.lang.AssertionError" message="Expected 200 OK, 201 Created, or 204 No Content, but got: 401 expected [true] but found [false]">
      <![CDATA[java.lang.AssertionError: Expected 200 OK, 201 Created, or 204 No Content, but got: 401 expected [true] but found [false]
at admin.BidController.Test13GetBidDelete(BidController.java:630)
at java.base/java.util.ArrayList.forEach(ArrayList.java:1596)
... Removed 28 stack frames]]>
    </failure>
  </testcase> <!-- Test13GetBidDelete -->
  <testcase classname="admin.BrandController" name="test01PutBrand" time="0.016"/>
  <testcase classname="admin.BrandController" name="test02GetBrand" time="0.016">
    <failure type="java.lang.AssertionError" message="Expected 200 OK, but got: 500 expected [200] but found [500]">
      <![CDATA[java.lang.AssertionError: Expected 200 OK, but got: 500 expected [200] but found [500]
at admin.BrandController.test02GetBrand(BrandController.java:120)
at java.base/java.util.ArrayList.forEach(ArrayList.java:1596)
... Removed 31 stack frames]]>
    </failure>
  </testcase> <!-- test02GetBrand -->
  <testcase classname="admin.BrandController" name="test03PostBrand" time="0.027"/>
  <testcase classname="admin.BrandController" name="test05GetBrands" time="0.043"/>
  <testcase classname="admin.ClarityController" name="test01PutClarityId" time="0.018"/>
  <testcase classname="admin.ClarityController" name="test02PostClarity" time="0.026"/>
  <testcase classname="admin.ClarityController" name="test03PostClarityExcel" time="0.119"/>
  <testcase classname="admin.ClarityController" name="test04GetClarities" time="0.032"/>
  <testcase classname="admin.ColorController" name="Test01PutColorId" time="0.018"/>
  <testcase classname="admin.ColorController" name="Test02PostColor" time="0.016"/>
  <testcase classname="admin.ColorController" name="Test03PostColorExcel" time="0.099"/>
  <testcase classname="admin.ColorController" name="Test04GetColors" time="0.031"/>
  <testcase classname="admin.ImageController" name="Test01GetTopbarLogo" time="0.472">
    <failure type="java.lang.AssertionError" message="Expected 200 OK, but got: 500 expected [200] but found [500]">
      <![CDATA[java.lang.AssertionError: Expected 200 OK, but got: 500 expected [200] but found [500]
at admin.ImageController.Test01GetTopbarLogo(ImageController.java:65)
at java.base/java.util.ArrayList.forEach(ArrayList.java:1596)
... Removed 31 stack frames]]>
    </failure>
  </testcase> <!-- Test01GetTopbarLogo -->
  <testcase classname="admin.ImageController" name="Test02GetImages" time="0.172">
    <failure type="java.lang.AssertionError" message="Expected 200 OK, but got: 404 expected [200] but found [404]">
      <![CDATA[java.lang.AssertionError: Expected 200 OK, but got: 404 expected [200] but found [404]
at admin.ImageController.Test02GetImages(ImageController.java:120)
at java.base/java.util.ArrayList.forEach(ArrayList.java:1596)
... Removed 31 stack frames]]>
    </failure>
  </testcase> <!-- Test02GetImages -->
  <testcase classname="admin.ImageController" name="Test03GetFetchImages" time="0.176">
    <failure type="java.lang.AssertionError" message="Expected 200 OK, but got: 404 expected [200] but found [404]">
      <![CDATA[java.lang.AssertionError: Expected 200 OK, but got: 404 expected [200] but found [404]
at admin.ImageController.Test03GetFetchImages(ImageController.java:175)
at java.base/java.util.ArrayList.forEach(ArrayList.java:1596)
... Removed 31 stack frames]]>
    </failure>
  </testcase> <!-- Test03GetFetchImages -->
  <testcase classname="admin.ImageController" name="Test04GetBulkBidThumbnailLogo" time="0.182">
    <failure type="java.lang.AssertionError" message="Expected 200 OK, but got: 500 expected [200] but found [500]">
      <![CDATA[java.lang.AssertionError: Expected 200 OK, but got: 500 expected [200] but found [500]
at admin.ImageController.Test04GetBulkBidThumbnailLogo(ImageController.java:229)
at java.base/java.util.ArrayList.forEach(ArrayList.java:1596)
... Removed 31 stack frames]]>
    </failure>
  </testcase> <!-- Test04GetBulkBidThumbnailLogo -->
  <testcase classname="admin.LabController" name="Test01LabLabId" time="0.025"/>
  <testcase classname="admin.LabController" name="Test02Lab" time="0.027"/>
  <testcase classname="admin.LabController" name="Test03LabExcel" time="0.088">
    <failure type="java.lang.AssertionError" message="Expected 200 OK or 201 Created, but got: 417 expected [true] but found [false]">
      <![CDATA[java.lang.AssertionError: Expected 200 OK or 201 Created, but got: 417 expected [true] but found [false]
at admin.LabController.Test03LabExcel(LabController.java:225)
at java.base/java.util.ArrayList.forEach(ArrayList.java:1596)
... Removed 28 stack frames]]>
    </failure>
  </testcase> <!-- Test03LabExcel -->
  <testcase classname="admin.LabController" name="Test04Labs" time="0.026"/>
  <testcase classname="admin.LotController" name="test01LotidAmount" time="0.023"/>
  <testcase classname="admin.LotController" name="test07BiddersPdf" time="0.097">
    <failure type="java.lang.AssertionError" message="Internal Server Error occurred.">
      <![CDATA[java.lang.AssertionError: Internal Server Error occurred.
at admin.LotController.test07BiddersPdf(LotController.java:178)
at java.base/java.util.ArrayList.forEach(ArrayList.java:1596)
... Removed 26 stack frames]]>
    </failure>
  </testcase> <!-- test07BiddersPdf -->
  <testcase classname="admin.LotDiamondController" name="Test01LotActiveAll" time="0.029"/>
  <testcase classname="admin.LotDiamondController" name="Test03LotDiamondAuctionId" time="0.019"/>
  <testcase classname="admin.LotDiamondController" name="Test05LotDiamonds" time="0.03"/>
  <testcase classname="admin.LotDiamondController" name="Test07LotDiamondsAuctionId" time="0.024"/>
  <testcase classname="admin.LotDiamondController" name="Test08LotDIamondssupplierLots" time="0.037"/>
  <testcase classname="admin.LotDiamondController" name="Test09otDiamondsPrevious" time="0.022"/>
  <testcase classname="admin.MailInvoiceLotDiamondController" name="Test01PostSendmails" time="0.021"/>
  <testcase classname="admin.MailInvoiceLotDiamondController" name="Test02PostSendmailEmailIdAuctionID" time="0.02"/>
  <testcase classname="admin.MailInvoiceLotDiamondController" name="Test03PostSendMailsAllLots" time="0.024">
    <failure type="java.lang.AssertionError" message="Expected 200 OK or 201 Created, but got: 409 expected [true] but found [false]">
      <![CDATA[java.lang.AssertionError: Expected 200 OK or 201 Created, but got: 409 expected [true] but found [false]
at admin.MailInvoiceLotDiamondController.Test03PostSendMailsAllLots(MailInvoiceLotDiamondController.java:197)
at java.base/java.util.ArrayList.forEach(ArrayList.java:1596)
... Removed 28 stack frames]]>
    </failure>
  </testcase> <!-- Test03PostSendMailsAllLots -->
  <testcase classname="admin.rapaportController" name="Test01LotDiamondrapPrice" time="0.019"/>
  <testcase classname="admin.rapaportController" name="Test02rapaports" time="6.426"/>
  <testcase classname="admin.RemarkController" name="Test01RemarkCreate" time="0.041"/>
  <testcase classname="admin.RemarkController" name="Test03RemarkDelete" time="0.026"/>
  <testcase classname="admin.ReservationController" name="Test01PostSlotTransaction" time="0.024"/>
  <testcase classname="admin.ReservationController" name="Test02GetSlots" time="0.026">
    <failure type="java.lang.AssertionError" message="Expected 200 OK, but got: 500 expected [200] but found [500]">
      <![CDATA[java.lang.AssertionError: Expected 200 OK, but got: 500 expected [200] but found [500]
at admin.ReservationController.Test02GetSlots(ReservationController.java:142)
at java.base/java.util.ArrayList.forEach(ArrayList.java:1596)
... Removed 31 stack frames]]>
    </failure>
  </testcase> <!-- Test02GetSlots -->
  <testcase classname="admin.ReservationController" name="Test03PostUpdateSlotTransaction" time="0.049">
    <failure type="java.lang.AssertionError" message="Expected 200 OK, but got: 500 expected [200] but found [500]">
      <![CDATA[java.lang.AssertionError: Expected 200 OK, but got: 500 expected [200] but found [500]
at admin.ReservationController.Test03PostUpdateSlotTransaction(ReservationController.java:235)
at java.base/java.util.ArrayList.forEach(ArrayList.java:1596)
... Removed 31 stack frames]]>
    </failure>
  </testcase> <!-- Test03PostUpdateSlotTransaction -->
  <testcase classname="admin.ReservationController" name="Test04GetSlotTransactionsSlotDate" time="0.033"/>
  <testcase classname="admin.ReservationController" name="Test05GetMasterReservation" time="0.027"/>
  <testcase classname="admin.ShapeController" name="testcreateSymmetry01" time="0.02"/>
  <testcase classname="admin.ShapeController" name="testcreateSymmetry02" time="0.03"/>
  <testcase classname="admin.ShapeController" name="testcreateSymmetry03" time="0.015">
    <failure type="java.io.FileNotFoundException" message="C:\TestNG_Framework\Projects\TestNGAPITesting-master\src\test\resources\shape_Masters_Excel.xlsx (The system cannot find the file specified)">
      <![CDATA[java.io.FileNotFoundException: C:\TestNG_Framework\Projects\TestNGAPITesting-master\src\test\resources\shape_Masters_Excel.xlsx (The system cannot find the file specified)
at java.base/java.io.FileInputStream.open0(Native Method)
at java.base/java.io.FileInputStream.open(FileInputStream.java:213)
at java.base/java.io.FileInputStream.<init>(FileInputStream.java:152)
at org.apache.http.entity.mime.content.FileBody.writeTo(FileBody.java:116)
at org.apache.http.entity.mime.AbstractMultipartForm.doWriteTo(AbstractMultipartForm.java:134)
at org.apache.http.entity.mime.AbstractMultipartForm.writeTo(AbstractMultipartForm.java:157)
at org.apache.http.entity.mime.MultipartFormEntity.writeTo(MultipartFormEntity.java:113)
at org.apache.http.HttpEntity$writeTo$4.call(Unknown Source)
at io.restassured.internal.multipart.RestAssuredMultiPartEntity.writeTo(RestAssuredMultiPartEntity.groovy:110)
at org.apache.http.entity.HttpEntityWrapper.writeTo(HttpEntityWrapper.java:96)
at org.apache.http.impl.client.EntityEnclosingRequestWrapper$EntityWrapper.writeTo(EntityEnclosingRequestWrapper.java:110)
at org.apache.http.impl.entity.EntitySerializer.serialize(EntitySerializer.java:118)
at org.apache.http.impl.AbstractHttpClientConnection.sendRequestEntity(AbstractHttpClientConnection.java:274)
at org.apache.http.impl.conn.ManagedClientConnectionImpl.sendRequestEntity(ManagedClientConnectionImpl.java:214)
at org.apache.http.protocol.HttpRequestExecutor.doSendRequest(HttpRequestExecutor.java:238)
at org.apache.http.protocol.HttpRequestExecutor.execute(HttpRequestExecutor.java:123)
at org.apache.http.impl.client.DefaultRequestDirector.tryExecute(DefaultRequestDirector.java:679)
at org.apache.http.impl.client.DefaultRequestDirector.execute(DefaultRequestDirector.java:481)
at org.apache.http.impl.client.AbstractHttpClient.doExecute(AbstractHttpClient.java:835)
at org.apache.http.impl.client.CloseableHttpClient.execute(CloseableHttpClient.java:83)
at io.restassured.internal.RestAssuredHttpBuilder.doRequest(RestAssuredHttpBuilder.java:141)
at io.restassured.internal.http.HTTPBuilder.post(HTTPBuilder.java:349)
at io.restassured.internal.http.HTTPBuilder$post$2.call(Unknown Source)
at io.restassured.internal.RequestSpecificationImpl.sendRequest(RequestSpecificationImpl.groovy:1209)
at io.restassured.internal.RequestSpecificationImpl.this$2$sendRequest(RequestSpecificationImpl.groovy)
at groovy.lang.MetaMethod.doMethodInvoke(MetaMethod.java:328)
at groovy.lang.MetaClassImpl.doInvokeMethod(MetaClassImpl.java:1333)
at groovy.lang.MetaClassImpl.invokeMethod(MetaClassImpl.java:1088)
at groovy.lang.MetaClassImpl.invokeMethod(MetaClassImpl.java:1007)
at groovy.lang.MetaClassImpl.invokeMethod(MetaClassImpl.java:790)
at io.restassured.internal.RequestSpecificationImpl.invokeMethod(RequestSpecificationImpl.groovy)
at org.codehaus.groovy.runtime.callsite.PogoInterceptableSite.call(PogoInterceptableSite.java:46)
at org.codehaus.groovy.runtime.callsite.AbstractCallSite.call(AbstractCallSite.java:166)
at io.restassured.internal.filter.SendRequestFilter.filter(SendRequestFilter.groovy:30)
at io.restassured.filter.Filter$filter.call(Unknown Source)
at org.codehaus.groovy.runtime.callsite.CallSiteArray.defaultCall(CallSiteArray.java:45)
at io.restassured.filter.Filter$filter$0.call(Unknown Source)
at io.restassured.internal.filter.FilterContextImpl.next(FilterContextImpl.groovy:72)
at io.restassured.filter.time.TimingFilter.filter(TimingFilter.java:56)
at io.restassured.filter.Filter$filter$0.call(Unknown Source)
at org.codehaus.groovy.runtime.callsite.CallSiteArray.defaultCall(CallSiteArray.java:45)
at io.restassured.filter.Filter$filter.call(Unknown Source)
at io.restassured.internal.filter.FilterContextImpl.next(FilterContextImpl.groovy:72)
at io.restassured.filter.FilterContext$next.call(Unknown Source)
at io.restassured.internal.filter.CsrfFilter.filter(CsrfFilter.groovy:70)
at io.restassured.filter.Filter$filter.call(Unknown Source)
at org.codehaus.groovy.runtime.callsite.CallSiteArray.defaultCall(CallSiteArray.java:45)
at io.restassured.filter.Filter$filter.call(Unknown Source)
at io.restassured.internal.filter.FilterContextImpl.next(FilterContextImpl.groovy:72)
at io.restassured.filter.FilterContext$next.call(Unknown Source)
at io.restassured.internal.RequestSpecificationImpl.applyPathParamsAndSendRequest(RequestSpecificationImpl.groovy:1704)
at io.restassured.internal.RequestSpecificationImpl.this$2$applyPathParamsAndSendRequest(RequestSpecificationImpl.groovy)
at groovy.lang.MetaMethod.doMethodInvoke(MetaMethod.java:328)
at groovy.lang.MetaClassImpl.doInvokeMethod(MetaClassImpl.java:1333)
at groovy.lang.MetaClassImpl.invokeMethod(MetaClassImpl.java:1088)
at groovy.lang.MetaClassImpl.invokeMethod(MetaClassImpl.java:1007)
at groovy.lang.MetaClassImpl.invokeMethod(MetaClassImpl.java:790)
at io.restassured.internal.RequestSpecificationImpl.invokeMethod(RequestSpecificationImpl.groovy)
at org.codehaus.groovy.runtime.callsite.PogoInterceptableSite.call(PogoInterceptableSite.java:46)
at org.codehaus.groovy.runtime.callsite.PogoInterceptableSite.callCurrent(PogoInterceptableSite.java:57)
at org.codehaus.groovy.runtime.callsite.AbstractCallSite.callCurrent(AbstractCallSite.java:203)
at io.restassured.internal.RequestSpecificationImpl.applyPathParamsAndSendRequest(RequestSpecificationImpl.groovy:1710)
at io.restassured.internal.RequestSpecificationImpl.this$2$applyPathParamsAndSendRequest(RequestSpecificationImpl.groovy)
at groovy.lang.MetaMethod.doMethodInvoke(MetaMethod.java:328)
at groovy.lang.MetaClassImpl.doInvokeMethod(MetaClassImpl.java:1333)
at groovy.lang.MetaClassImpl.invokeMethod(MetaClassImpl.java:1088)
at groovy.lang.MetaClassImpl.invokeMethod(MetaClassImpl.java:1007)
at groovy.lang.MetaClassImpl.invokeMethod(MetaClassImpl.java:790)
at io.restassured.internal.RequestSpecificationImpl.invokeMethod(RequestSpecificationImpl.groovy)
at org.codehaus.groovy.runtime.callsite.PogoInterceptableSite.call(PogoInterceptableSite.java:46)
at org.codehaus.groovy.runtime.callsite.PogoInterceptableSite.callCurrent(PogoInterceptableSite.java:57)
at org.codehaus.groovy.runtime.callsite.AbstractCallSite.callCurrent(AbstractCallSite.java:203)
at io.restassured.internal.RequestSpecificationImpl.post(RequestSpecificationImpl.groovy:176)
at io.restassured.internal.RequestSpecificationImpl.post(RequestSpecificationImpl.groovy)
at admin.ShapeController.testcreateSymmetry03(ShapeController.java:172)
at java.base/java.util.ArrayList.forEach(ArrayList.java:1596)
... Removed 34 stack frames]]>
    </failure>
  </testcase> <!-- testcreateSymmetry03 -->
  <testcase classname="admin.ShapeController" name="testcreateSymmetry04" time="0.054"/>
  <testcase classname="admin.UserControllerMerged" name="Test01GetUserSummary" time="0.028"/>
  <testcase classname="admin.UserControllerMerged" name="Test02GetUserRole" time="0.024">
    <failure type="java.lang.AssertionError" message="Request failed due to token expiration.">
      <![CDATA[java.lang.AssertionError: Request failed due to token expiration.
at admin.UserControllerMerged.Test02GetUserRole(UserControllerMerged.java:96)
at java.base/java.util.ArrayList.forEach(ArrayList.java:1596)
... Removed 26 stack frames]]>
    </failure>
  </testcase> <!-- Test02GetUserRole -->
  <testcase classname="admin.UserControllerMerged" name="Test03GetUserAccountSummary" time="0.031"/>
  <testcase classname="utils.BaseTest" name="@BeforeSuite beforeSuite" time="0.0">
    <ignored/>
  </testcase> <!-- @BeforeSuite beforeSuite -->
  <testcase classname="utils.BaseTest" name="@BeforeSuite beforeSuite" time="0.0">
    <ignored/>
  </testcase> <!-- @BeforeSuite beforeSuite -->
  <testcase classname="utils.BaseTest" name="@AfterSuite afterSuite" time="0.0">
    <ignored/>
  </testcase> <!-- @AfterSuite afterSuite -->
  <testcase classname="utils.BaseTest" name="@AfterSuite afterSuite" time="0.0">
    <ignored/>
  </testcase> <!-- @AfterSuite afterSuite -->
  <testcase classname="utils.BaseTest" name="@BeforeSuite beforeSuite" time="0.0">
    <ignored/>
  </testcase> <!-- @BeforeSuite beforeSuite -->
  <testcase classname="admin.BidderSupplierSummaryController" name="Test04GetBiddersSummary" time="0.0">
    <ignored/>
  </testcase> <!-- Test04GetBiddersSummary -->
  <testcase classname="utils.BaseTest" name="@BeforeSuite beforeSuite" time="0.0">
    <ignored/>
  </testcase> <!-- @BeforeSuite beforeSuite -->
  <testcase classname="utils.BaseTest" name="@BeforeSuite beforeSuite" time="0.0">
    <ignored/>
  </testcase> <!-- @BeforeSuite beforeSuite -->
  <testcase classname="utils.BaseTest" name="@AfterSuite afterSuite" time="0.0">
    <ignored/>
  </testcase> <!-- @AfterSuite afterSuite -->
  <testcase classname="utils.BaseTest" name="@BeforeSuite beforeSuite" time="0.0">
    <ignored/>
  </testcase> <!-- @BeforeSuite beforeSuite -->
  <testcase classname="utils.BaseTest" name="@AfterSuite afterSuite" time="0.0">
    <ignored/>
  </testcase> <!-- @AfterSuite afterSuite -->
  <testcase classname="utils.BaseTest" name="@BeforeSuite beforeSuite" time="0.0">
    <ignored/>
  </testcase> <!-- @BeforeSuite beforeSuite -->
  <testcase classname="utils.BaseTest" name="@AfterSuite afterSuite" time="0.0">
    <ignored/>
  </testcase> <!-- @AfterSuite afterSuite -->
  <testcase classname="utils.BaseTest" name="@BeforeSuite beforeSuite" time="0.0">
    <ignored/>
  </testcase> <!-- @BeforeSuite beforeSuite -->
  <testcase classname="utils.BaseTest" name="@AfterSuite afterSuite" time="0.0">
    <ignored/>
  </testcase> <!-- @AfterSuite afterSuite -->
  <testcase classname="utils.BaseTest" name="@BeforeSuite beforeSuite" time="0.0">
    <ignored/>
  </testcase> <!-- @BeforeSuite beforeSuite -->
  <testcase classname="utils.BaseTest" name="@AfterSuite afterSuite" time="0.0">
    <ignored/>
  </testcase> <!-- @AfterSuite afterSuite -->
  <testcase classname="admin.BidderSupplierSummaryController" name="test01GetSupplierSummary" time="0.0">
    <ignored/>
  </testcase> <!-- test01GetSupplierSummary -->
  <testcase classname="utils.BaseTest" name="@AfterSuite afterSuite" time="0.0">
    <ignored/>
  </testcase> <!-- @AfterSuite afterSuite -->
  <testcase classname="admin.LotDiamondBidController" name="test13GetAllWonBids" time="0.0">
    <ignored/>
  </testcase> <!-- test13GetAllWonBids -->
  <testcase classname="utils.BaseTest" name="@AfterSuite afterSuite" time="0.0">
    <ignored/>
  </testcase> <!-- @AfterSuite afterSuite -->
  <testcase classname="admin.LotController" name="test06DownloadLotExcel" time="0.0">
    <ignored/>
  </testcase> <!-- test06DownloadLotExcel -->
  <testcase classname="utils.BaseTest" name="@AfterSuite afterSuite" time="0.0">
    <ignored/>
  </testcase> <!-- @AfterSuite afterSuite -->
  <testcase classname="utils.BaseTest" name="@AfterSuite afterSuite" time="0.0">
    <ignored/>
  </testcase> <!-- @AfterSuite afterSuite -->
  <testcase classname="utils.BaseTest" name="@AfterSuite afterSuite" time="0.0">
    <ignored/>
  </testcase> <!-- @AfterSuite afterSuite -->
  <testcase classname="utils.BaseTest" name="@BeforeSuite beforeSuite" time="0.0">
    <ignored/>
  </testcase> <!-- @BeforeSuite beforeSuite -->
  <testcase classname="utils.BaseTest" name="@BeforeSuite beforeSuite" time="0.0">
    <ignored/>
  </testcase> <!-- @BeforeSuite beforeSuite -->
  <testcase classname="utils.BaseTest" name="@AfterSuite afterSuite" time="0.0">
    <ignored/>
  </testcase> <!-- @AfterSuite afterSuite -->
  <testcase classname="utils.BaseTest" name="@AfterSuite afterSuite" time="0.0">
    <ignored/>
  </testcase> <!-- @AfterSuite afterSuite -->
  <testcase classname="utils.BaseTest" name="@AfterSuite afterSuite" time="0.0">
    <ignored/>
  </testcase> <!-- @AfterSuite afterSuite -->
  <testcase classname="utils.BaseTest" name="@BeforeSuite beforeSuite" time="0.0">
    <ignored/>
  </testcase> <!-- @BeforeSuite beforeSuite -->
  <testcase classname="utils.BaseTest" name="@BeforeSuite beforeSuite" time="0.0">
    <ignored/>
  </testcase> <!-- @BeforeSuite beforeSuite -->
  <testcase classname="admin.UserController" name="test05UpdateUploadedUsers" time="0.0">
    <ignored/>
  </testcase> <!-- test05UpdateUploadedUsers -->
  <testcase classname="utils.BaseTest" name="@AfterSuite afterSuite" time="0.0">
    <ignored/>
  </testcase> <!-- @AfterSuite afterSuite -->
  <testcase classname="utils.BaseTest" name="@AfterSuite afterSuite" time="0.0">
    <ignored/>
  </testcase> <!-- @AfterSuite afterSuite -->
  <testcase classname="utils.BaseTest" name="@BeforeSuite beforeSuite" time="0.0">
    <ignored/>
  </testcase> <!-- @BeforeSuite beforeSuite -->
  <testcase classname="admin.UserController" name="test07GetKycByUserId" time="0.0">
    <ignored/>
  </testcase> <!-- test07GetKycByUserId -->
  <testcase classname="utils.BaseTest" name="@BeforeSuite beforeSuite" time="0.0">
    <ignored/>
  </testcase> <!-- @BeforeSuite beforeSuite -->
  <testcase classname="utils.BaseTest" name="@AfterSuite afterSuite" time="0.0">
    <ignored/>
  </testcase> <!-- @AfterSuite afterSuite -->
  <testcase classname="utils.BaseTest" name="@AfterSuite afterSuite" time="0.0">
    <ignored/>
  </testcase> <!-- @AfterSuite afterSuite -->
  <testcase classname="utils.BaseTest" name="@BeforeSuite beforeSuite" time="0.0">
    <ignored/>
  </testcase> <!-- @BeforeSuite beforeSuite -->
  <testcase classname="utils.BaseTest" name="@BeforeSuite beforeSuite" time="0.0">
    <ignored/>
  </testcase> <!-- @BeforeSuite beforeSuite -->
  <testcase classname="admin.BidController" name="Test09GetLoseCount" time="0.0">
    <ignored/>
  </testcase> <!-- Test09GetLoseCount -->
  <testcase classname="utils.BaseTest" name="@BeforeSuite beforeSuite" time="0.0">
    <ignored/>
  </testcase> <!-- @BeforeSuite beforeSuite -->
  <testcase classname="admin.RefreshTokencontroller" name="Test01GetAuthRefreshToken" time="0.0">
    <ignored/>
  </testcase> <!-- Test01GetAuthRefreshToken -->
  <testcase classname="utils.BaseTest" name="@BeforeSuite beforeSuite" time="0.0">
    <ignored/>
  </testcase> <!-- @BeforeSuite beforeSuite -->
  <testcase classname="admin.AuthenticationController" name="test02AuthRegisterAll" time="0.0">
    <ignored/>
  </testcase> <!-- test02AuthRegisterAll -->
  <testcase classname="utils.BaseTest" name="@AfterSuite afterSuite" time="0.0">
    <ignored/>
  </testcase> <!-- @AfterSuite afterSuite -->
  <testcase classname="utils.BaseTest" name="@BeforeSuite beforeSuite" time="0.0">
    <ignored/>
  </testcase> <!-- @BeforeSuite beforeSuite -->
  <testcase classname="utils.BaseTest" name="@AfterSuite afterSuite" time="0.0">
    <ignored/>
  </testcase> <!-- @AfterSuite afterSuite -->
  <testcase classname="utils.BaseTest" name="@BeforeSuite beforeSuite" time="0.0">
    <ignored/>
  </testcase> <!-- @BeforeSuite beforeSuite -->
  <testcase classname="utils.BaseTest" name="@AfterSuite afterSuite" time="0.0">
    <ignored/>
  </testcase> <!-- @AfterSuite afterSuite -->
  <testcase classname="admin.AutoBiddingController" name="Test01AutoBidsAuctionId" time="0.0">
    <ignored/>
  </testcase> <!-- Test01AutoBidsAuctionId -->
  <testcase classname="utils.BaseTest" name="@AfterSuite afterSuite" time="0.0">
    <ignored/>
  </testcase> <!-- @AfterSuite afterSuite -->
  <testcase classname="admin.UserController" name="test11GetAllSuppliers" time="0.0">
    <ignored/>
  </testcase> <!-- test11GetAllSuppliers -->
  <testcase classname="utils.BaseTest" name="@BeforeSuite beforeSuite" time="0.0">
    <ignored/>
  </testcase> <!-- @BeforeSuite beforeSuite -->
  <testcase classname="utils.BaseTest" name="@AfterSuite afterSuite" time="0.0">
    <ignored/>
  </testcase> <!-- @AfterSuite afterSuite -->
  <testcase classname="utils.BaseTest" name="@BeforeSuite beforeSuite" time="0.0">
    <ignored/>
  </testcase> <!-- @BeforeSuite beforeSuite -->
  <testcase classname="utils.BaseTest" name="@AfterSuite afterSuite" time="0.0">
    <ignored/>
  </testcase> <!-- @AfterSuite afterSuite -->
  <testcase classname="utils.BaseTest" name="@BeforeSuite beforeSuite" time="0.0">
    <ignored/>
  </testcase> <!-- @BeforeSuite beforeSuite -->
  <testcase classname="utils.BaseTest" name="@AfterSuite afterSuite" time="0.0">
    <ignored/>
  </testcase> <!-- @AfterSuite afterSuite -->
  <testcase classname="utils.BaseTest" name="@BeforeSuite beforeSuite" time="0.0">
    <ignored/>
  </testcase> <!-- @BeforeSuite beforeSuite -->
  <testcase classname="utils.BaseTest" name="@BeforeSuite beforeSuite" time="0.0">
    <ignored/>
  </testcase> <!-- @BeforeSuite beforeSuite -->
  <testcase classname="utils.BaseTest" name="@BeforeSuite beforeSuite" time="0.0">
    <ignored/>
  </testcase> <!-- @BeforeSuite beforeSuite -->
  <testcase classname="utils.BaseTest" name="@BeforeSuite beforeSuite" time="0.0">
    <ignored/>
  </testcase> <!-- @BeforeSuite beforeSuite -->
  <testcase classname="utils.BaseTest" name="@AfterSuite afterSuite" time="0.0">
    <ignored/>
  </testcase> <!-- @AfterSuite afterSuite -->
  <testcase classname="utils.BaseTest" name="@AfterSuite afterSuite" time="0.0">
    <ignored/>
  </testcase> <!-- @AfterSuite afterSuite -->
  <testcase classname="utils.BaseTest" name="@BeforeSuite beforeSuite" time="0.0">
    <ignored/>
  </testcase> <!-- @BeforeSuite beforeSuite -->
  <testcase classname="utils.BaseTest" name="@AfterSuite afterSuite" time="0.0">
    <ignored/>
  </testcase> <!-- @AfterSuite afterSuite -->
  <testcase classname="utils.BaseTest" name="@AfterSuite afterSuite" time="0.0">
    <ignored/>
  </testcase> <!-- @AfterSuite afterSuite -->
  <testcase classname="admin.UserController" name="test06GetUserSupplierDetails" time="0.0">
    <ignored/>
  </testcase> <!-- test06GetUserSupplierDetails -->
  <testcase classname="utils.BaseTest" name="@AfterSuite afterSuite" time="0.0">
    <ignored/>
  </testcase> <!-- @AfterSuite afterSuite -->
  <testcase classname="admin.BrandController" name="test04PostBrandExcel" time="0.0">
    <ignored/>
  </testcase> <!-- test04PostBrandExcel -->
  <testcase classname="utils.BaseTest" name="@BeforeSuite beforeSuite" time="0.0">
    <ignored/>
  </testcase> <!-- @BeforeSuite beforeSuite -->
  <testcase classname="admin.BidController" name="Test06GetBidCount" time="0.0">
    <ignored/>
  </testcase> <!-- Test06GetBidCount -->
  <testcase classname="utils.BaseTest" name="@BeforeSuite beforeSuite" time="0.0">
    <ignored/>
  </testcase> <!-- @BeforeSuite beforeSuite -->
  <testcase classname="utils.BaseTest" name="@AfterSuite afterSuite" time="0.0">
    <ignored/>
  </testcase> <!-- @AfterSuite afterSuite -->
  <testcase classname="admin.RemarkController" name="Test02RemarkCount" time="0.0">
    <ignored/>
  </testcase> <!-- Test02RemarkCount -->
  <testcase classname="utils.BaseTest" name="@AfterSuite afterSuite" time="0.0">
    <ignored/>
  </testcase> <!-- @AfterSuite afterSuite -->
  <testcase classname="utils.BaseTest" name="@BeforeSuite beforeSuite" time="0.0">
    <ignored/>
  </testcase> <!-- @BeforeSuite beforeSuite -->
  <testcase classname="admin.DatabaseBackupController" name="test02GetStatus" time="0.0">
    <ignored/>
  </testcase> <!-- test02GetStatus -->
  <testcase classname="admin.LotDiamondExcelController" name="loginToSystem" time="0.0">
    <ignored/>
  </testcase> <!-- loginToSystem -->
  <testcase classname="utils.BaseTest" name="@AfterSuite afterSuite" time="0.0">
    <ignored/>
  </testcase> <!-- @AfterSuite afterSuite -->
  <testcase classname="admin.BidController" name="Test08GetMyBid" time="0.0">
    <ignored/>
  </testcase> <!-- Test08GetMyBid -->
  <testcase classname="utils.BaseTest" name="@BeforeSuite beforeSuite" time="0.0">
    <ignored/>
  </testcase> <!-- @BeforeSuite beforeSuite -->
  <testcase classname="utils.BaseTest" name="@AfterSuite afterSuite" time="0.0">
    <ignored/>
  </testcase> <!-- @AfterSuite afterSuite -->
  <testcase classname="utils.BaseTest" name="@AfterSuite afterSuite" time="0.0">
    <ignored/>
  </testcase> <!-- @AfterSuite afterSuite -->
  <testcase classname="utils.BaseTest" name="@BeforeSuite beforeSuite" time="0.0">
    <ignored/>
  </testcase> <!-- @BeforeSuite beforeSuite -->
  <testcase classname="utils.BaseTest" name="@BeforeSuite beforeSuite" time="0.0">
    <ignored/>
  </testcase> <!-- @BeforeSuite beforeSuite -->
  <testcase classname="admin.GSBController" name="loginToSystem" time="0.0">
    <ignored/>
  </testcase> <!-- loginToSystem -->
  <testcase classname="utils.BaseTest" name="@BeforeSuite beforeSuite" time="0.0">
    <ignored/>
  </testcase> <!-- @BeforeSuite beforeSuite -->
</testsuite> <!-- admin -->
